ARM GAS  C:\Users\tkam627\AppData\Local\Temp\ccP2WQps.s 			page 1


   1              		.syntax unified
   2              		.cpu cortex-m3
   3              		.fpu softvfp
   4              		.eabi_attribute 20, 1
   5              		.eabi_attribute 21, 1
   6              		.eabi_attribute 23, 3
   7              		.eabi_attribute 24, 1
   8              		.eabi_attribute 25, 1
   9              		.eabi_attribute 26, 1
  10              		.eabi_attribute 30, 1
  11              		.eabi_attribute 34, 1
  12              		.eabi_attribute 18, 4
  13              		.thumb
  14              		.syntax unified
  15              		.file	"isr_rx.c"
  16              		.text
  17              	.Ltext0:
  18              		.cfi_sections	.debug_frame
  19              		.section	.text.isr_rx_Interrupt,"ax",%progbits
  20              		.align	2
  21              		.global	isr_rx_Interrupt
  22              		.thumb
  23              		.thumb_func
  24              		.type	isr_rx_Interrupt, %function
  25              	isr_rx_Interrupt:
  26              	.LFB3:
  27              		.file 1 "Generated_Source\\PSoC5\\isr_rx.c"
   1:Generated_Source\PSoC5/isr_rx.c **** /*******************************************************************************
   2:Generated_Source\PSoC5/isr_rx.c **** * File Name: isr_rx.c  
   3:Generated_Source\PSoC5/isr_rx.c **** * Version 1.71
   4:Generated_Source\PSoC5/isr_rx.c **** *
   5:Generated_Source\PSoC5/isr_rx.c **** *  Description:
   6:Generated_Source\PSoC5/isr_rx.c **** *   API for controlling the state of an interrupt.
   7:Generated_Source\PSoC5/isr_rx.c **** *
   8:Generated_Source\PSoC5/isr_rx.c **** *
   9:Generated_Source\PSoC5/isr_rx.c **** *  Note:
  10:Generated_Source\PSoC5/isr_rx.c **** *
  11:Generated_Source\PSoC5/isr_rx.c **** ********************************************************************************
  12:Generated_Source\PSoC5/isr_rx.c **** * Copyright 2008-2015, Cypress Semiconductor Corporation.  All rights reserved.
  13:Generated_Source\PSoC5/isr_rx.c **** * You may use this file only in accordance with the license, terms, conditions, 
  14:Generated_Source\PSoC5/isr_rx.c **** * disclaimers, and limitations in the end user license agreement accompanying 
  15:Generated_Source\PSoC5/isr_rx.c **** * the software package with which this file was provided.
  16:Generated_Source\PSoC5/isr_rx.c **** *******************************************************************************/
  17:Generated_Source\PSoC5/isr_rx.c **** 
  18:Generated_Source\PSoC5/isr_rx.c **** 
  19:Generated_Source\PSoC5/isr_rx.c **** #include <cydevice_trm.h>
  20:Generated_Source\PSoC5/isr_rx.c **** #include <CyLib.h>
  21:Generated_Source\PSoC5/isr_rx.c **** #include <isr_rx.h>
  22:Generated_Source\PSoC5/isr_rx.c **** #include "cyapicallbacks.h"
  23:Generated_Source\PSoC5/isr_rx.c **** 
  24:Generated_Source\PSoC5/isr_rx.c **** #if !defined(isr_rx__REMOVED) /* Check for removal by optimization */
  25:Generated_Source\PSoC5/isr_rx.c **** 
  26:Generated_Source\PSoC5/isr_rx.c **** /*******************************************************************************
  27:Generated_Source\PSoC5/isr_rx.c **** *  Place your includes, defines and code here 
  28:Generated_Source\PSoC5/isr_rx.c **** ********************************************************************************/
  29:Generated_Source\PSoC5/isr_rx.c **** /* `#START isr_rx_intc` */
  30:Generated_Source\PSoC5/isr_rx.c **** 
ARM GAS  C:\Users\tkam627\AppData\Local\Temp\ccP2WQps.s 			page 2


  31:Generated_Source\PSoC5/isr_rx.c **** /* `#END` */
  32:Generated_Source\PSoC5/isr_rx.c **** 
  33:Generated_Source\PSoC5/isr_rx.c **** #ifndef CYINT_IRQ_BASE
  34:Generated_Source\PSoC5/isr_rx.c **** #define CYINT_IRQ_BASE      16
  35:Generated_Source\PSoC5/isr_rx.c **** #endif /* CYINT_IRQ_BASE */
  36:Generated_Source\PSoC5/isr_rx.c **** #ifndef CYINT_VECT_TABLE
  37:Generated_Source\PSoC5/isr_rx.c **** #define CYINT_VECT_TABLE    ((cyisraddress **) CYREG_NVIC_VECT_OFFSET)
  38:Generated_Source\PSoC5/isr_rx.c **** #endif /* CYINT_VECT_TABLE */
  39:Generated_Source\PSoC5/isr_rx.c **** 
  40:Generated_Source\PSoC5/isr_rx.c **** /* Declared in startup, used to set unused interrupts to. */
  41:Generated_Source\PSoC5/isr_rx.c **** CY_ISR_PROTO(IntDefaultHandler);
  42:Generated_Source\PSoC5/isr_rx.c **** 
  43:Generated_Source\PSoC5/isr_rx.c **** 
  44:Generated_Source\PSoC5/isr_rx.c **** /*******************************************************************************
  45:Generated_Source\PSoC5/isr_rx.c **** * Function Name: isr_rx_Start
  46:Generated_Source\PSoC5/isr_rx.c **** ********************************************************************************
  47:Generated_Source\PSoC5/isr_rx.c **** *
  48:Generated_Source\PSoC5/isr_rx.c **** * Summary:
  49:Generated_Source\PSoC5/isr_rx.c **** *  Set up the interrupt and enable it. This function disables the interrupt, 
  50:Generated_Source\PSoC5/isr_rx.c **** *  sets the default interrupt vector, sets the priority from the value in the
  51:Generated_Source\PSoC5/isr_rx.c **** *  Design Wide Resources Interrupt Editor, then enables the interrupt to the 
  52:Generated_Source\PSoC5/isr_rx.c **** *  interrupt controller.
  53:Generated_Source\PSoC5/isr_rx.c **** *
  54:Generated_Source\PSoC5/isr_rx.c **** * Parameters:  
  55:Generated_Source\PSoC5/isr_rx.c **** *   None
  56:Generated_Source\PSoC5/isr_rx.c **** *
  57:Generated_Source\PSoC5/isr_rx.c **** * Return:
  58:Generated_Source\PSoC5/isr_rx.c **** *   None
  59:Generated_Source\PSoC5/isr_rx.c **** *
  60:Generated_Source\PSoC5/isr_rx.c **** *******************************************************************************/
  61:Generated_Source\PSoC5/isr_rx.c **** void isr_rx_Start(void)
  62:Generated_Source\PSoC5/isr_rx.c **** {
  63:Generated_Source\PSoC5/isr_rx.c ****     /* For all we know the interrupt is active. */
  64:Generated_Source\PSoC5/isr_rx.c ****     isr_rx_Disable();
  65:Generated_Source\PSoC5/isr_rx.c **** 
  66:Generated_Source\PSoC5/isr_rx.c ****     /* Set the ISR to point to the isr_rx Interrupt. */
  67:Generated_Source\PSoC5/isr_rx.c ****     isr_rx_SetVector(&isr_rx_Interrupt);
  68:Generated_Source\PSoC5/isr_rx.c **** 
  69:Generated_Source\PSoC5/isr_rx.c ****     /* Set the priority. */
  70:Generated_Source\PSoC5/isr_rx.c ****     isr_rx_SetPriority((uint8)isr_rx_INTC_PRIOR_NUMBER);
  71:Generated_Source\PSoC5/isr_rx.c **** 
  72:Generated_Source\PSoC5/isr_rx.c ****     /* Enable it. */
  73:Generated_Source\PSoC5/isr_rx.c ****     isr_rx_Enable();
  74:Generated_Source\PSoC5/isr_rx.c **** }
  75:Generated_Source\PSoC5/isr_rx.c **** 
  76:Generated_Source\PSoC5/isr_rx.c **** 
  77:Generated_Source\PSoC5/isr_rx.c **** /*******************************************************************************
  78:Generated_Source\PSoC5/isr_rx.c **** * Function Name: isr_rx_StartEx
  79:Generated_Source\PSoC5/isr_rx.c **** ********************************************************************************
  80:Generated_Source\PSoC5/isr_rx.c **** *
  81:Generated_Source\PSoC5/isr_rx.c **** * Summary:
  82:Generated_Source\PSoC5/isr_rx.c **** *  Sets up the interrupt and enables it. This function disables the interrupt,
  83:Generated_Source\PSoC5/isr_rx.c **** *  sets the interrupt vector based on the address passed in, sets the priority 
  84:Generated_Source\PSoC5/isr_rx.c **** *  from the value in the Design Wide Resources Interrupt Editor, then enables 
  85:Generated_Source\PSoC5/isr_rx.c **** *  the interrupt to the interrupt controller.
  86:Generated_Source\PSoC5/isr_rx.c **** *  
  87:Generated_Source\PSoC5/isr_rx.c **** *  When defining ISR functions, the CY_ISR and CY_ISR_PROTO macros should be 
ARM GAS  C:\Users\tkam627\AppData\Local\Temp\ccP2WQps.s 			page 3


  88:Generated_Source\PSoC5/isr_rx.c **** *  used to provide consistent definition across compilers:
  89:Generated_Source\PSoC5/isr_rx.c **** *  
  90:Generated_Source\PSoC5/isr_rx.c **** *  Function definition example:
  91:Generated_Source\PSoC5/isr_rx.c **** *   CY_ISR(MyISR)
  92:Generated_Source\PSoC5/isr_rx.c **** *   {
  93:Generated_Source\PSoC5/isr_rx.c **** *   }
  94:Generated_Source\PSoC5/isr_rx.c **** *   Function prototype example:
  95:Generated_Source\PSoC5/isr_rx.c **** *   CY_ISR_PROTO(MyISR);
  96:Generated_Source\PSoC5/isr_rx.c **** *
  97:Generated_Source\PSoC5/isr_rx.c **** * Parameters:  
  98:Generated_Source\PSoC5/isr_rx.c **** *   address: Address of the ISR to set in the interrupt vector table.
  99:Generated_Source\PSoC5/isr_rx.c **** *
 100:Generated_Source\PSoC5/isr_rx.c **** * Return:
 101:Generated_Source\PSoC5/isr_rx.c **** *   None
 102:Generated_Source\PSoC5/isr_rx.c **** *
 103:Generated_Source\PSoC5/isr_rx.c **** *******************************************************************************/
 104:Generated_Source\PSoC5/isr_rx.c **** void isr_rx_StartEx(cyisraddress address)
 105:Generated_Source\PSoC5/isr_rx.c **** {
 106:Generated_Source\PSoC5/isr_rx.c ****     /* For all we know the interrupt is active. */
 107:Generated_Source\PSoC5/isr_rx.c ****     isr_rx_Disable();
 108:Generated_Source\PSoC5/isr_rx.c **** 
 109:Generated_Source\PSoC5/isr_rx.c ****     /* Set the ISR to point to the isr_rx Interrupt. */
 110:Generated_Source\PSoC5/isr_rx.c ****     isr_rx_SetVector(address);
 111:Generated_Source\PSoC5/isr_rx.c **** 
 112:Generated_Source\PSoC5/isr_rx.c ****     /* Set the priority. */
 113:Generated_Source\PSoC5/isr_rx.c ****     isr_rx_SetPriority((uint8)isr_rx_INTC_PRIOR_NUMBER);
 114:Generated_Source\PSoC5/isr_rx.c **** 
 115:Generated_Source\PSoC5/isr_rx.c ****     /* Enable it. */
 116:Generated_Source\PSoC5/isr_rx.c ****     isr_rx_Enable();
 117:Generated_Source\PSoC5/isr_rx.c **** }
 118:Generated_Source\PSoC5/isr_rx.c **** 
 119:Generated_Source\PSoC5/isr_rx.c **** 
 120:Generated_Source\PSoC5/isr_rx.c **** /*******************************************************************************
 121:Generated_Source\PSoC5/isr_rx.c **** * Function Name: isr_rx_Stop
 122:Generated_Source\PSoC5/isr_rx.c **** ********************************************************************************
 123:Generated_Source\PSoC5/isr_rx.c **** *
 124:Generated_Source\PSoC5/isr_rx.c **** * Summary:
 125:Generated_Source\PSoC5/isr_rx.c **** *   Disables and removes the interrupt.
 126:Generated_Source\PSoC5/isr_rx.c **** *
 127:Generated_Source\PSoC5/isr_rx.c **** * Parameters:  
 128:Generated_Source\PSoC5/isr_rx.c **** *   None
 129:Generated_Source\PSoC5/isr_rx.c **** *
 130:Generated_Source\PSoC5/isr_rx.c **** * Return:
 131:Generated_Source\PSoC5/isr_rx.c **** *   None
 132:Generated_Source\PSoC5/isr_rx.c **** *
 133:Generated_Source\PSoC5/isr_rx.c **** *******************************************************************************/
 134:Generated_Source\PSoC5/isr_rx.c **** void isr_rx_Stop(void)
 135:Generated_Source\PSoC5/isr_rx.c **** {
 136:Generated_Source\PSoC5/isr_rx.c ****     /* Disable this interrupt. */
 137:Generated_Source\PSoC5/isr_rx.c ****     isr_rx_Disable();
 138:Generated_Source\PSoC5/isr_rx.c **** 
 139:Generated_Source\PSoC5/isr_rx.c ****     /* Set the ISR to point to the passive one. */
 140:Generated_Source\PSoC5/isr_rx.c ****     isr_rx_SetVector(&IntDefaultHandler);
 141:Generated_Source\PSoC5/isr_rx.c **** }
 142:Generated_Source\PSoC5/isr_rx.c **** 
 143:Generated_Source\PSoC5/isr_rx.c **** 
 144:Generated_Source\PSoC5/isr_rx.c **** /*******************************************************************************
ARM GAS  C:\Users\tkam627\AppData\Local\Temp\ccP2WQps.s 			page 4


 145:Generated_Source\PSoC5/isr_rx.c **** * Function Name: isr_rx_Interrupt
 146:Generated_Source\PSoC5/isr_rx.c **** ********************************************************************************
 147:Generated_Source\PSoC5/isr_rx.c **** *
 148:Generated_Source\PSoC5/isr_rx.c **** * Summary:
 149:Generated_Source\PSoC5/isr_rx.c **** *   The default Interrupt Service Routine for isr_rx.
 150:Generated_Source\PSoC5/isr_rx.c **** *
 151:Generated_Source\PSoC5/isr_rx.c **** *   Add custom code between the coments to keep the next version of this file
 152:Generated_Source\PSoC5/isr_rx.c **** *   from over writting your code.
 153:Generated_Source\PSoC5/isr_rx.c **** *
 154:Generated_Source\PSoC5/isr_rx.c **** * Parameters:  
 155:Generated_Source\PSoC5/isr_rx.c **** *
 156:Generated_Source\PSoC5/isr_rx.c **** * Return:
 157:Generated_Source\PSoC5/isr_rx.c **** *   None
 158:Generated_Source\PSoC5/isr_rx.c **** *
 159:Generated_Source\PSoC5/isr_rx.c **** *******************************************************************************/
 160:Generated_Source\PSoC5/isr_rx.c **** CY_ISR(isr_rx_Interrupt)
 161:Generated_Source\PSoC5/isr_rx.c **** {
  28              		.loc 1 161 0
  29              		.cfi_startproc
  30              		@ args = 0, pretend = 0, frame = 0
  31              		@ frame_needed = 0, uses_anonymous_args = 0
  32              		@ link register save eliminated.
  33 0000 7047     		bx	lr
  34              		.cfi_endproc
  35              	.LFE3:
  36              		.size	isr_rx_Interrupt, .-isr_rx_Interrupt
  37 0002 00BF     		.section	.text.isr_rx_SetVector,"ax",%progbits
  38              		.align	2
  39              		.global	isr_rx_SetVector
  40              		.thumb
  41              		.thumb_func
  42              		.type	isr_rx_SetVector, %function
  43              	isr_rx_SetVector:
  44              	.LFB4:
 162:Generated_Source\PSoC5/isr_rx.c ****     #ifdef isr_rx_INTERRUPT_INTERRUPT_CALLBACK
 163:Generated_Source\PSoC5/isr_rx.c ****         isr_rx_Interrupt_InterruptCallback();
 164:Generated_Source\PSoC5/isr_rx.c ****     #endif /* isr_rx_INTERRUPT_INTERRUPT_CALLBACK */ 
 165:Generated_Source\PSoC5/isr_rx.c **** 
 166:Generated_Source\PSoC5/isr_rx.c ****     /*  Place your Interrupt code here. */
 167:Generated_Source\PSoC5/isr_rx.c ****     /* `#START isr_rx_Interrupt` */
 168:Generated_Source\PSoC5/isr_rx.c **** 
 169:Generated_Source\PSoC5/isr_rx.c ****     /* `#END` */
 170:Generated_Source\PSoC5/isr_rx.c **** }
 171:Generated_Source\PSoC5/isr_rx.c **** 
 172:Generated_Source\PSoC5/isr_rx.c **** 
 173:Generated_Source\PSoC5/isr_rx.c **** /*******************************************************************************
 174:Generated_Source\PSoC5/isr_rx.c **** * Function Name: isr_rx_SetVector
 175:Generated_Source\PSoC5/isr_rx.c **** ********************************************************************************
 176:Generated_Source\PSoC5/isr_rx.c **** *
 177:Generated_Source\PSoC5/isr_rx.c **** * Summary:
 178:Generated_Source\PSoC5/isr_rx.c **** *   Change the ISR vector for the Interrupt. Note calling isr_rx_Start
 179:Generated_Source\PSoC5/isr_rx.c **** *   will override any effect this method would have had. To set the vector 
 180:Generated_Source\PSoC5/isr_rx.c **** *   before the component has been started use isr_rx_StartEx instead.
 181:Generated_Source\PSoC5/isr_rx.c **** * 
 182:Generated_Source\PSoC5/isr_rx.c **** *   When defining ISR functions, the CY_ISR and CY_ISR_PROTO macros should be 
 183:Generated_Source\PSoC5/isr_rx.c **** *   used to provide consistent definition across compilers:
 184:Generated_Source\PSoC5/isr_rx.c **** *
ARM GAS  C:\Users\tkam627\AppData\Local\Temp\ccP2WQps.s 			page 5


 185:Generated_Source\PSoC5/isr_rx.c **** *   Function definition example:
 186:Generated_Source\PSoC5/isr_rx.c **** *   CY_ISR(MyISR)
 187:Generated_Source\PSoC5/isr_rx.c **** *   {
 188:Generated_Source\PSoC5/isr_rx.c **** *   }
 189:Generated_Source\PSoC5/isr_rx.c **** *
 190:Generated_Source\PSoC5/isr_rx.c **** *   Function prototype example:
 191:Generated_Source\PSoC5/isr_rx.c **** *     CY_ISR_PROTO(MyISR);
 192:Generated_Source\PSoC5/isr_rx.c **** *
 193:Generated_Source\PSoC5/isr_rx.c **** * Parameters:
 194:Generated_Source\PSoC5/isr_rx.c **** *   address: Address of the ISR to set in the interrupt vector table.
 195:Generated_Source\PSoC5/isr_rx.c **** *
 196:Generated_Source\PSoC5/isr_rx.c **** * Return:
 197:Generated_Source\PSoC5/isr_rx.c **** *   None
 198:Generated_Source\PSoC5/isr_rx.c **** *
 199:Generated_Source\PSoC5/isr_rx.c **** *******************************************************************************/
 200:Generated_Source\PSoC5/isr_rx.c **** void isr_rx_SetVector(cyisraddress address)
 201:Generated_Source\PSoC5/isr_rx.c **** {
  45              		.loc 1 201 0
  46              		.cfi_startproc
  47              		@ args = 0, pretend = 0, frame = 0
  48              		@ frame_needed = 0, uses_anonymous_args = 0
  49              		@ link register save eliminated.
  50              	.LVL0:
 202:Generated_Source\PSoC5/isr_rx.c ****     cyisraddress * ramVectorTable;
 203:Generated_Source\PSoC5/isr_rx.c **** 
 204:Generated_Source\PSoC5/isr_rx.c ****     ramVectorTable = (cyisraddress *) *CYINT_VECT_TABLE;
  51              		.loc 1 204 0
  52 0000 014B     		ldr	r3, .L3
  53 0002 1B68     		ldr	r3, [r3]
  54              	.LVL1:
 205:Generated_Source\PSoC5/isr_rx.c **** 
 206:Generated_Source\PSoC5/isr_rx.c ****     ramVectorTable[CYINT_IRQ_BASE + (uint32)isr_rx__INTC_NUMBER] = address;
  55              		.loc 1 206 0
  56 0004 1864     		str	r0, [r3, #64]
  57 0006 7047     		bx	lr
  58              	.L4:
  59              		.align	2
  60              	.L3:
  61 0008 08ED00E0 		.word	-536810232
  62              		.cfi_endproc
  63              	.LFE4:
  64              		.size	isr_rx_SetVector, .-isr_rx_SetVector
  65              		.section	.text.isr_rx_GetVector,"ax",%progbits
  66              		.align	2
  67              		.global	isr_rx_GetVector
  68              		.thumb
  69              		.thumb_func
  70              		.type	isr_rx_GetVector, %function
  71              	isr_rx_GetVector:
  72              	.LFB5:
 207:Generated_Source\PSoC5/isr_rx.c **** }
 208:Generated_Source\PSoC5/isr_rx.c **** 
 209:Generated_Source\PSoC5/isr_rx.c **** 
 210:Generated_Source\PSoC5/isr_rx.c **** /*******************************************************************************
 211:Generated_Source\PSoC5/isr_rx.c **** * Function Name: isr_rx_GetVector
 212:Generated_Source\PSoC5/isr_rx.c **** ********************************************************************************
 213:Generated_Source\PSoC5/isr_rx.c **** *
ARM GAS  C:\Users\tkam627\AppData\Local\Temp\ccP2WQps.s 			page 6


 214:Generated_Source\PSoC5/isr_rx.c **** * Summary:
 215:Generated_Source\PSoC5/isr_rx.c **** *   Gets the "address" of the current ISR vector for the Interrupt.
 216:Generated_Source\PSoC5/isr_rx.c **** *
 217:Generated_Source\PSoC5/isr_rx.c **** * Parameters:
 218:Generated_Source\PSoC5/isr_rx.c **** *   None
 219:Generated_Source\PSoC5/isr_rx.c **** *
 220:Generated_Source\PSoC5/isr_rx.c **** * Return:
 221:Generated_Source\PSoC5/isr_rx.c **** *   Address of the ISR in the interrupt vector table.
 222:Generated_Source\PSoC5/isr_rx.c **** *
 223:Generated_Source\PSoC5/isr_rx.c **** *******************************************************************************/
 224:Generated_Source\PSoC5/isr_rx.c **** cyisraddress isr_rx_GetVector(void)
 225:Generated_Source\PSoC5/isr_rx.c **** {
  73              		.loc 1 225 0
  74              		.cfi_startproc
  75              		@ args = 0, pretend = 0, frame = 0
  76              		@ frame_needed = 0, uses_anonymous_args = 0
  77              		@ link register save eliminated.
 226:Generated_Source\PSoC5/isr_rx.c ****     cyisraddress * ramVectorTable;
 227:Generated_Source\PSoC5/isr_rx.c **** 
 228:Generated_Source\PSoC5/isr_rx.c ****     ramVectorTable = (cyisraddress *) *CYINT_VECT_TABLE;
  78              		.loc 1 228 0
  79 0000 014B     		ldr	r3, .L6
  80 0002 1B68     		ldr	r3, [r3]
  81              	.LVL2:
 229:Generated_Source\PSoC5/isr_rx.c **** 
 230:Generated_Source\PSoC5/isr_rx.c ****     return ramVectorTable[CYINT_IRQ_BASE + (uint32)isr_rx__INTC_NUMBER];
 231:Generated_Source\PSoC5/isr_rx.c **** }
  82              		.loc 1 231 0
  83 0004 186C     		ldr	r0, [r3, #64]
  84 0006 7047     		bx	lr
  85              	.L7:
  86              		.align	2
  87              	.L6:
  88 0008 08ED00E0 		.word	-536810232
  89              		.cfi_endproc
  90              	.LFE5:
  91              		.size	isr_rx_GetVector, .-isr_rx_GetVector
  92              		.section	.text.isr_rx_SetPriority,"ax",%progbits
  93              		.align	2
  94              		.global	isr_rx_SetPriority
  95              		.thumb
  96              		.thumb_func
  97              		.type	isr_rx_SetPriority, %function
  98              	isr_rx_SetPriority:
  99              	.LFB6:
 232:Generated_Source\PSoC5/isr_rx.c **** 
 233:Generated_Source\PSoC5/isr_rx.c **** 
 234:Generated_Source\PSoC5/isr_rx.c **** /*******************************************************************************
 235:Generated_Source\PSoC5/isr_rx.c **** * Function Name: isr_rx_SetPriority
 236:Generated_Source\PSoC5/isr_rx.c **** ********************************************************************************
 237:Generated_Source\PSoC5/isr_rx.c **** *
 238:Generated_Source\PSoC5/isr_rx.c **** * Summary:
 239:Generated_Source\PSoC5/isr_rx.c **** *   Sets the Priority of the Interrupt. 
 240:Generated_Source\PSoC5/isr_rx.c **** *
 241:Generated_Source\PSoC5/isr_rx.c **** *   Note calling isr_rx_Start or isr_rx_StartEx will 
 242:Generated_Source\PSoC5/isr_rx.c **** *   override any effect this API would have had. This API should only be called
 243:Generated_Source\PSoC5/isr_rx.c **** *   after isr_rx_Start or isr_rx_StartEx has been called. 
ARM GAS  C:\Users\tkam627\AppData\Local\Temp\ccP2WQps.s 			page 7


 244:Generated_Source\PSoC5/isr_rx.c **** *   To set the initial priority for the component, use the Design-Wide Resources
 245:Generated_Source\PSoC5/isr_rx.c **** *   Interrupt Editor.
 246:Generated_Source\PSoC5/isr_rx.c **** *
 247:Generated_Source\PSoC5/isr_rx.c **** *   Note This API has no effect on Non-maskable interrupt NMI).
 248:Generated_Source\PSoC5/isr_rx.c **** *
 249:Generated_Source\PSoC5/isr_rx.c **** * Parameters:
 250:Generated_Source\PSoC5/isr_rx.c **** *   priority: Priority of the interrupt, 0 being the highest priority
 251:Generated_Source\PSoC5/isr_rx.c **** *             PSoC 3 and PSoC 5LP: Priority is from 0 to 7.
 252:Generated_Source\PSoC5/isr_rx.c **** *             PSoC 4: Priority is from 0 to 3.
 253:Generated_Source\PSoC5/isr_rx.c **** *
 254:Generated_Source\PSoC5/isr_rx.c **** * Return:
 255:Generated_Source\PSoC5/isr_rx.c **** *   None
 256:Generated_Source\PSoC5/isr_rx.c **** *
 257:Generated_Source\PSoC5/isr_rx.c **** *******************************************************************************/
 258:Generated_Source\PSoC5/isr_rx.c **** void isr_rx_SetPriority(uint8 priority)
 259:Generated_Source\PSoC5/isr_rx.c **** {
 100              		.loc 1 259 0
 101              		.cfi_startproc
 102              		@ args = 0, pretend = 0, frame = 0
 103              		@ frame_needed = 0, uses_anonymous_args = 0
 104              		@ link register save eliminated.
 105              	.LVL3:
 260:Generated_Source\PSoC5/isr_rx.c ****     *isr_rx_INTC_PRIOR = priority << 5;
 106              		.loc 1 260 0
 107 0000 4001     		lsls	r0, r0, #5
 108              	.LVL4:
 109 0002 C0B2     		uxtb	r0, r0
 110 0004 014B     		ldr	r3, .L9
 111 0006 1870     		strb	r0, [r3]
 112 0008 7047     		bx	lr
 113              	.L10:
 114 000a 00BF     		.align	2
 115              	.L9:
 116 000c 00E400E0 		.word	-536812544
 117              		.cfi_endproc
 118              	.LFE6:
 119              		.size	isr_rx_SetPriority, .-isr_rx_SetPriority
 120              		.section	.text.isr_rx_GetPriority,"ax",%progbits
 121              		.align	2
 122              		.global	isr_rx_GetPriority
 123              		.thumb
 124              		.thumb_func
 125              		.type	isr_rx_GetPriority, %function
 126              	isr_rx_GetPriority:
 127              	.LFB7:
 261:Generated_Source\PSoC5/isr_rx.c **** }
 262:Generated_Source\PSoC5/isr_rx.c **** 
 263:Generated_Source\PSoC5/isr_rx.c **** 
 264:Generated_Source\PSoC5/isr_rx.c **** /*******************************************************************************
 265:Generated_Source\PSoC5/isr_rx.c **** * Function Name: isr_rx_GetPriority
 266:Generated_Source\PSoC5/isr_rx.c **** ********************************************************************************
 267:Generated_Source\PSoC5/isr_rx.c **** *
 268:Generated_Source\PSoC5/isr_rx.c **** * Summary:
 269:Generated_Source\PSoC5/isr_rx.c **** *   Gets the Priority of the Interrupt.
 270:Generated_Source\PSoC5/isr_rx.c **** *
 271:Generated_Source\PSoC5/isr_rx.c **** * Parameters:
 272:Generated_Source\PSoC5/isr_rx.c **** *   None
ARM GAS  C:\Users\tkam627\AppData\Local\Temp\ccP2WQps.s 			page 8


 273:Generated_Source\PSoC5/isr_rx.c **** *
 274:Generated_Source\PSoC5/isr_rx.c **** * Return:
 275:Generated_Source\PSoC5/isr_rx.c **** *   Priority of the interrupt, 0 being the highest priority
 276:Generated_Source\PSoC5/isr_rx.c **** *    PSoC 3 and PSoC 5LP: Priority is from 0 to 7.
 277:Generated_Source\PSoC5/isr_rx.c **** *    PSoC 4: Priority is from 0 to 3.
 278:Generated_Source\PSoC5/isr_rx.c **** *
 279:Generated_Source\PSoC5/isr_rx.c **** *******************************************************************************/
 280:Generated_Source\PSoC5/isr_rx.c **** uint8 isr_rx_GetPriority(void)
 281:Generated_Source\PSoC5/isr_rx.c **** {
 128              		.loc 1 281 0
 129              		.cfi_startproc
 130              		@ args = 0, pretend = 0, frame = 0
 131              		@ frame_needed = 0, uses_anonymous_args = 0
 132              		@ link register save eliminated.
 282:Generated_Source\PSoC5/isr_rx.c ****     uint8 priority;
 283:Generated_Source\PSoC5/isr_rx.c **** 
 284:Generated_Source\PSoC5/isr_rx.c **** 
 285:Generated_Source\PSoC5/isr_rx.c ****     priority = *isr_rx_INTC_PRIOR >> 5;
 133              		.loc 1 285 0
 134 0000 014B     		ldr	r3, .L12
 135 0002 1878     		ldrb	r0, [r3]	@ zero_extendqisi2
 136              	.LVL5:
 286:Generated_Source\PSoC5/isr_rx.c **** 
 287:Generated_Source\PSoC5/isr_rx.c ****     return priority;
 288:Generated_Source\PSoC5/isr_rx.c **** }
 137              		.loc 1 288 0
 138 0004 4009     		lsrs	r0, r0, #5
 139              	.LVL6:
 140 0006 7047     		bx	lr
 141              	.L13:
 142              		.align	2
 143              	.L12:
 144 0008 00E400E0 		.word	-536812544
 145              		.cfi_endproc
 146              	.LFE7:
 147              		.size	isr_rx_GetPriority, .-isr_rx_GetPriority
 148              		.section	.text.isr_rx_Enable,"ax",%progbits
 149              		.align	2
 150              		.global	isr_rx_Enable
 151              		.thumb
 152              		.thumb_func
 153              		.type	isr_rx_Enable, %function
 154              	isr_rx_Enable:
 155              	.LFB8:
 289:Generated_Source\PSoC5/isr_rx.c **** 
 290:Generated_Source\PSoC5/isr_rx.c **** 
 291:Generated_Source\PSoC5/isr_rx.c **** /*******************************************************************************
 292:Generated_Source\PSoC5/isr_rx.c **** * Function Name: isr_rx_Enable
 293:Generated_Source\PSoC5/isr_rx.c **** ********************************************************************************
 294:Generated_Source\PSoC5/isr_rx.c **** *
 295:Generated_Source\PSoC5/isr_rx.c **** * Summary:
 296:Generated_Source\PSoC5/isr_rx.c **** *   Enables the interrupt to the interrupt controller. Do not call this function
 297:Generated_Source\PSoC5/isr_rx.c **** *   unless ISR_Start() has been called or the functionality of the ISR_Start() 
 298:Generated_Source\PSoC5/isr_rx.c **** *   function, which sets the vector and the priority, has been called.
 299:Generated_Source\PSoC5/isr_rx.c **** *
 300:Generated_Source\PSoC5/isr_rx.c **** * Parameters:
 301:Generated_Source\PSoC5/isr_rx.c **** *   None
ARM GAS  C:\Users\tkam627\AppData\Local\Temp\ccP2WQps.s 			page 9


 302:Generated_Source\PSoC5/isr_rx.c **** *
 303:Generated_Source\PSoC5/isr_rx.c **** * Return:
 304:Generated_Source\PSoC5/isr_rx.c **** *   None
 305:Generated_Source\PSoC5/isr_rx.c **** *
 306:Generated_Source\PSoC5/isr_rx.c **** *******************************************************************************/
 307:Generated_Source\PSoC5/isr_rx.c **** void isr_rx_Enable(void)
 308:Generated_Source\PSoC5/isr_rx.c **** {
 156              		.loc 1 308 0
 157              		.cfi_startproc
 158              		@ args = 0, pretend = 0, frame = 0
 159              		@ frame_needed = 0, uses_anonymous_args = 0
 160              		@ link register save eliminated.
 309:Generated_Source\PSoC5/isr_rx.c ****     /* Enable the general interrupt. */
 310:Generated_Source\PSoC5/isr_rx.c ****     *isr_rx_INTC_SET_EN = isr_rx__INTC_MASK;
 161              		.loc 1 310 0
 162 0000 0122     		movs	r2, #1
 163 0002 014B     		ldr	r3, .L15
 164 0004 1A60     		str	r2, [r3]
 165 0006 7047     		bx	lr
 166              	.L16:
 167              		.align	2
 168              	.L15:
 169 0008 00E100E0 		.word	-536813312
 170              		.cfi_endproc
 171              	.LFE8:
 172              		.size	isr_rx_Enable, .-isr_rx_Enable
 173              		.section	.text.isr_rx_GetState,"ax",%progbits
 174              		.align	2
 175              		.global	isr_rx_GetState
 176              		.thumb
 177              		.thumb_func
 178              		.type	isr_rx_GetState, %function
 179              	isr_rx_GetState:
 180              	.LFB9:
 311:Generated_Source\PSoC5/isr_rx.c **** }
 312:Generated_Source\PSoC5/isr_rx.c **** 
 313:Generated_Source\PSoC5/isr_rx.c **** 
 314:Generated_Source\PSoC5/isr_rx.c **** /*******************************************************************************
 315:Generated_Source\PSoC5/isr_rx.c **** * Function Name: isr_rx_GetState
 316:Generated_Source\PSoC5/isr_rx.c **** ********************************************************************************
 317:Generated_Source\PSoC5/isr_rx.c **** *
 318:Generated_Source\PSoC5/isr_rx.c **** * Summary:
 319:Generated_Source\PSoC5/isr_rx.c **** *   Gets the state (enabled, disabled) of the Interrupt.
 320:Generated_Source\PSoC5/isr_rx.c **** *
 321:Generated_Source\PSoC5/isr_rx.c **** * Parameters:
 322:Generated_Source\PSoC5/isr_rx.c **** *   None
 323:Generated_Source\PSoC5/isr_rx.c **** *
 324:Generated_Source\PSoC5/isr_rx.c **** * Return:
 325:Generated_Source\PSoC5/isr_rx.c **** *   1 if enabled, 0 if disabled.
 326:Generated_Source\PSoC5/isr_rx.c **** *
 327:Generated_Source\PSoC5/isr_rx.c **** *******************************************************************************/
 328:Generated_Source\PSoC5/isr_rx.c **** uint8 isr_rx_GetState(void)
 329:Generated_Source\PSoC5/isr_rx.c **** {
 181              		.loc 1 329 0
 182              		.cfi_startproc
 183              		@ args = 0, pretend = 0, frame = 0
 184              		@ frame_needed = 0, uses_anonymous_args = 0
ARM GAS  C:\Users\tkam627\AppData\Local\Temp\ccP2WQps.s 			page 10


 185              		@ link register save eliminated.
 330:Generated_Source\PSoC5/isr_rx.c ****     /* Get the state of the general interrupt. */
 331:Generated_Source\PSoC5/isr_rx.c ****     return ((*isr_rx_INTC_SET_EN & (uint32)isr_rx__INTC_MASK) != 0u) ? 1u:0u;
 186              		.loc 1 331 0
 187 0000 024B     		ldr	r3, .L18
 188 0002 1868     		ldr	r0, [r3]
 332:Generated_Source\PSoC5/isr_rx.c **** }
 189              		.loc 1 332 0
 190 0004 00F00100 		and	r0, r0, #1
 191 0008 7047     		bx	lr
 192              	.L19:
 193 000a 00BF     		.align	2
 194              	.L18:
 195 000c 00E100E0 		.word	-536813312
 196              		.cfi_endproc
 197              	.LFE9:
 198              		.size	isr_rx_GetState, .-isr_rx_GetState
 199              		.section	.text.isr_rx_Disable,"ax",%progbits
 200              		.align	2
 201              		.global	isr_rx_Disable
 202              		.thumb
 203              		.thumb_func
 204              		.type	isr_rx_Disable, %function
 205              	isr_rx_Disable:
 206              	.LFB10:
 333:Generated_Source\PSoC5/isr_rx.c **** 
 334:Generated_Source\PSoC5/isr_rx.c **** 
 335:Generated_Source\PSoC5/isr_rx.c **** /*******************************************************************************
 336:Generated_Source\PSoC5/isr_rx.c **** * Function Name: isr_rx_Disable
 337:Generated_Source\PSoC5/isr_rx.c **** ********************************************************************************
 338:Generated_Source\PSoC5/isr_rx.c **** *
 339:Generated_Source\PSoC5/isr_rx.c **** * Summary:
 340:Generated_Source\PSoC5/isr_rx.c **** *   Disables the Interrupt in the interrupt controller.
 341:Generated_Source\PSoC5/isr_rx.c **** *
 342:Generated_Source\PSoC5/isr_rx.c **** * Parameters:
 343:Generated_Source\PSoC5/isr_rx.c **** *   None
 344:Generated_Source\PSoC5/isr_rx.c **** *
 345:Generated_Source\PSoC5/isr_rx.c **** * Return:
 346:Generated_Source\PSoC5/isr_rx.c **** *   None
 347:Generated_Source\PSoC5/isr_rx.c **** *
 348:Generated_Source\PSoC5/isr_rx.c **** *******************************************************************************/
 349:Generated_Source\PSoC5/isr_rx.c **** void isr_rx_Disable(void)
 350:Generated_Source\PSoC5/isr_rx.c **** {
 207              		.loc 1 350 0
 208              		.cfi_startproc
 209              		@ args = 0, pretend = 0, frame = 0
 210              		@ frame_needed = 0, uses_anonymous_args = 0
 211              		@ link register save eliminated.
 351:Generated_Source\PSoC5/isr_rx.c ****     /* Disable the general interrupt. */
 352:Generated_Source\PSoC5/isr_rx.c ****     *isr_rx_INTC_CLR_EN = isr_rx__INTC_MASK;
 212              		.loc 1 352 0
 213 0000 0122     		movs	r2, #1
 214 0002 014B     		ldr	r3, .L21
 215 0004 1A60     		str	r2, [r3]
 216 0006 7047     		bx	lr
 217              	.L22:
 218              		.align	2
ARM GAS  C:\Users\tkam627\AppData\Local\Temp\ccP2WQps.s 			page 11


 219              	.L21:
 220 0008 80E100E0 		.word	-536813184
 221              		.cfi_endproc
 222              	.LFE10:
 223              		.size	isr_rx_Disable, .-isr_rx_Disable
 224              		.section	.text.isr_rx_Start,"ax",%progbits
 225              		.align	2
 226              		.global	isr_rx_Start
 227              		.thumb
 228              		.thumb_func
 229              		.type	isr_rx_Start, %function
 230              	isr_rx_Start:
 231              	.LFB0:
  62:Generated_Source\PSoC5/isr_rx.c ****     /* For all we know the interrupt is active. */
 232              		.loc 1 62 0
 233              		.cfi_startproc
 234              		@ args = 0, pretend = 0, frame = 0
 235              		@ frame_needed = 0, uses_anonymous_args = 0
 236 0000 08B5     		push	{r3, lr}
 237              		.cfi_def_cfa_offset 8
 238              		.cfi_offset 3, -8
 239              		.cfi_offset 14, -4
  64:Generated_Source\PSoC5/isr_rx.c **** 
 240              		.loc 1 64 0
 241 0002 FFF7FEFF 		bl	isr_rx_Disable
 242              	.LVL7:
  67:Generated_Source\PSoC5/isr_rx.c **** 
 243              		.loc 1 67 0
 244 0006 0448     		ldr	r0, .L25
 245 0008 FFF7FEFF 		bl	isr_rx_SetVector
 246              	.LVL8:
  70:Generated_Source\PSoC5/isr_rx.c **** 
 247              		.loc 1 70 0
 248 000c 0720     		movs	r0, #7
 249 000e FFF7FEFF 		bl	isr_rx_SetPriority
 250              	.LVL9:
  73:Generated_Source\PSoC5/isr_rx.c **** }
 251              		.loc 1 73 0
 252 0012 FFF7FEFF 		bl	isr_rx_Enable
 253              	.LVL10:
 254 0016 08BD     		pop	{r3, pc}
 255              	.L26:
 256              		.align	2
 257              	.L25:
 258 0018 00000000 		.word	isr_rx_Interrupt
 259              		.cfi_endproc
 260              	.LFE0:
 261              		.size	isr_rx_Start, .-isr_rx_Start
 262              		.section	.text.isr_rx_StartEx,"ax",%progbits
 263              		.align	2
 264              		.global	isr_rx_StartEx
 265              		.thumb
 266              		.thumb_func
 267              		.type	isr_rx_StartEx, %function
 268              	isr_rx_StartEx:
 269              	.LFB1:
 105:Generated_Source\PSoC5/isr_rx.c ****     /* For all we know the interrupt is active. */
ARM GAS  C:\Users\tkam627\AppData\Local\Temp\ccP2WQps.s 			page 12


 270              		.loc 1 105 0
 271              		.cfi_startproc
 272              		@ args = 0, pretend = 0, frame = 0
 273              		@ frame_needed = 0, uses_anonymous_args = 0
 274              	.LVL11:
 275 0000 10B5     		push	{r4, lr}
 276              		.cfi_def_cfa_offset 8
 277              		.cfi_offset 4, -8
 278              		.cfi_offset 14, -4
 279 0002 0446     		mov	r4, r0
 107:Generated_Source\PSoC5/isr_rx.c **** 
 280              		.loc 1 107 0
 281 0004 FFF7FEFF 		bl	isr_rx_Disable
 282              	.LVL12:
 110:Generated_Source\PSoC5/isr_rx.c **** 
 283              		.loc 1 110 0
 284 0008 2046     		mov	r0, r4
 285 000a FFF7FEFF 		bl	isr_rx_SetVector
 286              	.LVL13:
 113:Generated_Source\PSoC5/isr_rx.c **** 
 287              		.loc 1 113 0
 288 000e 0720     		movs	r0, #7
 289 0010 FFF7FEFF 		bl	isr_rx_SetPriority
 290              	.LVL14:
 116:Generated_Source\PSoC5/isr_rx.c **** }
 291              		.loc 1 116 0
 292 0014 FFF7FEFF 		bl	isr_rx_Enable
 293              	.LVL15:
 294 0018 10BD     		pop	{r4, pc}
 295              		.cfi_endproc
 296              	.LFE1:
 297              		.size	isr_rx_StartEx, .-isr_rx_StartEx
 298 001a 00BF     		.section	.text.isr_rx_Stop,"ax",%progbits
 299              		.align	2
 300              		.global	isr_rx_Stop
 301              		.thumb
 302              		.thumb_func
 303              		.type	isr_rx_Stop, %function
 304              	isr_rx_Stop:
 305              	.LFB2:
 135:Generated_Source\PSoC5/isr_rx.c ****     /* Disable this interrupt. */
 306              		.loc 1 135 0
 307              		.cfi_startproc
 308              		@ args = 0, pretend = 0, frame = 0
 309              		@ frame_needed = 0, uses_anonymous_args = 0
 310 0000 08B5     		push	{r3, lr}
 311              		.cfi_def_cfa_offset 8
 312              		.cfi_offset 3, -8
 313              		.cfi_offset 14, -4
 137:Generated_Source\PSoC5/isr_rx.c **** 
 314              		.loc 1 137 0
 315 0002 FFF7FEFF 		bl	isr_rx_Disable
 316              	.LVL16:
 140:Generated_Source\PSoC5/isr_rx.c **** }
 317              		.loc 1 140 0
 318 0006 0248     		ldr	r0, .L31
 319 0008 FFF7FEFF 		bl	isr_rx_SetVector
ARM GAS  C:\Users\tkam627\AppData\Local\Temp\ccP2WQps.s 			page 13


 320              	.LVL17:
 321 000c 08BD     		pop	{r3, pc}
 322              	.L32:
 323 000e 00BF     		.align	2
 324              	.L31:
 325 0010 00000000 		.word	IntDefaultHandler
 326              		.cfi_endproc
 327              	.LFE2:
 328              		.size	isr_rx_Stop, .-isr_rx_Stop
 329              		.section	.text.isr_rx_SetPending,"ax",%progbits
 330              		.align	2
 331              		.global	isr_rx_SetPending
 332              		.thumb
 333              		.thumb_func
 334              		.type	isr_rx_SetPending, %function
 335              	isr_rx_SetPending:
 336              	.LFB11:
 353:Generated_Source\PSoC5/isr_rx.c **** }
 354:Generated_Source\PSoC5/isr_rx.c **** 
 355:Generated_Source\PSoC5/isr_rx.c **** 
 356:Generated_Source\PSoC5/isr_rx.c **** /*******************************************************************************
 357:Generated_Source\PSoC5/isr_rx.c **** * Function Name: isr_rx_SetPending
 358:Generated_Source\PSoC5/isr_rx.c **** ********************************************************************************
 359:Generated_Source\PSoC5/isr_rx.c **** *
 360:Generated_Source\PSoC5/isr_rx.c **** * Summary:
 361:Generated_Source\PSoC5/isr_rx.c **** *   Causes the Interrupt to enter the pending state, a software method of
 362:Generated_Source\PSoC5/isr_rx.c **** *   generating the interrupt.
 363:Generated_Source\PSoC5/isr_rx.c **** *
 364:Generated_Source\PSoC5/isr_rx.c **** * Parameters:
 365:Generated_Source\PSoC5/isr_rx.c **** *   None
 366:Generated_Source\PSoC5/isr_rx.c **** *
 367:Generated_Source\PSoC5/isr_rx.c **** * Return:
 368:Generated_Source\PSoC5/isr_rx.c **** *   None
 369:Generated_Source\PSoC5/isr_rx.c **** *
 370:Generated_Source\PSoC5/isr_rx.c **** * Side Effects:
 371:Generated_Source\PSoC5/isr_rx.c **** *   If interrupts are enabled and the interrupt is set up properly, the ISR is
 372:Generated_Source\PSoC5/isr_rx.c **** *   entered (depending on the priority of this interrupt and other pending 
 373:Generated_Source\PSoC5/isr_rx.c **** *   interrupts).
 374:Generated_Source\PSoC5/isr_rx.c **** *
 375:Generated_Source\PSoC5/isr_rx.c **** *******************************************************************************/
 376:Generated_Source\PSoC5/isr_rx.c **** void isr_rx_SetPending(void)
 377:Generated_Source\PSoC5/isr_rx.c **** {
 337              		.loc 1 377 0
 338              		.cfi_startproc
 339              		@ args = 0, pretend = 0, frame = 0
 340              		@ frame_needed = 0, uses_anonymous_args = 0
 341              		@ link register save eliminated.
 378:Generated_Source\PSoC5/isr_rx.c ****     *isr_rx_INTC_SET_PD = isr_rx__INTC_MASK;
 342              		.loc 1 378 0
 343 0000 0122     		movs	r2, #1
 344 0002 014B     		ldr	r3, .L34
 345 0004 1A60     		str	r2, [r3]
 346 0006 7047     		bx	lr
 347              	.L35:
 348              		.align	2
 349              	.L34:
 350 0008 00E200E0 		.word	-536813056
ARM GAS  C:\Users\tkam627\AppData\Local\Temp\ccP2WQps.s 			page 14


 351              		.cfi_endproc
 352              	.LFE11:
 353              		.size	isr_rx_SetPending, .-isr_rx_SetPending
 354              		.section	.text.isr_rx_ClearPending,"ax",%progbits
 355              		.align	2
 356              		.global	isr_rx_ClearPending
 357              		.thumb
 358              		.thumb_func
 359              		.type	isr_rx_ClearPending, %function
 360              	isr_rx_ClearPending:
 361              	.LFB12:
 379:Generated_Source\PSoC5/isr_rx.c **** }
 380:Generated_Source\PSoC5/isr_rx.c **** 
 381:Generated_Source\PSoC5/isr_rx.c **** 
 382:Generated_Source\PSoC5/isr_rx.c **** /*******************************************************************************
 383:Generated_Source\PSoC5/isr_rx.c **** * Function Name: isr_rx_ClearPending
 384:Generated_Source\PSoC5/isr_rx.c **** ********************************************************************************
 385:Generated_Source\PSoC5/isr_rx.c **** *
 386:Generated_Source\PSoC5/isr_rx.c **** * Summary:
 387:Generated_Source\PSoC5/isr_rx.c **** *   Clears a pending interrupt in the interrupt controller.
 388:Generated_Source\PSoC5/isr_rx.c **** *
 389:Generated_Source\PSoC5/isr_rx.c **** *   Note Some interrupt sources are clear-on-read and require the block 
 390:Generated_Source\PSoC5/isr_rx.c **** *   interrupt/status register to be read/cleared with the appropriate block API 
 391:Generated_Source\PSoC5/isr_rx.c **** *   (GPIO, UART, and so on). Otherwise the ISR will continue to remain in 
 392:Generated_Source\PSoC5/isr_rx.c **** *   pending state even though the interrupt itself is cleared using this API.
 393:Generated_Source\PSoC5/isr_rx.c **** *
 394:Generated_Source\PSoC5/isr_rx.c **** * Parameters:
 395:Generated_Source\PSoC5/isr_rx.c **** *   None
 396:Generated_Source\PSoC5/isr_rx.c **** *
 397:Generated_Source\PSoC5/isr_rx.c **** * Return:
 398:Generated_Source\PSoC5/isr_rx.c **** *   None
 399:Generated_Source\PSoC5/isr_rx.c **** *
 400:Generated_Source\PSoC5/isr_rx.c **** *******************************************************************************/
 401:Generated_Source\PSoC5/isr_rx.c **** void isr_rx_ClearPending(void)
 402:Generated_Source\PSoC5/isr_rx.c **** {
 362              		.loc 1 402 0
 363              		.cfi_startproc
 364              		@ args = 0, pretend = 0, frame = 0
 365              		@ frame_needed = 0, uses_anonymous_args = 0
 366              		@ link register save eliminated.
 403:Generated_Source\PSoC5/isr_rx.c ****     *isr_rx_INTC_CLR_PD = isr_rx__INTC_MASK;
 367              		.loc 1 403 0
 368 0000 0122     		movs	r2, #1
 369 0002 014B     		ldr	r3, .L37
 370 0004 1A60     		str	r2, [r3]
 371 0006 7047     		bx	lr
 372              	.L38:
 373              		.align	2
 374              	.L37:
 375 0008 80E200E0 		.word	-536812928
 376              		.cfi_endproc
 377              	.LFE12:
 378              		.size	isr_rx_ClearPending, .-isr_rx_ClearPending
 379              		.text
 380              	.Letext0:
 381              		.file 2 "Generated_Source\\PSoC5/cytypes.h"
 382              		.section	.debug_info,"",%progbits
ARM GAS  C:\Users\tkam627\AppData\Local\Temp\ccP2WQps.s 			page 15


 383              	.Ldebug_info0:
 384 0000 CE020000 		.4byte	0x2ce
 385 0004 0400     		.2byte	0x4
 386 0006 00000000 		.4byte	.Ldebug_abbrev0
 387 000a 04       		.byte	0x4
 388 000b 01       		.uleb128 0x1
 389 000c CF000000 		.4byte	.LASF34
 390 0010 0C       		.byte	0xc
 391 0011 9D010000 		.4byte	.LASF35
 392 0015 14000000 		.4byte	.LASF36
 393 0019 00000000 		.4byte	.Ldebug_ranges0+0
 394 001d 00000000 		.4byte	0
 395 0021 00000000 		.4byte	.Ldebug_line0
 396 0025 02       		.uleb128 0x2
 397 0026 04       		.byte	0x4
 398 0027 05       		.byte	0x5
 399 0028 696E7400 		.ascii	"int\000"
 400 002c 03       		.uleb128 0x3
 401 002d 04       		.byte	0x4
 402 002e 07       		.byte	0x7
 403 002f DF010000 		.4byte	.LASF0
 404 0033 03       		.uleb128 0x3
 405 0034 08       		.byte	0x8
 406 0035 05       		.byte	0x5
 407 0036 00000000 		.4byte	.LASF1
 408 003a 03       		.uleb128 0x3
 409 003b 08       		.byte	0x8
 410 003c 04       		.byte	0x4
 411 003d 8A020000 		.4byte	.LASF2
 412 0041 03       		.uleb128 0x3
 413 0042 01       		.byte	0x1
 414 0043 06       		.byte	0x6
 415 0044 96020000 		.4byte	.LASF3
 416 0048 03       		.uleb128 0x3
 417 0049 01       		.byte	0x1
 418 004a 08       		.byte	0x8
 419 004b C1000000 		.4byte	.LASF4
 420 004f 03       		.uleb128 0x3
 421 0050 02       		.byte	0x2
 422 0051 05       		.byte	0x5
 423 0052 66020000 		.4byte	.LASF5
 424 0056 03       		.uleb128 0x3
 425 0057 02       		.byte	0x2
 426 0058 07       		.byte	0x7
 427 0059 78000000 		.4byte	.LASF6
 428 005d 03       		.uleb128 0x3
 429 005e 04       		.byte	0x4
 430 005f 05       		.byte	0x5
 431 0060 81020000 		.4byte	.LASF7
 432 0064 03       		.uleb128 0x3
 433 0065 04       		.byte	0x4
 434 0066 07       		.byte	0x7
 435 0067 62010000 		.4byte	.LASF8
 436 006b 03       		.uleb128 0x3
 437 006c 08       		.byte	0x8
 438 006d 07       		.byte	0x7
 439 006e F4010000 		.4byte	.LASF9
ARM GAS  C:\Users\tkam627\AppData\Local\Temp\ccP2WQps.s 			page 16


 440 0072 03       		.uleb128 0x3
 441 0073 04       		.byte	0x4
 442 0074 07       		.byte	0x7
 443 0075 3A020000 		.4byte	.LASF10
 444 0079 03       		.uleb128 0x3
 445 007a 01       		.byte	0x1
 446 007b 08       		.byte	0x8
 447 007c 52020000 		.4byte	.LASF11
 448 0080 04       		.uleb128 0x4
 449 0081 04       		.byte	0x4
 450 0082 86000000 		.4byte	0x86
 451 0086 05       		.uleb128 0x5
 452 0087 06       		.uleb128 0x6
 453 0088 74010000 		.4byte	.LASF12
 454 008c 02       		.byte	0x2
 455 008d E701     		.2byte	0x1e7
 456 008f 48000000 		.4byte	0x48
 457 0093 06       		.uleb128 0x6
 458 0094 C9010000 		.4byte	.LASF13
 459 0098 02       		.byte	0x2
 460 0099 E901     		.2byte	0x1e9
 461 009b 64000000 		.4byte	0x64
 462 009f 03       		.uleb128 0x3
 463 00a0 04       		.byte	0x4
 464 00a1 04       		.byte	0x4
 465 00a2 AD000000 		.4byte	.LASF14
 466 00a6 03       		.uleb128 0x3
 467 00a7 08       		.byte	0x8
 468 00a8 04       		.byte	0x4
 469 00a9 96010000 		.4byte	.LASF15
 470 00ad 06       		.uleb128 0x6
 471 00ae 5D010000 		.4byte	.LASF16
 472 00b2 02       		.byte	0x2
 473 00b3 9102     		.2byte	0x291
 474 00b5 B9000000 		.4byte	0xb9
 475 00b9 07       		.uleb128 0x7
 476 00ba 87000000 		.4byte	0x87
 477 00be 06       		.uleb128 0x6
 478 00bf 0E000000 		.4byte	.LASF17
 479 00c3 02       		.byte	0x2
 480 00c4 9302     		.2byte	0x293
 481 00c6 CA000000 		.4byte	0xca
 482 00ca 07       		.uleb128 0x7
 483 00cb 93000000 		.4byte	0x93
 484 00cf 06       		.uleb128 0x6
 485 00d0 1B020000 		.4byte	.LASF18
 486 00d4 02       		.byte	0x2
 487 00d5 A302     		.2byte	0x2a3
 488 00d7 80000000 		.4byte	0x80
 489 00db 08       		.uleb128 0x8
 490 00dc 9C000000 		.4byte	.LASF26
 491 00e0 01       		.byte	0x1
 492 00e1 A0       		.byte	0xa0
 493 00e2 00000000 		.4byte	.LFB3
 494 00e6 02000000 		.4byte	.LFE3-.LFB3
 495 00ea 01       		.uleb128 0x1
 496 00eb 9C       		.byte	0x9c
ARM GAS  C:\Users\tkam627\AppData\Local\Temp\ccP2WQps.s 			page 17


 497 00ec 09       		.uleb128 0x9
 498 00ed 70020000 		.4byte	.LASF20
 499 00f1 01       		.byte	0x1
 500 00f2 C8       		.byte	0xc8
 501 00f3 00000000 		.4byte	.LFB4
 502 00f7 0C000000 		.4byte	.LFE4-.LFB4
 503 00fb 01       		.uleb128 0x1
 504 00fc 9C       		.byte	0x9c
 505 00fd 1C010000 		.4byte	0x11c
 506 0101 0A       		.uleb128 0xa
 507 0102 EC010000 		.4byte	.LASF22
 508 0106 01       		.byte	0x1
 509 0107 C8       		.byte	0xc8
 510 0108 CF000000 		.4byte	0xcf
 511 010c 01       		.uleb128 0x1
 512 010d 50       		.byte	0x50
 513 010e 0B       		.uleb128 0xb
 514 010f 57020000 		.4byte	.LASF19
 515 0113 01       		.byte	0x1
 516 0114 CA       		.byte	0xca
 517 0115 1C010000 		.4byte	0x11c
 518 0119 01       		.uleb128 0x1
 519 011a 53       		.byte	0x53
 520 011b 00       		.byte	0
 521 011c 04       		.uleb128 0x4
 522 011d 04       		.byte	0x4
 523 011e CF000000 		.4byte	0xcf
 524 0122 0C       		.uleb128 0xc
 525 0123 8B000000 		.4byte	.LASF24
 526 0127 01       		.byte	0x1
 527 0128 E0       		.byte	0xe0
 528 0129 CF000000 		.4byte	0xcf
 529 012d 00000000 		.4byte	.LFB5
 530 0131 0C000000 		.4byte	.LFE5-.LFB5
 531 0135 01       		.uleb128 0x1
 532 0136 9C       		.byte	0x9c
 533 0137 49010000 		.4byte	0x149
 534 013b 0B       		.uleb128 0xb
 535 013c 57020000 		.4byte	.LASF19
 536 0140 01       		.byte	0x1
 537 0141 E2       		.byte	0xe2
 538 0142 1C010000 		.4byte	0x11c
 539 0146 01       		.uleb128 0x1
 540 0147 53       		.byte	0x53
 541 0148 00       		.byte	0
 542 0149 0D       		.uleb128 0xd
 543 014a 7A010000 		.4byte	.LASF21
 544 014e 01       		.byte	0x1
 545 014f 0201     		.2byte	0x102
 546 0151 00000000 		.4byte	.LFB6
 547 0155 10000000 		.4byte	.LFE6-.LFB6
 548 0159 01       		.uleb128 0x1
 549 015a 9C       		.byte	0x9c
 550 015b 70010000 		.4byte	0x170
 551 015f 0E       		.uleb128 0xe
 552 0160 8D010000 		.4byte	.LASF23
 553 0164 01       		.byte	0x1
ARM GAS  C:\Users\tkam627\AppData\Local\Temp\ccP2WQps.s 			page 18


 554 0165 0201     		.2byte	0x102
 555 0167 87000000 		.4byte	0x87
 556 016b 00000000 		.4byte	.LLST0
 557 016f 00       		.byte	0
 558 0170 0F       		.uleb128 0xf
 559 0171 65000000 		.4byte	.LASF25
 560 0175 01       		.byte	0x1
 561 0176 1801     		.2byte	0x118
 562 0178 87000000 		.4byte	0x87
 563 017c 00000000 		.4byte	.LFB7
 564 0180 0C000000 		.4byte	.LFE7-.LFB7
 565 0184 01       		.uleb128 0x1
 566 0185 9C       		.byte	0x9c
 567 0186 9B010000 		.4byte	0x19b
 568 018a 10       		.uleb128 0x10
 569 018b 8D010000 		.4byte	.LASF23
 570 018f 01       		.byte	0x1
 571 0190 1A01     		.2byte	0x11a
 572 0192 87000000 		.4byte	0x87
 573 0196 21000000 		.4byte	.LLST1
 574 019a 00       		.byte	0
 575 019b 11       		.uleb128 0x11
 576 019c B3000000 		.4byte	.LASF27
 577 01a0 01       		.byte	0x1
 578 01a1 3301     		.2byte	0x133
 579 01a3 00000000 		.4byte	.LFB8
 580 01a7 0C000000 		.4byte	.LFE8-.LFB8
 581 01ab 01       		.uleb128 0x1
 582 01ac 9C       		.byte	0x9c
 583 01ad 12       		.uleb128 0x12
 584 01ae 0B020000 		.4byte	.LASF37
 585 01b2 01       		.byte	0x1
 586 01b3 4801     		.2byte	0x148
 587 01b5 87000000 		.4byte	0x87
 588 01b9 00000000 		.4byte	.LFB9
 589 01bd 10000000 		.4byte	.LFE9-.LFB9
 590 01c1 01       		.uleb128 0x1
 591 01c2 9C       		.byte	0x9c
 592 01c3 11       		.uleb128 0x11
 593 01c4 43020000 		.4byte	.LASF28
 594 01c8 01       		.byte	0x1
 595 01c9 5D01     		.2byte	0x15d
 596 01cb 00000000 		.4byte	.LFB10
 597 01cf 0C000000 		.4byte	.LFE10-.LFB10
 598 01d3 01       		.uleb128 0x1
 599 01d4 9C       		.byte	0x9c
 600 01d5 09       		.uleb128 0x9
 601 01d6 A2020000 		.4byte	.LASF29
 602 01da 01       		.byte	0x1
 603 01db 3D       		.byte	0x3d
 604 01dc 00000000 		.4byte	.LFB0
 605 01e0 1C000000 		.4byte	.LFE0-.LFB0
 606 01e4 01       		.uleb128 0x1
 607 01e5 9C       		.byte	0x9c
 608 01e6 27020000 		.4byte	0x227
 609 01ea 13       		.uleb128 0x13
 610 01eb 06000000 		.4byte	.LVL7
ARM GAS  C:\Users\tkam627\AppData\Local\Temp\ccP2WQps.s 			page 19


 611 01ef C3010000 		.4byte	0x1c3
 612 01f3 14       		.uleb128 0x14
 613 01f4 0C000000 		.4byte	.LVL8
 614 01f8 EC000000 		.4byte	0xec
 615 01fc 0A020000 		.4byte	0x20a
 616 0200 15       		.uleb128 0x15
 617 0201 01       		.uleb128 0x1
 618 0202 50       		.byte	0x50
 619 0203 05       		.uleb128 0x5
 620 0204 03       		.byte	0x3
 621 0205 00000000 		.4byte	isr_rx_Interrupt
 622 0209 00       		.byte	0
 623 020a 14       		.uleb128 0x14
 624 020b 12000000 		.4byte	.LVL9
 625 020f 49010000 		.4byte	0x149
 626 0213 1D020000 		.4byte	0x21d
 627 0217 15       		.uleb128 0x15
 628 0218 01       		.uleb128 0x1
 629 0219 50       		.byte	0x50
 630 021a 01       		.uleb128 0x1
 631 021b 37       		.byte	0x37
 632 021c 00       		.byte	0
 633 021d 13       		.uleb128 0x13
 634 021e 16000000 		.4byte	.LVL10
 635 0222 9B010000 		.4byte	0x19b
 636 0226 00       		.byte	0
 637 0227 09       		.uleb128 0x9
 638 0228 D0010000 		.4byte	.LASF30
 639 022c 01       		.byte	0x1
 640 022d 68       		.byte	0x68
 641 022e 00000000 		.4byte	.LFB1
 642 0232 1A000000 		.4byte	.LFE1-.LFB1
 643 0236 01       		.uleb128 0x1
 644 0237 9C       		.byte	0x9c
 645 0238 85020000 		.4byte	0x285
 646 023c 16       		.uleb128 0x16
 647 023d EC010000 		.4byte	.LASF22
 648 0241 01       		.byte	0x1
 649 0242 68       		.byte	0x68
 650 0243 CF000000 		.4byte	0xcf
 651 0247 38000000 		.4byte	.LLST2
 652 024b 13       		.uleb128 0x13
 653 024c 08000000 		.4byte	.LVL12
 654 0250 C3010000 		.4byte	0x1c3
 655 0254 14       		.uleb128 0x14
 656 0255 0E000000 		.4byte	.LVL13
 657 0259 EC000000 		.4byte	0xec
 658 025d 68020000 		.4byte	0x268
 659 0261 15       		.uleb128 0x15
 660 0262 01       		.uleb128 0x1
 661 0263 50       		.byte	0x50
 662 0264 02       		.uleb128 0x2
 663 0265 74       		.byte	0x74
 664 0266 00       		.sleb128 0
 665 0267 00       		.byte	0
 666 0268 14       		.uleb128 0x14
 667 0269 14000000 		.4byte	.LVL14
ARM GAS  C:\Users\tkam627\AppData\Local\Temp\ccP2WQps.s 			page 20


 668 026d 49010000 		.4byte	0x149
 669 0271 7B020000 		.4byte	0x27b
 670 0275 15       		.uleb128 0x15
 671 0276 01       		.uleb128 0x1
 672 0277 50       		.byte	0x50
 673 0278 01       		.uleb128 0x1
 674 0279 37       		.byte	0x37
 675 027a 00       		.byte	0
 676 027b 13       		.uleb128 0x13
 677 027c 18000000 		.4byte	.LVL15
 678 0280 9B010000 		.4byte	0x19b
 679 0284 00       		.byte	0
 680 0285 09       		.uleb128 0x9
 681 0286 BD010000 		.4byte	.LASF31
 682 028a 01       		.byte	0x1
 683 028b 86       		.byte	0x86
 684 028c 00000000 		.4byte	.LFB2
 685 0290 14000000 		.4byte	.LFE2-.LFB2
 686 0294 01       		.uleb128 0x1
 687 0295 9C       		.byte	0x9c
 688 0296 AD020000 		.4byte	0x2ad
 689 029a 13       		.uleb128 0x13
 690 029b 06000000 		.4byte	.LVL16
 691 029f C3010000 		.4byte	0x1c3
 692 02a3 13       		.uleb128 0x13
 693 02a4 0C000000 		.4byte	.LVL17
 694 02a8 EC000000 		.4byte	0xec
 695 02ac 00       		.byte	0
 696 02ad 11       		.uleb128 0x11
 697 02ae 28020000 		.4byte	.LASF32
 698 02b2 01       		.byte	0x1
 699 02b3 7801     		.2byte	0x178
 700 02b5 00000000 		.4byte	.LFB11
 701 02b9 0C000000 		.4byte	.LFE11-.LFB11
 702 02bd 01       		.uleb128 0x1
 703 02be 9C       		.byte	0x9c
 704 02bf 11       		.uleb128 0x11
 705 02c0 AF020000 		.4byte	.LASF33
 706 02c4 01       		.byte	0x1
 707 02c5 9101     		.2byte	0x191
 708 02c7 00000000 		.4byte	.LFB12
 709 02cb 0C000000 		.4byte	.LFE12-.LFB12
 710 02cf 01       		.uleb128 0x1
 711 02d0 9C       		.byte	0x9c
 712 02d1 00       		.byte	0
 713              		.section	.debug_abbrev,"",%progbits
 714              	.Ldebug_abbrev0:
 715 0000 01       		.uleb128 0x1
 716 0001 11       		.uleb128 0x11
 717 0002 01       		.byte	0x1
 718 0003 25       		.uleb128 0x25
 719 0004 0E       		.uleb128 0xe
 720 0005 13       		.uleb128 0x13
 721 0006 0B       		.uleb128 0xb
 722 0007 03       		.uleb128 0x3
 723 0008 0E       		.uleb128 0xe
 724 0009 1B       		.uleb128 0x1b
ARM GAS  C:\Users\tkam627\AppData\Local\Temp\ccP2WQps.s 			page 21


 725 000a 0E       		.uleb128 0xe
 726 000b 55       		.uleb128 0x55
 727 000c 17       		.uleb128 0x17
 728 000d 11       		.uleb128 0x11
 729 000e 01       		.uleb128 0x1
 730 000f 10       		.uleb128 0x10
 731 0010 17       		.uleb128 0x17
 732 0011 00       		.byte	0
 733 0012 00       		.byte	0
 734 0013 02       		.uleb128 0x2
 735 0014 24       		.uleb128 0x24
 736 0015 00       		.byte	0
 737 0016 0B       		.uleb128 0xb
 738 0017 0B       		.uleb128 0xb
 739 0018 3E       		.uleb128 0x3e
 740 0019 0B       		.uleb128 0xb
 741 001a 03       		.uleb128 0x3
 742 001b 08       		.uleb128 0x8
 743 001c 00       		.byte	0
 744 001d 00       		.byte	0
 745 001e 03       		.uleb128 0x3
 746 001f 24       		.uleb128 0x24
 747 0020 00       		.byte	0
 748 0021 0B       		.uleb128 0xb
 749 0022 0B       		.uleb128 0xb
 750 0023 3E       		.uleb128 0x3e
 751 0024 0B       		.uleb128 0xb
 752 0025 03       		.uleb128 0x3
 753 0026 0E       		.uleb128 0xe
 754 0027 00       		.byte	0
 755 0028 00       		.byte	0
 756 0029 04       		.uleb128 0x4
 757 002a 0F       		.uleb128 0xf
 758 002b 00       		.byte	0
 759 002c 0B       		.uleb128 0xb
 760 002d 0B       		.uleb128 0xb
 761 002e 49       		.uleb128 0x49
 762 002f 13       		.uleb128 0x13
 763 0030 00       		.byte	0
 764 0031 00       		.byte	0
 765 0032 05       		.uleb128 0x5
 766 0033 15       		.uleb128 0x15
 767 0034 00       		.byte	0
 768 0035 27       		.uleb128 0x27
 769 0036 19       		.uleb128 0x19
 770 0037 00       		.byte	0
 771 0038 00       		.byte	0
 772 0039 06       		.uleb128 0x6
 773 003a 16       		.uleb128 0x16
 774 003b 00       		.byte	0
 775 003c 03       		.uleb128 0x3
 776 003d 0E       		.uleb128 0xe
 777 003e 3A       		.uleb128 0x3a
 778 003f 0B       		.uleb128 0xb
 779 0040 3B       		.uleb128 0x3b
 780 0041 05       		.uleb128 0x5
 781 0042 49       		.uleb128 0x49
ARM GAS  C:\Users\tkam627\AppData\Local\Temp\ccP2WQps.s 			page 22


 782 0043 13       		.uleb128 0x13
 783 0044 00       		.byte	0
 784 0045 00       		.byte	0
 785 0046 07       		.uleb128 0x7
 786 0047 35       		.uleb128 0x35
 787 0048 00       		.byte	0
 788 0049 49       		.uleb128 0x49
 789 004a 13       		.uleb128 0x13
 790 004b 00       		.byte	0
 791 004c 00       		.byte	0
 792 004d 08       		.uleb128 0x8
 793 004e 2E       		.uleb128 0x2e
 794 004f 00       		.byte	0
 795 0050 3F       		.uleb128 0x3f
 796 0051 19       		.uleb128 0x19
 797 0052 03       		.uleb128 0x3
 798 0053 0E       		.uleb128 0xe
 799 0054 3A       		.uleb128 0x3a
 800 0055 0B       		.uleb128 0xb
 801 0056 3B       		.uleb128 0x3b
 802 0057 0B       		.uleb128 0xb
 803 0058 27       		.uleb128 0x27
 804 0059 19       		.uleb128 0x19
 805 005a 11       		.uleb128 0x11
 806 005b 01       		.uleb128 0x1
 807 005c 12       		.uleb128 0x12
 808 005d 06       		.uleb128 0x6
 809 005e 40       		.uleb128 0x40
 810 005f 18       		.uleb128 0x18
 811 0060 9742     		.uleb128 0x2117
 812 0062 19       		.uleb128 0x19
 813 0063 00       		.byte	0
 814 0064 00       		.byte	0
 815 0065 09       		.uleb128 0x9
 816 0066 2E       		.uleb128 0x2e
 817 0067 01       		.byte	0x1
 818 0068 3F       		.uleb128 0x3f
 819 0069 19       		.uleb128 0x19
 820 006a 03       		.uleb128 0x3
 821 006b 0E       		.uleb128 0xe
 822 006c 3A       		.uleb128 0x3a
 823 006d 0B       		.uleb128 0xb
 824 006e 3B       		.uleb128 0x3b
 825 006f 0B       		.uleb128 0xb
 826 0070 27       		.uleb128 0x27
 827 0071 19       		.uleb128 0x19
 828 0072 11       		.uleb128 0x11
 829 0073 01       		.uleb128 0x1
 830 0074 12       		.uleb128 0x12
 831 0075 06       		.uleb128 0x6
 832 0076 40       		.uleb128 0x40
 833 0077 18       		.uleb128 0x18
 834 0078 9742     		.uleb128 0x2117
 835 007a 19       		.uleb128 0x19
 836 007b 01       		.uleb128 0x1
 837 007c 13       		.uleb128 0x13
 838 007d 00       		.byte	0
ARM GAS  C:\Users\tkam627\AppData\Local\Temp\ccP2WQps.s 			page 23


 839 007e 00       		.byte	0
 840 007f 0A       		.uleb128 0xa
 841 0080 05       		.uleb128 0x5
 842 0081 00       		.byte	0
 843 0082 03       		.uleb128 0x3
 844 0083 0E       		.uleb128 0xe
 845 0084 3A       		.uleb128 0x3a
 846 0085 0B       		.uleb128 0xb
 847 0086 3B       		.uleb128 0x3b
 848 0087 0B       		.uleb128 0xb
 849 0088 49       		.uleb128 0x49
 850 0089 13       		.uleb128 0x13
 851 008a 02       		.uleb128 0x2
 852 008b 18       		.uleb128 0x18
 853 008c 00       		.byte	0
 854 008d 00       		.byte	0
 855 008e 0B       		.uleb128 0xb
 856 008f 34       		.uleb128 0x34
 857 0090 00       		.byte	0
 858 0091 03       		.uleb128 0x3
 859 0092 0E       		.uleb128 0xe
 860 0093 3A       		.uleb128 0x3a
 861 0094 0B       		.uleb128 0xb
 862 0095 3B       		.uleb128 0x3b
 863 0096 0B       		.uleb128 0xb
 864 0097 49       		.uleb128 0x49
 865 0098 13       		.uleb128 0x13
 866 0099 02       		.uleb128 0x2
 867 009a 18       		.uleb128 0x18
 868 009b 00       		.byte	0
 869 009c 00       		.byte	0
 870 009d 0C       		.uleb128 0xc
 871 009e 2E       		.uleb128 0x2e
 872 009f 01       		.byte	0x1
 873 00a0 3F       		.uleb128 0x3f
 874 00a1 19       		.uleb128 0x19
 875 00a2 03       		.uleb128 0x3
 876 00a3 0E       		.uleb128 0xe
 877 00a4 3A       		.uleb128 0x3a
 878 00a5 0B       		.uleb128 0xb
 879 00a6 3B       		.uleb128 0x3b
 880 00a7 0B       		.uleb128 0xb
 881 00a8 27       		.uleb128 0x27
 882 00a9 19       		.uleb128 0x19
 883 00aa 49       		.uleb128 0x49
 884 00ab 13       		.uleb128 0x13
 885 00ac 11       		.uleb128 0x11
 886 00ad 01       		.uleb128 0x1
 887 00ae 12       		.uleb128 0x12
 888 00af 06       		.uleb128 0x6
 889 00b0 40       		.uleb128 0x40
 890 00b1 18       		.uleb128 0x18
 891 00b2 9742     		.uleb128 0x2117
 892 00b4 19       		.uleb128 0x19
 893 00b5 01       		.uleb128 0x1
 894 00b6 13       		.uleb128 0x13
 895 00b7 00       		.byte	0
ARM GAS  C:\Users\tkam627\AppData\Local\Temp\ccP2WQps.s 			page 24


 896 00b8 00       		.byte	0
 897 00b9 0D       		.uleb128 0xd
 898 00ba 2E       		.uleb128 0x2e
 899 00bb 01       		.byte	0x1
 900 00bc 3F       		.uleb128 0x3f
 901 00bd 19       		.uleb128 0x19
 902 00be 03       		.uleb128 0x3
 903 00bf 0E       		.uleb128 0xe
 904 00c0 3A       		.uleb128 0x3a
 905 00c1 0B       		.uleb128 0xb
 906 00c2 3B       		.uleb128 0x3b
 907 00c3 05       		.uleb128 0x5
 908 00c4 27       		.uleb128 0x27
 909 00c5 19       		.uleb128 0x19
 910 00c6 11       		.uleb128 0x11
 911 00c7 01       		.uleb128 0x1
 912 00c8 12       		.uleb128 0x12
 913 00c9 06       		.uleb128 0x6
 914 00ca 40       		.uleb128 0x40
 915 00cb 18       		.uleb128 0x18
 916 00cc 9742     		.uleb128 0x2117
 917 00ce 19       		.uleb128 0x19
 918 00cf 01       		.uleb128 0x1
 919 00d0 13       		.uleb128 0x13
 920 00d1 00       		.byte	0
 921 00d2 00       		.byte	0
 922 00d3 0E       		.uleb128 0xe
 923 00d4 05       		.uleb128 0x5
 924 00d5 00       		.byte	0
 925 00d6 03       		.uleb128 0x3
 926 00d7 0E       		.uleb128 0xe
 927 00d8 3A       		.uleb128 0x3a
 928 00d9 0B       		.uleb128 0xb
 929 00da 3B       		.uleb128 0x3b
 930 00db 05       		.uleb128 0x5
 931 00dc 49       		.uleb128 0x49
 932 00dd 13       		.uleb128 0x13
 933 00de 02       		.uleb128 0x2
 934 00df 17       		.uleb128 0x17
 935 00e0 00       		.byte	0
 936 00e1 00       		.byte	0
 937 00e2 0F       		.uleb128 0xf
 938 00e3 2E       		.uleb128 0x2e
 939 00e4 01       		.byte	0x1
 940 00e5 3F       		.uleb128 0x3f
 941 00e6 19       		.uleb128 0x19
 942 00e7 03       		.uleb128 0x3
 943 00e8 0E       		.uleb128 0xe
 944 00e9 3A       		.uleb128 0x3a
 945 00ea 0B       		.uleb128 0xb
 946 00eb 3B       		.uleb128 0x3b
 947 00ec 05       		.uleb128 0x5
 948 00ed 27       		.uleb128 0x27
 949 00ee 19       		.uleb128 0x19
 950 00ef 49       		.uleb128 0x49
 951 00f0 13       		.uleb128 0x13
 952 00f1 11       		.uleb128 0x11
ARM GAS  C:\Users\tkam627\AppData\Local\Temp\ccP2WQps.s 			page 25


 953 00f2 01       		.uleb128 0x1
 954 00f3 12       		.uleb128 0x12
 955 00f4 06       		.uleb128 0x6
 956 00f5 40       		.uleb128 0x40
 957 00f6 18       		.uleb128 0x18
 958 00f7 9742     		.uleb128 0x2117
 959 00f9 19       		.uleb128 0x19
 960 00fa 01       		.uleb128 0x1
 961 00fb 13       		.uleb128 0x13
 962 00fc 00       		.byte	0
 963 00fd 00       		.byte	0
 964 00fe 10       		.uleb128 0x10
 965 00ff 34       		.uleb128 0x34
 966 0100 00       		.byte	0
 967 0101 03       		.uleb128 0x3
 968 0102 0E       		.uleb128 0xe
 969 0103 3A       		.uleb128 0x3a
 970 0104 0B       		.uleb128 0xb
 971 0105 3B       		.uleb128 0x3b
 972 0106 05       		.uleb128 0x5
 973 0107 49       		.uleb128 0x49
 974 0108 13       		.uleb128 0x13
 975 0109 02       		.uleb128 0x2
 976 010a 17       		.uleb128 0x17
 977 010b 00       		.byte	0
 978 010c 00       		.byte	0
 979 010d 11       		.uleb128 0x11
 980 010e 2E       		.uleb128 0x2e
 981 010f 00       		.byte	0
 982 0110 3F       		.uleb128 0x3f
 983 0111 19       		.uleb128 0x19
 984 0112 03       		.uleb128 0x3
 985 0113 0E       		.uleb128 0xe
 986 0114 3A       		.uleb128 0x3a
 987 0115 0B       		.uleb128 0xb
 988 0116 3B       		.uleb128 0x3b
 989 0117 05       		.uleb128 0x5
 990 0118 27       		.uleb128 0x27
 991 0119 19       		.uleb128 0x19
 992 011a 11       		.uleb128 0x11
 993 011b 01       		.uleb128 0x1
 994 011c 12       		.uleb128 0x12
 995 011d 06       		.uleb128 0x6
 996 011e 40       		.uleb128 0x40
 997 011f 18       		.uleb128 0x18
 998 0120 9742     		.uleb128 0x2117
 999 0122 19       		.uleb128 0x19
 1000 0123 00       		.byte	0
 1001 0124 00       		.byte	0
 1002 0125 12       		.uleb128 0x12
 1003 0126 2E       		.uleb128 0x2e
 1004 0127 00       		.byte	0
 1005 0128 3F       		.uleb128 0x3f
 1006 0129 19       		.uleb128 0x19
 1007 012a 03       		.uleb128 0x3
 1008 012b 0E       		.uleb128 0xe
 1009 012c 3A       		.uleb128 0x3a
ARM GAS  C:\Users\tkam627\AppData\Local\Temp\ccP2WQps.s 			page 26


 1010 012d 0B       		.uleb128 0xb
 1011 012e 3B       		.uleb128 0x3b
 1012 012f 05       		.uleb128 0x5
 1013 0130 27       		.uleb128 0x27
 1014 0131 19       		.uleb128 0x19
 1015 0132 49       		.uleb128 0x49
 1016 0133 13       		.uleb128 0x13
 1017 0134 11       		.uleb128 0x11
 1018 0135 01       		.uleb128 0x1
 1019 0136 12       		.uleb128 0x12
 1020 0137 06       		.uleb128 0x6
 1021 0138 40       		.uleb128 0x40
 1022 0139 18       		.uleb128 0x18
 1023 013a 9742     		.uleb128 0x2117
 1024 013c 19       		.uleb128 0x19
 1025 013d 00       		.byte	0
 1026 013e 00       		.byte	0
 1027 013f 13       		.uleb128 0x13
 1028 0140 898201   		.uleb128 0x4109
 1029 0143 00       		.byte	0
 1030 0144 11       		.uleb128 0x11
 1031 0145 01       		.uleb128 0x1
 1032 0146 31       		.uleb128 0x31
 1033 0147 13       		.uleb128 0x13
 1034 0148 00       		.byte	0
 1035 0149 00       		.byte	0
 1036 014a 14       		.uleb128 0x14
 1037 014b 898201   		.uleb128 0x4109
 1038 014e 01       		.byte	0x1
 1039 014f 11       		.uleb128 0x11
 1040 0150 01       		.uleb128 0x1
 1041 0151 31       		.uleb128 0x31
 1042 0152 13       		.uleb128 0x13
 1043 0153 01       		.uleb128 0x1
 1044 0154 13       		.uleb128 0x13
 1045 0155 00       		.byte	0
 1046 0156 00       		.byte	0
 1047 0157 15       		.uleb128 0x15
 1048 0158 8A8201   		.uleb128 0x410a
 1049 015b 00       		.byte	0
 1050 015c 02       		.uleb128 0x2
 1051 015d 18       		.uleb128 0x18
 1052 015e 9142     		.uleb128 0x2111
 1053 0160 18       		.uleb128 0x18
 1054 0161 00       		.byte	0
 1055 0162 00       		.byte	0
 1056 0163 16       		.uleb128 0x16
 1057 0164 05       		.uleb128 0x5
 1058 0165 00       		.byte	0
 1059 0166 03       		.uleb128 0x3
 1060 0167 0E       		.uleb128 0xe
 1061 0168 3A       		.uleb128 0x3a
 1062 0169 0B       		.uleb128 0xb
 1063 016a 3B       		.uleb128 0x3b
 1064 016b 0B       		.uleb128 0xb
 1065 016c 49       		.uleb128 0x49
 1066 016d 13       		.uleb128 0x13
ARM GAS  C:\Users\tkam627\AppData\Local\Temp\ccP2WQps.s 			page 27


 1067 016e 02       		.uleb128 0x2
 1068 016f 17       		.uleb128 0x17
 1069 0170 00       		.byte	0
 1070 0171 00       		.byte	0
 1071 0172 00       		.byte	0
 1072              		.section	.debug_loc,"",%progbits
 1073              	.Ldebug_loc0:
 1074              	.LLST0:
 1075 0000 00000000 		.4byte	.LVL3
 1076 0004 02000000 		.4byte	.LVL4
 1077 0008 0100     		.2byte	0x1
 1078 000a 50       		.byte	0x50
 1079 000b 02000000 		.4byte	.LVL4
 1080 000f 10000000 		.4byte	.LFE6
 1081 0013 0400     		.2byte	0x4
 1082 0015 F3       		.byte	0xf3
 1083 0016 01       		.uleb128 0x1
 1084 0017 50       		.byte	0x50
 1085 0018 9F       		.byte	0x9f
 1086 0019 00000000 		.4byte	0
 1087 001d 00000000 		.4byte	0
 1088              	.LLST1:
 1089 0021 04000000 		.4byte	.LVL5
 1090 0025 06000000 		.4byte	.LVL6
 1091 0029 0500     		.2byte	0x5
 1092 002b 70       		.byte	0x70
 1093 002c 00       		.sleb128 0
 1094 002d 35       		.byte	0x35
 1095 002e 25       		.byte	0x25
 1096 002f 9F       		.byte	0x9f
 1097 0030 00000000 		.4byte	0
 1098 0034 00000000 		.4byte	0
 1099              	.LLST2:
 1100 0038 00000000 		.4byte	.LVL11
 1101 003c 07000000 		.4byte	.LVL12-1
 1102 0040 0100     		.2byte	0x1
 1103 0042 50       		.byte	0x50
 1104 0043 07000000 		.4byte	.LVL12-1
 1105 0047 1A000000 		.4byte	.LFE1
 1106 004b 0100     		.2byte	0x1
 1107 004d 54       		.byte	0x54
 1108 004e 00000000 		.4byte	0
 1109 0052 00000000 		.4byte	0
 1110              		.section	.debug_aranges,"",%progbits
 1111 0000 7C000000 		.4byte	0x7c
 1112 0004 0200     		.2byte	0x2
 1113 0006 00000000 		.4byte	.Ldebug_info0
 1114 000a 04       		.byte	0x4
 1115 000b 00       		.byte	0
 1116 000c 0000     		.2byte	0
 1117 000e 0000     		.2byte	0
 1118 0010 00000000 		.4byte	.LFB3
 1119 0014 02000000 		.4byte	.LFE3-.LFB3
 1120 0018 00000000 		.4byte	.LFB4
 1121 001c 0C000000 		.4byte	.LFE4-.LFB4
 1122 0020 00000000 		.4byte	.LFB5
 1123 0024 0C000000 		.4byte	.LFE5-.LFB5
ARM GAS  C:\Users\tkam627\AppData\Local\Temp\ccP2WQps.s 			page 28


 1124 0028 00000000 		.4byte	.LFB6
 1125 002c 10000000 		.4byte	.LFE6-.LFB6
 1126 0030 00000000 		.4byte	.LFB7
 1127 0034 0C000000 		.4byte	.LFE7-.LFB7
 1128 0038 00000000 		.4byte	.LFB8
 1129 003c 0C000000 		.4byte	.LFE8-.LFB8
 1130 0040 00000000 		.4byte	.LFB9
 1131 0044 10000000 		.4byte	.LFE9-.LFB9
 1132 0048 00000000 		.4byte	.LFB10
 1133 004c 0C000000 		.4byte	.LFE10-.LFB10
 1134 0050 00000000 		.4byte	.LFB0
 1135 0054 1C000000 		.4byte	.LFE0-.LFB0
 1136 0058 00000000 		.4byte	.LFB1
 1137 005c 1A000000 		.4byte	.LFE1-.LFB1
 1138 0060 00000000 		.4byte	.LFB2
 1139 0064 14000000 		.4byte	.LFE2-.LFB2
 1140 0068 00000000 		.4byte	.LFB11
 1141 006c 0C000000 		.4byte	.LFE11-.LFB11
 1142 0070 00000000 		.4byte	.LFB12
 1143 0074 0C000000 		.4byte	.LFE12-.LFB12
 1144 0078 00000000 		.4byte	0
 1145 007c 00000000 		.4byte	0
 1146              		.section	.debug_ranges,"",%progbits
 1147              	.Ldebug_ranges0:
 1148 0000 00000000 		.4byte	.LFB3
 1149 0004 02000000 		.4byte	.LFE3
 1150 0008 00000000 		.4byte	.LFB4
 1151 000c 0C000000 		.4byte	.LFE4
 1152 0010 00000000 		.4byte	.LFB5
 1153 0014 0C000000 		.4byte	.LFE5
 1154 0018 00000000 		.4byte	.LFB6
 1155 001c 10000000 		.4byte	.LFE6
 1156 0020 00000000 		.4byte	.LFB7
 1157 0024 0C000000 		.4byte	.LFE7
 1158 0028 00000000 		.4byte	.LFB8
 1159 002c 0C000000 		.4byte	.LFE8
 1160 0030 00000000 		.4byte	.LFB9
 1161 0034 10000000 		.4byte	.LFE9
 1162 0038 00000000 		.4byte	.LFB10
 1163 003c 0C000000 		.4byte	.LFE10
 1164 0040 00000000 		.4byte	.LFB0
 1165 0044 1C000000 		.4byte	.LFE0
 1166 0048 00000000 		.4byte	.LFB1
 1167 004c 1A000000 		.4byte	.LFE1
 1168 0050 00000000 		.4byte	.LFB2
 1169 0054 14000000 		.4byte	.LFE2
 1170 0058 00000000 		.4byte	.LFB11
 1171 005c 0C000000 		.4byte	.LFE11
 1172 0060 00000000 		.4byte	.LFB12
 1173 0064 0C000000 		.4byte	.LFE12
 1174 0068 00000000 		.4byte	0
 1175 006c 00000000 		.4byte	0
 1176              		.section	.debug_line,"",%progbits
 1177              	.Ldebug_line0:
 1178 0000 2F010000 		.section	.debug_str,"MS",%progbits,1
 1178      02004300 
 1178      00000201 
ARM GAS  C:\Users\tkam627\AppData\Local\Temp\ccP2WQps.s 			page 29


 1178      FB0E0D00 
 1178      01010101 
 1179              	.LASF1:
 1180 0000 6C6F6E67 		.ascii	"long long int\000"
 1180      206C6F6E 
 1180      6720696E 
 1180      7400
 1181              	.LASF17:
 1182 000e 72656733 		.ascii	"reg32\000"
 1182      3200
 1183              	.LASF36:
 1184 0014 5C5C6669 		.ascii	"\\\\files.auckland.ac.nz\\myhome\\Documents\\PSoC C"
 1184      6C65732E 
 1184      6175636B 
 1184      6C616E64 
 1184      2E61632E 
 1185 0042 72656174 		.ascii	"reator\\Digital_Pins01\\mother.cydsn\000"
 1185      6F725C44 
 1185      69676974 
 1185      616C5F50 
 1185      696E7330 
 1186              	.LASF25:
 1187 0065 6973725F 		.ascii	"isr_rx_GetPriority\000"
 1187      72785F47 
 1187      65745072 
 1187      696F7269 
 1187      747900
 1188              	.LASF6:
 1189 0078 73686F72 		.ascii	"short unsigned int\000"
 1189      7420756E 
 1189      7369676E 
 1189      65642069 
 1189      6E7400
 1190              	.LASF24:
 1191 008b 6973725F 		.ascii	"isr_rx_GetVector\000"
 1191      72785F47 
 1191      65745665 
 1191      63746F72 
 1191      00
 1192              	.LASF26:
 1193 009c 6973725F 		.ascii	"isr_rx_Interrupt\000"
 1193      72785F49 
 1193      6E746572 
 1193      72757074 
 1193      00
 1194              	.LASF14:
 1195 00ad 666C6F61 		.ascii	"float\000"
 1195      7400
 1196              	.LASF27:
 1197 00b3 6973725F 		.ascii	"isr_rx_Enable\000"
 1197      72785F45 
 1197      6E61626C 
 1197      6500
 1198              	.LASF4:
 1199 00c1 756E7369 		.ascii	"unsigned char\000"
 1199      676E6564 
 1199      20636861 
ARM GAS  C:\Users\tkam627\AppData\Local\Temp\ccP2WQps.s 			page 30


 1199      7200
 1200              	.LASF34:
 1201 00cf 474E5520 		.ascii	"GNU C11 5.4.1 20160609 (release) [ARM/embedded-5-br"
 1201      43313120 
 1201      352E342E 
 1201      31203230 
 1201      31363036 
 1202 0102 616E6368 		.ascii	"anch revision 237715] -mcpu=cortex-m3 -mthumb -g -O"
 1202      20726576 
 1202      6973696F 
 1202      6E203233 
 1202      37373135 
 1203 0135 67202D66 		.ascii	"g -ffunction-sections -ffat-lto-objects\000"
 1203      66756E63 
 1203      74696F6E 
 1203      2D736563 
 1203      74696F6E 
 1204              	.LASF16:
 1205 015d 72656738 		.ascii	"reg8\000"
 1205      00
 1206              	.LASF8:
 1207 0162 6C6F6E67 		.ascii	"long unsigned int\000"
 1207      20756E73 
 1207      69676E65 
 1207      6420696E 
 1207      7400
 1208              	.LASF12:
 1209 0174 75696E74 		.ascii	"uint8\000"
 1209      3800
 1210              	.LASF21:
 1211 017a 6973725F 		.ascii	"isr_rx_SetPriority\000"
 1211      72785F53 
 1211      65745072 
 1211      696F7269 
 1211      747900
 1212              	.LASF23:
 1213 018d 7072696F 		.ascii	"priority\000"
 1213      72697479 
 1213      00
 1214              	.LASF15:
 1215 0196 646F7562 		.ascii	"double\000"
 1215      6C6500
 1216              	.LASF35:
 1217 019d 47656E65 		.ascii	"Generated_Source\\PSoC5\\isr_rx.c\000"
 1217      72617465 
 1217      645F536F 
 1217      75726365 
 1217      5C50536F 
 1218              	.LASF31:
 1219 01bd 6973725F 		.ascii	"isr_rx_Stop\000"
 1219      72785F53 
 1219      746F7000 
 1220              	.LASF13:
 1221 01c9 75696E74 		.ascii	"uint32\000"
 1221      333200
 1222              	.LASF30:
 1223 01d0 6973725F 		.ascii	"isr_rx_StartEx\000"
ARM GAS  C:\Users\tkam627\AppData\Local\Temp\ccP2WQps.s 			page 31


 1223      72785F53 
 1223      74617274 
 1223      457800
 1224              	.LASF0:
 1225 01df 756E7369 		.ascii	"unsigned int\000"
 1225      676E6564 
 1225      20696E74 
 1225      00
 1226              	.LASF22:
 1227 01ec 61646472 		.ascii	"address\000"
 1227      65737300 
 1228              	.LASF9:
 1229 01f4 6C6F6E67 		.ascii	"long long unsigned int\000"
 1229      206C6F6E 
 1229      6720756E 
 1229      7369676E 
 1229      65642069 
 1230              	.LASF37:
 1231 020b 6973725F 		.ascii	"isr_rx_GetState\000"
 1231      72785F47 
 1231      65745374 
 1231      61746500 
 1232              	.LASF18:
 1233 021b 63796973 		.ascii	"cyisraddress\000"
 1233      72616464 
 1233      72657373 
 1233      00
 1234              	.LASF32:
 1235 0228 6973725F 		.ascii	"isr_rx_SetPending\000"
 1235      72785F53 
 1235      65745065 
 1235      6E64696E 
 1235      6700
 1236              	.LASF10:
 1237 023a 73697A65 		.ascii	"sizetype\000"
 1237      74797065 
 1237      00
 1238              	.LASF28:
 1239 0243 6973725F 		.ascii	"isr_rx_Disable\000"
 1239      72785F44 
 1239      69736162 
 1239      6C6500
 1240              	.LASF11:
 1241 0252 63686172 		.ascii	"char\000"
 1241      00
 1242              	.LASF19:
 1243 0257 72616D56 		.ascii	"ramVectorTable\000"
 1243      6563746F 
 1243      72546162 
 1243      6C6500
 1244              	.LASF5:
 1245 0266 73686F72 		.ascii	"short int\000"
 1245      7420696E 
 1245      7400
 1246              	.LASF20:
 1247 0270 6973725F 		.ascii	"isr_rx_SetVector\000"
 1247      72785F53 
ARM GAS  C:\Users\tkam627\AppData\Local\Temp\ccP2WQps.s 			page 32


 1247      65745665 
 1247      63746F72 
 1247      00
 1248              	.LASF7:
 1249 0281 6C6F6E67 		.ascii	"long int\000"
 1249      20696E74 
 1249      00
 1250              	.LASF2:
 1251 028a 6C6F6E67 		.ascii	"long double\000"
 1251      20646F75 
 1251      626C6500 
 1252              	.LASF3:
 1253 0296 7369676E 		.ascii	"signed char\000"
 1253      65642063 
 1253      68617200 
 1254              	.LASF29:
 1255 02a2 6973725F 		.ascii	"isr_rx_Start\000"
 1255      72785F53 
 1255      74617274 
 1255      00
 1256              	.LASF33:
 1257 02af 6973725F 		.ascii	"isr_rx_ClearPending\000"
 1257      72785F43 
 1257      6C656172 
 1257      50656E64 
 1257      696E6700 
 1258              		.ident	"GCC: (GNU Tools for ARM Embedded Processors) 5.4.1 20160609 (release) [ARM/embedded-5-bran
