ARM GAS  C:\Users\tkam627\AppData\Local\Temp\ccPe4fWK.s 			page 1


   1              		.syntax unified
   2              		.cpu cortex-m3
   3              		.fpu softvfp
   4              		.eabi_attribute 20, 1
   5              		.eabi_attribute 21, 1
   6              		.eabi_attribute 23, 3
   7              		.eabi_attribute 24, 1
   8              		.eabi_attribute 25, 1
   9              		.eabi_attribute 26, 1
  10              		.eabi_attribute 30, 1
  11              		.eabi_attribute 34, 1
  12              		.eabi_attribute 18, 4
  13              		.thumb
  14              		.syntax unified
  15              		.file	"main.c"
  16              		.text
  17              	.Ltext0:
  18              		.cfi_sections	.debug_frame
  19              		.syntax unified
  20              		.global _printf_float
  21              		.thumb
  22              		.syntax unified
  23              		.section	.text.RxIsr,"ax",%progbits
  24              		.align	2
  25              		.global	RxIsr
  26              		.thumb
  27              		.thumb_func
  28              		.type	RxIsr, %function
  29              	RxIsr:
  30              	.LFB64:
  31              		.file 1 "main.c"
   1:main.c        **** /* ========================================
   2:main.c        ****  *
   3:main.c        ****  * Copyright YOUR COMPANY, THE YEAR
   4:main.c        ****  * All Rights Reserved
   5:main.c        ****  * UNPUBLISHED, LICENSED SOFTWARE.
   6:main.c        ****  *
   7:main.c        ****  * CONFIDENTIAL AND PROPRIETARY INFORMATION
   8:main.c        ****  * WHICH IS THE PROPERTY OF your company.
   9:main.c        ****  *
  10:main.c        ****  * ========================================
  11:main.c        **** */
  12:main.c        **** #if defined(__GNUC__)
  13:main.c        **** asm(".global _printf_float");
  14:main.c        **** #endif
  15:main.c        **** 
  16:main.c        **** #include "project.h"
  17:main.c        **** #include "common.h"
  18:main.c        **** #include <stdio.h>
  19:main.c        **** #include <stdlib.h>
  20:main.c        **** #include <stdbool.h>
  21:main.c        **** 
  22:main.c        **** #define CLEAR_STRING "\033[2J"
  23:main.c        **** #define MOVE_CURSOR "\033[0;0H"
  24:main.c        **** #define SAMPLE_NUM 10000
  25:main.c        **** #define MAX_ADC 57500
  26:main.c        **** #define MIN_ADC 7000
ARM GAS  C:\Users\tkam627\AppData\Local\Temp\ccPe4fWK.s 			page 2


  27:main.c        **** #define MAX_ADC_DIFF 50500
  28:main.c        **** #define ERROR_MULTIPLIER 100
  29:main.c        **** #define MAX_SPEED 0
  30:main.c        **** #define MIN_SPEED 255
  31:main.c        **** void extend();
  32:main.c        **** void retract();
  33:main.c        **** void stop();
  34:main.c        **** int16_t PID(int16_t[3], int16_t, int16_t[3], uint8_t);
  35:main.c        **** 
  36:main.c        **** uint8 errorStatus = 0u;
  37:main.c        **** CY_ISR(RxIsr)
  38:main.c        **** {
  32              		.loc 1 38 0
  33              		.cfi_startproc
  34              		@ args = 0, pretend = 0, frame = 0
  35              		@ frame_needed = 0, uses_anonymous_args = 0
  36              		@ link register save eliminated.
  37              	.L4:
  39:main.c        ****     uint8 rxStatus;
  40:main.c        ****     uint8 rxData;
  41:main.c        ****     do
  42:main.c        ****     {
  43:main.c        ****         /* Read receiver status register */
  44:main.c        ****         rxStatus = UART_RXSTATUS_REG;
  38              		.loc 1 44 0
  39 0000 0A4B     		ldr	r3, .L5
  40 0002 1B78     		ldrb	r3, [r3]	@ zero_extendqisi2
  41 0004 DBB2     		uxtb	r3, r3
  42              	.LVL0:
  45:main.c        **** 
  46:main.c        ****         if ((rxStatus & (UART_RX_STS_BREAK | UART_RX_STS_PAR_ERROR |
  43              		.loc 1 46 0
  44 0006 13F01E0F 		tst	r3, #30
  45 000a 05D0     		beq	.L2
  47:main.c        ****                          UART_RX_STS_STOP_ERROR | UART_RX_STS_OVERRUN)) != 0u)
  48:main.c        ****         {
  49:main.c        ****             /* ERROR handling. */
  50:main.c        ****             errorStatus |= rxStatus & (UART_RX_STS_BREAK | UART_RX_STS_PAR_ERROR |
  46              		.loc 1 50 0
  47 000c 0848     		ldr	r0, .L5+4
  48 000e 03F01E02 		and	r2, r3, #30
  49 0012 0178     		ldrb	r1, [r0]	@ zero_extendqisi2
  50 0014 0A43     		orrs	r2, r2, r1
  51 0016 0270     		strb	r2, [r0]
  52              	.L2:
  53 0018 03F02003 		and	r3, r3, #32
  54              	.LVL1:
  51:main.c        ****                                        UART_RX_STS_STOP_ERROR | UART_RX_STS_OVERRUN);
  52:main.c        ****         }
  53:main.c        **** 
  54:main.c        ****         if ((rxStatus & UART_RX_STS_FIFO_NOTEMPTY) != 0u)
  55              		.loc 1 54 0
  56 001c 03F0FF02 		and	r2, r3, #255
  57 0020 0BB1     		cbz	r3, .L3
  55:main.c        ****         {
  56:main.c        ****             /* Read data from the RX data register */
  57:main.c        ****             rxData = UART_RXDATA_REG;
ARM GAS  C:\Users\tkam627\AppData\Local\Temp\ccPe4fWK.s 			page 3


  58              		.loc 1 57 0
  59 0022 044B     		ldr	r3, .L5+8
  60 0024 1B78     		ldrb	r3, [r3]	@ zero_extendqisi2
  61              	.LVL2:
  62              	.L3:
  58:main.c        ****             if (errorStatus == 0u)
  59:main.c        ****             {
  60:main.c        ****                 /*
  61:main.c        ****                 UART_TXDATA_REG = rxData;
  62:main.c        ****                 
  63:main.c        ****                 printf("11\r\n");
  64:main.c        ****                 */
  65:main.c        ****             }
  66:main.c        ****         }
  67:main.c        ****     } while ((rxStatus & UART_RX_STS_FIFO_NOTEMPTY) != 0u);
  63              		.loc 1 67 0
  64 0026 002A     		cmp	r2, #0
  65 0028 EAD1     		bne	.L4
  68:main.c        **** }
  66              		.loc 1 68 0
  67 002a 7047     		bx	lr
  68              	.L6:
  69              		.align	2
  70              	.L5:
  71 002c 67650040 		.word	1073767783
  72 0030 00000000 		.word	.LANCHOR0
  73 0034 4B650040 		.word	1073767755
  74              		.cfi_endproc
  75              	.LFE64:
  76              		.size	RxIsr, .-RxIsr
  77              		.section	.text.SWPin_Control,"ax",%progbits
  78              		.align	2
  79              		.global	SWPin_Control
  80              		.thumb
  81              		.thumb_func
  82              		.type	SWPin_Control, %function
  83              	SWPin_Control:
  84              	.LFB65:
  69:main.c        **** 
  70:main.c        **** bool button = false;
  71:main.c        **** CY_ISR(SWPin_Control)
  72:main.c        **** {
  85              		.loc 1 72 0
  86              		.cfi_startproc
  87              		@ args = 0, pretend = 0, frame = 0
  88              		@ frame_needed = 0, uses_anonymous_args = 0
  89 0000 08B5     		push	{r3, lr}
  90              		.cfi_def_cfa_offset 8
  91              		.cfi_offset 3, -8
  92              		.cfi_offset 14, -4
  73:main.c        ****     if (InputPin_Read() == 1u)
  93              		.loc 1 73 0
  94 0002 FFF7FEFF 		bl	InputPin_Read
  95              	.LVL3:
  96 0006 0128     		cmp	r0, #1
  97 0008 0DD1     		bne	.L8
  74:main.c        ****     {
ARM GAS  C:\Users\tkam627\AppData\Local\Temp\ccPe4fWK.s 			page 4


  75:main.c        ****         if (button) {
  98              		.loc 1 75 0
  99 000a 084B     		ldr	r3, .L12
 100 000c 5B78     		ldrb	r3, [r3, #1]	@ zero_extendqisi2
 101 000e 13B1     		cbz	r3, .L9
  76:main.c        ****             LED_Write(1);        
 102              		.loc 1 76 0
 103 0010 FFF7FEFF 		bl	LED_Write
 104              	.LVL4:
 105 0014 02E0     		b	.L10
 106              	.L9:
  77:main.c        ****         } else {
  78:main.c        ****             LED_Write(0);   
 107              		.loc 1 78 0
 108 0016 0020     		movs	r0, #0
 109 0018 FFF7FEFF 		bl	LED_Write
 110              	.LVL5:
 111              	.L10:
  79:main.c        ****         }
  80:main.c        ****         
  81:main.c        ****         button = !button;
 112              		.loc 1 81 0
 113 001c 034A     		ldr	r2, .L12
 114 001e 5378     		ldrb	r3, [r2, #1]	@ zero_extendqisi2
 115 0020 83F00103 		eor	r3, r3, #1
 116 0024 5370     		strb	r3, [r2, #1]
 117              	.L8:
  82:main.c        ****     }
  83:main.c        **** 
  84:main.c        ****     InputPin_ClearInterrupt();
 118              		.loc 1 84 0
 119 0026 FFF7FEFF 		bl	InputPin_ClearInterrupt
 120              	.LVL6:
 121 002a 08BD     		pop	{r3, pc}
 122              	.L13:
 123              		.align	2
 124              	.L12:
 125 002c 00000000 		.word	.LANCHOR0
 126              		.cfi_endproc
 127              	.LFE65:
 128              		.size	SWPin_Control, .-SWPin_Control
 129              		.section	.text.extend,"ax",%progbits
 130              		.align	2
 131              		.global	extend
 132              		.thumb
 133              		.thumb_func
 134              		.type	extend, %function
 135              	extend:
 136              	.LFB67:
  85:main.c        **** }
  86:main.c        **** 
  87:main.c        **** int main(void)
  88:main.c        **** {
  89:main.c        ****     CyGlobalIntEnable; /* Enable global interrupts. */
  90:main.c        ****     /* Place your initialization/startup code here (e.g. MyInst_Start()) */
  91:main.c        ****     UART_Start(); /* Start communication component */
  92:main.c        ****     AMux_Start();
ARM GAS  C:\Users\tkam627\AppData\Local\Temp\ccPe4fWK.s 			page 5


  93:main.c        ****     ADC_DelSig_1_Start();
  94:main.c        ****     
  95:main.c        ****     isr_rx_StartEx(RxIsr);
  96:main.c        ****     InputInterrupt_StartEx(SWPin_Control);
  97:main.c        ****     
  98:main.c        ****     PWM3_Start();
  99:main.c        **** 
 100:main.c        ****     PWM3_WriteCompare1(127);// M5 speed
 101:main.c        ****     
 102:main.c        ****     AMux_Select(4);
 103:main.c        ****     ADC_DelSig_1_StartConvert();
 104:main.c        ****     
 105:main.c        ****     int32_t target = MAX_ADC / 2;
 106:main.c        ****     int32_t output = 0;
 107:main.c        ****     
 108:main.c        ****     int16_t PID_output = 0;
 109:main.c        ****     int16_t integral = 0;
 110:main.c        ****     int16_t errors[3] = {0};
 111:main.c        ****     int16_t params[3] = {1, 500, 1};
 112:main.c        ****     
 113:main.c        ****     uint8_t counter = 0;
 114:main.c        ****     uint8_t speed = 0;
 115:main.c        ****     
 116:main.c        ****     printf("%s", CLEAR_STRING);
 117:main.c        ****     printf("%s", MOVE_CURSOR);
 118:main.c        ****     printf("\r");
 119:main.c        ****     
 120:main.c        ****     printf("Retracting...");
 121:main.c        ****     retract();
 122:main.c        ****     while(button);
 123:main.c        ****     
 124:main.c        ****     
 125:main.c        ****     for(int i = 0; i < 3; i++)
 126:main.c        ****     {
 127:main.c        ****         output = ADC_DelSig_1_GetResult32();
 128:main.c        ****         // rio's code
 129:main.c        ****         errors[counter] = (int16_t) ((target - output) * ERROR_MULTIPLIER / MAX_ADC_DIFF);
 130:main.c        ****         counter = (counter + 1) % 3;
 131:main.c        ****         
 132:main.c        ****         CyDelay(100);
 133:main.c        ****     }
 134:main.c        ****     
 135:main.c        ****     for(;;)
 136:main.c        ****     {
 137:main.c        ****         output = ADC_DelSig_1_GetResult32();
 138:main.c        ****         // rio's code
 139:main.c        ****         errors[counter] = (int16_t) (((target - output) * ERROR_MULTIPLIER) / MAX_ADC_DIFF);
 140:main.c        ****         
 141:main.c        ****         printf("%s", CLEAR_STRING);
 142:main.c        ****         printf("%s", MOVE_CURSOR);
 143:main.c        ****         printf("output %li \r\n", output);
 144:main.c        ****         printf("Error %d \r\n", errors[counter]);
 145:main.c        ****         printf("PID %d \r\n", PID_output);
 146:main.c        ****         printf("speed %d \r\n", speed);
 147:main.c        ****         
 148:main.c        ****         integral += errors[counter];
 149:main.c        ****         PID_output = PID(errors, integral, params, counter);
ARM GAS  C:\Users\tkam627\AppData\Local\Temp\ccPe4fWK.s 			page 6


 150:main.c        ****         
 151:main.c        ****         
 152:main.c        ****         if (abs(PID_output) > ERROR_MULTIPLIER) {
 153:main.c        ****             speed = MAX_SPEED;
 154:main.c        ****         } else {
 155:main.c        ****             speed = (uint8_t) (((int16_t) MIN_SPEED * (ERROR_MULTIPLIER - PID_output)) / ERROR_MULT
 156:main.c        ****         }
 157:main.c        ****         
 158:main.c        ****         PWM3_WriteCompare1(speed);
 159:main.c        ****         
 160:main.c        ****         if (errors[counter] > (ERROR_MULTIPLIER / 200)) {
 161:main.c        ****             extend();
 162:main.c        ****         } else if (errors[counter] < -(ERROR_MULTIPLIER / 200)) {
 163:main.c        ****             retract();
 164:main.c        ****         } else {
 165:main.c        ****             stop();
 166:main.c        ****         }
 167:main.c        ****         
 168:main.c        ****         counter = (counter + 1) % 3;
 169:main.c        ****         CyDelay(200);
 170:main.c        ****     }
 171:main.c        **** }
 172:main.c        **** 
 173:main.c        **** void extend() {
 137              		.loc 1 173 0
 138              		.cfi_startproc
 139              		@ args = 0, pretend = 0, frame = 0
 140              		@ frame_needed = 0, uses_anonymous_args = 0
 141 0000 08B5     		push	{r3, lr}
 142              		.cfi_def_cfa_offset 8
 143              		.cfi_offset 3, -8
 144              		.cfi_offset 14, -4
 174:main.c        ****     M5_IN1_Write(1U);
 145              		.loc 1 174 0
 146 0002 0120     		movs	r0, #1
 147 0004 FFF7FEFF 		bl	M5_IN1_Write
 148              	.LVL7:
 175:main.c        ****     M5_IN2_Write(0U);
 149              		.loc 1 175 0
 150 0008 0020     		movs	r0, #0
 151 000a FFF7FEFF 		bl	M5_IN2_Write
 152              	.LVL8:
 153 000e 08BD     		pop	{r3, pc}
 154              		.cfi_endproc
 155              	.LFE67:
 156              		.size	extend, .-extend
 157              		.section	.text.retract,"ax",%progbits
 158              		.align	2
 159              		.global	retract
 160              		.thumb
 161              		.thumb_func
 162              		.type	retract, %function
 163              	retract:
 164              	.LFB68:
 176:main.c        **** }
 177:main.c        **** 
 178:main.c        **** void retract() {
ARM GAS  C:\Users\tkam627\AppData\Local\Temp\ccPe4fWK.s 			page 7


 165              		.loc 1 178 0
 166              		.cfi_startproc
 167              		@ args = 0, pretend = 0, frame = 0
 168              		@ frame_needed = 0, uses_anonymous_args = 0
 169 0000 08B5     		push	{r3, lr}
 170              		.cfi_def_cfa_offset 8
 171              		.cfi_offset 3, -8
 172              		.cfi_offset 14, -4
 179:main.c        ****     M5_IN1_Write(0U);
 173              		.loc 1 179 0
 174 0002 0020     		movs	r0, #0
 175 0004 FFF7FEFF 		bl	M5_IN1_Write
 176              	.LVL9:
 180:main.c        ****     M5_IN2_Write(1U);
 177              		.loc 1 180 0
 178 0008 0120     		movs	r0, #1
 179 000a FFF7FEFF 		bl	M5_IN2_Write
 180              	.LVL10:
 181 000e 08BD     		pop	{r3, pc}
 182              		.cfi_endproc
 183              	.LFE68:
 184              		.size	retract, .-retract
 185              		.section	.text.stop,"ax",%progbits
 186              		.align	2
 187              		.global	stop
 188              		.thumb
 189              		.thumb_func
 190              		.type	stop, %function
 191              	stop:
 192              	.LFB69:
 181:main.c        **** }
 182:main.c        **** 
 183:main.c        **** void stop() {
 193              		.loc 1 183 0
 194              		.cfi_startproc
 195              		@ args = 0, pretend = 0, frame = 0
 196              		@ frame_needed = 0, uses_anonymous_args = 0
 197 0000 08B5     		push	{r3, lr}
 198              		.cfi_def_cfa_offset 8
 199              		.cfi_offset 3, -8
 200              		.cfi_offset 14, -4
 184:main.c        ****     M5_IN1_Write(0U);
 201              		.loc 1 184 0
 202 0002 0020     		movs	r0, #0
 203 0004 FFF7FEFF 		bl	M5_IN1_Write
 204              	.LVL11:
 185:main.c        ****     M5_IN2_Write(0U);
 205              		.loc 1 185 0
 206 0008 0020     		movs	r0, #0
 207 000a FFF7FEFF 		bl	M5_IN2_Write
 208              	.LVL12:
 209 000e 08BD     		pop	{r3, pc}
 210              		.cfi_endproc
 211              	.LFE69:
 212              		.size	stop, .-stop
 213              		.section	.text.PID,"ax",%progbits
 214              		.align	2
ARM GAS  C:\Users\tkam627\AppData\Local\Temp\ccPe4fWK.s 			page 8


 215              		.global	PID
 216              		.thumb
 217              		.thumb_func
 218              		.type	PID, %function
 219              	PID:
 220              	.LFB70:
 186:main.c        **** }
 187:main.c        **** 
 188:main.c        **** int16_t PID(int16_t errors[3], int16_t integral, int16_t params[3], uint8_t counter) {
 221              		.loc 1 188 0
 222              		.cfi_startproc
 223              		@ args = 0, pretend = 0, frame = 0
 224              		@ frame_needed = 0, uses_anonymous_args = 0
 225              	.LVL13:
 226 0000 70B5     		push	{r4, r5, r6, lr}
 227              		.cfi_def_cfa_offset 16
 228              		.cfi_offset 4, -16
 229              		.cfi_offset 5, -12
 230              		.cfi_offset 6, -8
 231              		.cfi_offset 14, -4
 189:main.c        ****     // P = errors[counter] * params[0]
 190:main.c        ****     // I = integral + errors[counter] * params[1]
 191:main.c        ****     // D = (errors[counter] - errors[(counter + 1) % 3]) / 2 * params[2]
 192:main.c        ****     return errors[counter] / params[0] + integral / params[1] + (errors[counter] - errors[(counter 
 232              		.loc 1 192 0
 233 0002 30F91340 		ldrsh	r4, [r0, r3, lsl #1]
 234 0006 B2F90060 		ldrsh	r6, [r2]
 235 000a 94FBF6F6 		sdiv	r6, r4, r6
 236 000e B2F90250 		ldrsh	r5, [r2, #2]
 237 0012 91FBF5F1 		sdiv	r1, r1, r5
 238              	.LVL14:
 239 0016 0133     		adds	r3, r3, #1
 240              	.LVL15:
 241 0018 0A4D     		ldr	r5, .L22
 242 001a 85FB03E5 		smull	lr, r5, r5, r3
 243 001e A5EBE375 		sub	r5, r5, r3, asr #31
 244 0022 05EB4505 		add	r5, r5, r5, lsl #1
 245 0026 5D1B     		subs	r5, r3, r5
 246 0028 30F91530 		ldrsh	r3, [r0, r5, lsl #1]
 247 002c E41A     		subs	r4, r4, r3
 248 002e 04EBD474 		add	r4, r4, r4, lsr #31
 249 0032 6410     		asrs	r4, r4, #1
 250 0034 B2F90400 		ldrsh	r0, [r2, #4]
 251              	.LVL16:
 252 0038 94FBF0F4 		sdiv	r4, r4, r0
 253 003c 7018     		adds	r0, r6, r1
 254 003e 2044     		add	r0, r0, r4
 193:main.c        **** }
 255              		.loc 1 193 0
 256 0040 00B2     		sxth	r0, r0
 257 0042 70BD     		pop	{r4, r5, r6, pc}
 258              	.L23:
 259              		.align	2
 260              	.L22:
 261 0044 56555555 		.word	1431655766
 262              		.cfi_endproc
 263              	.LFE70:
ARM GAS  C:\Users\tkam627\AppData\Local\Temp\ccPe4fWK.s 			page 9


 264              		.size	PID, .-PID
 265              		.section	.text.main,"ax",%progbits
 266              		.align	2
 267              		.global	main
 268              		.thumb
 269              		.thumb_func
 270              		.type	main, %function
 271              	main:
 272              	.LFB66:
  88:main.c        ****     CyGlobalIntEnable; /* Enable global interrupts. */
 273              		.loc 1 88 0
 274              		.cfi_startproc
 275              		@ args = 0, pretend = 0, frame = 16
 276              		@ frame_needed = 0, uses_anonymous_args = 0
 277 0000 2DE9F04F 		push	{r4, r5, r6, r7, r8, r9, r10, fp, lr}
 278              		.cfi_def_cfa_offset 36
 279              		.cfi_offset 4, -36
 280              		.cfi_offset 5, -32
 281              		.cfi_offset 6, -28
 282              		.cfi_offset 7, -24
 283              		.cfi_offset 8, -20
 284              		.cfi_offset 9, -16
 285              		.cfi_offset 10, -12
 286              		.cfi_offset 11, -8
 287              		.cfi_offset 14, -4
 288 0004 85B0     		sub	sp, sp, #20
 289              		.cfi_def_cfa_offset 56
  89:main.c        ****     /* Place your initialization/startup code here (e.g. MyInst_Start()) */
 290              		.loc 1 89 0
 291              		.syntax unified
 292              	@ 89 "main.c" 1
 293 0006 62B6     		CPSIE   i
 294              	@ 0 "" 2
  91:main.c        ****     AMux_Start();
 295              		.loc 1 91 0
 296              		.thumb
 297              		.syntax unified
 298 0008 FFF7FEFF 		bl	UART_Start
 299              	.LVL17:
  92:main.c        ****     ADC_DelSig_1_Start();
 300              		.loc 1 92 0
 301 000c FFF7FEFF 		bl	AMux_Start
 302              	.LVL18:
  93:main.c        ****     
 303              		.loc 1 93 0
 304 0010 FFF7FEFF 		bl	ADC_DelSig_1_Start
 305              	.LVL19:
  95:main.c        ****     InputInterrupt_StartEx(SWPin_Control);
 306              		.loc 1 95 0
 307 0014 6448     		ldr	r0, .L35
 308 0016 FFF7FEFF 		bl	isr_rx_StartEx
 309              	.LVL20:
  96:main.c        ****     
 310              		.loc 1 96 0
 311 001a 6448     		ldr	r0, .L35+4
 312 001c FFF7FEFF 		bl	InputInterrupt_StartEx
 313              	.LVL21:
ARM GAS  C:\Users\tkam627\AppData\Local\Temp\ccPe4fWK.s 			page 10


  98:main.c        **** 
 314              		.loc 1 98 0
 315 0020 FFF7FEFF 		bl	PWM3_Start
 316              	.LVL22:
 100:main.c        ****     
 317              		.loc 1 100 0
 318 0024 7F20     		movs	r0, #127
 319 0026 FFF7FEFF 		bl	PWM3_WriteCompare1
 320              	.LVL23:
 102:main.c        ****     ADC_DelSig_1_StartConvert();
 321              		.loc 1 102 0
 322 002a 0420     		movs	r0, #4
 323 002c FFF7FEFF 		bl	AMux_Select
 324              	.LVL24:
 103:main.c        ****     
 325              		.loc 1 103 0
 326 0030 FFF7FEFF 		bl	ADC_DelSig_1_StartConvert
 327              	.LVL25:
 110:main.c        ****     int16_t params[3] = {1, 500, 1};
 328              		.loc 1 110 0
 329 0034 0023     		movs	r3, #0
 330 0036 0293     		str	r3, [sp, #8]
 331 0038 ADF80C30 		strh	r3, [sp, #12]	@ movhi
 111:main.c        ****     
 332              		.loc 1 111 0
 333 003c 5C4B     		ldr	r3, .L35+8
 334 003e 1868     		ldr	r0, [r3]	@ unaligned
 335 0040 0090     		str	r0, [sp]	@ unaligned
 336 0042 9B88     		ldrh	r3, [r3, #4]	@ unaligned
 337 0044 ADF80430 		strh	r3, [sp, #4]	@ unaligned
 338              	.LVL26:
 116:main.c        ****     printf("%s", MOVE_CURSOR);
 339              		.loc 1 116 0
 340 0048 5A4C     		ldr	r4, .L35+12
 341 004a 5B49     		ldr	r1, .L35+16
 342 004c 2046     		mov	r0, r4
 343 004e FFF7FEFF 		bl	printf
 344              	.LVL27:
 117:main.c        ****     printf("\r");
 345              		.loc 1 117 0
 346 0052 5A49     		ldr	r1, .L35+20
 347 0054 2046     		mov	r0, r4
 348 0056 FFF7FEFF 		bl	printf
 349              	.LVL28:
 118:main.c        ****     
 350              		.loc 1 118 0
 351 005a 0D20     		movs	r0, #13
 352 005c FFF7FEFF 		bl	putchar
 353              	.LVL29:
 120:main.c        ****     retract();
 354              		.loc 1 120 0
 355 0060 5748     		ldr	r0, .L35+24
 356 0062 FFF7FEFF 		bl	printf
 357              	.LVL30:
 121:main.c        ****     while(button);
 358              		.loc 1 121 0
 359 0066 FFF7FEFF 		bl	retract
ARM GAS  C:\Users\tkam627\AppData\Local\Temp\ccPe4fWK.s 			page 11


 360              	.LVL31:
 361              	.L25:
 122:main.c        ****     
 362              		.loc 1 122 0 discriminator 1
 363 006a 564B     		ldr	r3, .L35+28
 364 006c 5B78     		ldrb	r3, [r3, #1]	@ zero_extendqisi2
 365 006e 002B     		cmp	r3, #0
 366 0070 FBD1     		bne	.L25
 367 0072 0025     		movs	r5, #0
 368 0074 2C46     		mov	r4, r5
 369 0076 1FE0     		b	.L26
 370              	.LVL32:
 371              	.L27:
 372              	.LBB2:
 127:main.c        ****         // rio's code
 373              		.loc 1 127 0 discriminator 3
 374 0078 FFF7FEFF 		bl	ADC_DelSig_1_GetResult32
 375              	.LVL33:
 129:main.c        ****         counter = (counter + 1) % 3;
 376              		.loc 1 129 0 discriminator 3
 377 007c C0F5E043 		rsb	r3, r0, #28672
 378 0080 4E33     		adds	r3, r3, #78
 379 0082 6420     		movs	r0, #100
 380              	.LVL34:
 381 0084 00FB03F3 		mul	r3, r0, r3
 382 0088 4F4A     		ldr	r2, .L35+32
 383 008a 82FB0312 		smull	r1, r2, r2, r3
 384 008e DB17     		asrs	r3, r3, #31
 385 0090 C3EBA233 		rsb	r3, r3, r2, asr #14
 386 0094 04AA     		add	r2, sp, #16
 387 0096 02EB4402 		add	r2, r2, r4, lsl #1
 388 009a 22F8083C 		strh	r3, [r2, #-8]	@ movhi
 130:main.c        ****         
 389              		.loc 1 130 0 discriminator 3
 390 009e 0134     		adds	r4, r4, #1
 391              	.LVL35:
 392 00a0 4A4B     		ldr	r3, .L35+36
 393 00a2 83FB0423 		smull	r2, r3, r3, r4
 394 00a6 A3EBE473 		sub	r3, r3, r4, asr #31
 395 00aa 03EB4303 		add	r3, r3, r3, lsl #1
 396 00ae E31A     		subs	r3, r4, r3
 397 00b0 DCB2     		uxtb	r4, r3
 398              	.LVL36:
 132:main.c        ****     }
 399              		.loc 1 132 0 discriminator 3
 400 00b2 FFF7FEFF 		bl	CyDelay
 401              	.LVL37:
 125:main.c        ****     {
 402              		.loc 1 125 0 discriminator 3
 403 00b6 0135     		adds	r5, r5, #1
 404              	.LVL38:
 405              	.L26:
 125:main.c        ****     {
 406              		.loc 1 125 0 is_stmt 0 discriminator 1
 407 00b8 022D     		cmp	r5, #2
 408 00ba DDDD     		ble	.L27
 409 00bc 0025     		movs	r5, #0
ARM GAS  C:\Users\tkam627\AppData\Local\Temp\ccPe4fWK.s 			page 12


 410              	.LVL39:
 411 00be 2F46     		mov	r7, r5
 412 00c0 2E46     		mov	r6, r5
 413              	.LVL40:
 414              	.L32:
 415              	.LBE2:
 137:main.c        ****         // rio's code
 416              		.loc 1 137 0 is_stmt 1
 417 00c2 FFF7FEFF 		bl	ADC_DelSig_1_GetResult32
 418              	.LVL41:
 419 00c6 8146     		mov	r9, r0
 420              	.LVL42:
 139:main.c        ****         
 421              		.loc 1 139 0
 422 00c8 A046     		mov	r8, r4
 423 00ca C0F5E042 		rsb	r2, r0, #28672
 424 00ce 4E32     		adds	r2, r2, #78
 425 00d0 6423     		movs	r3, #100
 426 00d2 03FB02F3 		mul	r3, r3, r2
 427 00d6 3C4A     		ldr	r2, .L35+32
 428 00d8 82FB0312 		smull	r1, r2, r2, r3
 429 00dc DB17     		asrs	r3, r3, #31
 430 00de C3EBA233 		rsb	r3, r3, r2, asr #14
 431 00e2 04AA     		add	r2, sp, #16
 432 00e4 02EB440A 		add	r10, r2, r4, lsl #1
 433 00e8 2AF8083C 		strh	r3, [r10, #-8]	@ movhi
 141:main.c        ****         printf("%s", MOVE_CURSOR);
 434              		.loc 1 141 0
 435 00ec DFF8C4B0 		ldr	fp, .L35+12
 436 00f0 3149     		ldr	r1, .L35+16
 437 00f2 5846     		mov	r0, fp
 438              	.LVL43:
 439 00f4 FFF7FEFF 		bl	printf
 440              	.LVL44:
 142:main.c        ****         printf("output %li \r\n", output);
 441              		.loc 1 142 0
 442 00f8 3049     		ldr	r1, .L35+20
 443 00fa 5846     		mov	r0, fp
 444 00fc FFF7FEFF 		bl	printf
 445              	.LVL45:
 143:main.c        ****         printf("Error %d \r\n", errors[counter]);
 446              		.loc 1 143 0
 447 0100 4946     		mov	r1, r9
 448 0102 3348     		ldr	r0, .L35+40
 449 0104 FFF7FEFF 		bl	printf
 450              	.LVL46:
 144:main.c        ****         printf("PID %d \r\n", PID_output);
 451              		.loc 1 144 0
 452 0108 3AF9081C 		ldrsh	r1, [r10, #-8]
 453 010c 3148     		ldr	r0, .L35+44
 454 010e FFF7FEFF 		bl	printf
 455              	.LVL47:
 145:main.c        ****         printf("speed %d \r\n", speed);
 456              		.loc 1 145 0
 457 0112 3146     		mov	r1, r6
 458 0114 3048     		ldr	r0, .L35+48
 459 0116 FFF7FEFF 		bl	printf
ARM GAS  C:\Users\tkam627\AppData\Local\Temp\ccPe4fWK.s 			page 13


 460              	.LVL48:
 146:main.c        ****         
 461              		.loc 1 146 0
 462 011a 2946     		mov	r1, r5
 463 011c 2F48     		ldr	r0, .L35+52
 464 011e FFF7FEFF 		bl	printf
 465              	.LVL49:
 148:main.c        ****         PID_output = PID(errors, integral, params, counter);
 466              		.loc 1 148 0
 467 0122 3AF9083C 		ldrsh	r3, [r10, #-8]
 468 0126 1F44     		add	r7, r7, r3
 469              	.LVL50:
 470 0128 3FB2     		sxth	r7, r7
 471              	.LVL51:
 149:main.c        ****         
 472              		.loc 1 149 0
 473 012a 2346     		mov	r3, r4
 474 012c 6A46     		mov	r2, sp
 475 012e 3946     		mov	r1, r7
 476 0130 02A8     		add	r0, sp, #8
 477 0132 FFF7FEFF 		bl	PID
 478              	.LVL52:
 479 0136 0646     		mov	r6, r0
 480              	.LVL53:
 152:main.c        ****             speed = MAX_SPEED;
 481              		.loc 1 152 0
 482 0138 80EAE073 		eor	r3, r0, r0, asr #31
 483 013c A3EBE073 		sub	r3, r3, r0, asr #31
 484 0140 642B     		cmp	r3, #100
 485 0142 0BDC     		bgt	.L33
 155:main.c        ****         }
 486              		.loc 1 155 0
 487 0144 C0F16403 		rsb	r3, r0, #100
 488 0148 C3EB0323 		rsb	r3, r3, r3, lsl #8
 489 014c 244D     		ldr	r5, .L35+56
 490              	.LVL54:
 491 014e 85FB0325 		smull	r2, r5, r5, r3
 492 0152 DB17     		asrs	r3, r3, #31
 493 0154 C3EB6515 		rsb	r5, r3, r5, asr #5
 494 0158 EDB2     		uxtb	r5, r5
 495              	.LVL55:
 496 015a 00E0     		b	.L28
 497              	.L33:
 153:main.c        ****         } else {
 498              		.loc 1 153 0
 499 015c 0025     		movs	r5, #0
 500              	.LVL56:
 501              	.L28:
 158:main.c        ****         
 502              		.loc 1 158 0
 503 015e 2846     		mov	r0, r5
 504              	.LVL57:
 505 0160 FFF7FEFF 		bl	PWM3_WriteCompare1
 506              	.LVL58:
 160:main.c        ****             extend();
 507              		.loc 1 160 0
 508 0164 04AB     		add	r3, sp, #16
ARM GAS  C:\Users\tkam627\AppData\Local\Temp\ccPe4fWK.s 			page 14


 509 0166 03EB4803 		add	r3, r3, r8, lsl #1
 510 016a 33F9083C 		ldrsh	r3, [r3, #-8]
 511 016e 002B     		cmp	r3, #0
 512 0170 02DD     		ble	.L29
 161:main.c        ****         } else if (errors[counter] < -(ERROR_MULTIPLIER / 200)) {
 513              		.loc 1 161 0
 514 0172 FFF7FEFF 		bl	extend
 515              	.LVL59:
 516 0176 06E0     		b	.L30
 517              	.L29:
 162:main.c        ****             retract();
 518              		.loc 1 162 0
 519 0178 002B     		cmp	r3, #0
 520 017a 02DA     		bge	.L31
 163:main.c        ****         } else {
 521              		.loc 1 163 0
 522 017c FFF7FEFF 		bl	retract
 523              	.LVL60:
 524 0180 01E0     		b	.L30
 525              	.L31:
 165:main.c        ****         }
 526              		.loc 1 165 0
 527 0182 FFF7FEFF 		bl	stop
 528              	.LVL61:
 529              	.L30:
 168:main.c        ****         CyDelay(200);
 530              		.loc 1 168 0
 531 0186 08F10108 		add	r8, r8, #1
 532 018a 104B     		ldr	r3, .L35+36
 533 018c 83FB0823 		smull	r2, r3, r3, r8
 534 0190 A3EBE873 		sub	r3, r3, r8, asr #31
 535 0194 03EB4303 		add	r3, r3, r3, lsl #1
 536 0198 C3EB0803 		rsb	r3, r3, r8
 537 019c DCB2     		uxtb	r4, r3
 538              	.LVL62:
 169:main.c        ****     }
 539              		.loc 1 169 0
 540 019e C820     		movs	r0, #200
 541 01a0 FFF7FEFF 		bl	CyDelay
 542              	.LVL63:
 170:main.c        **** }
 543              		.loc 1 170 0
 544 01a4 8DE7     		b	.L32
 545              	.L36:
 546 01a6 00BF     		.align	2
 547              	.L35:
 548 01a8 00000000 		.word	RxIsr
 549 01ac 00000000 		.word	SWPin_Control
 550 01b0 00000000 		.word	.LANCHOR1
 551 01b4 08000000 		.word	.LC2
 552 01b8 00000000 		.word	.LC1
 553 01bc 0C000000 		.word	.LC3
 554 01c0 14000000 		.word	.LC4
 555 01c4 00000000 		.word	.LANCHOR0
 556 01c8 DF360E53 		.word	1393440479
 557 01cc 56555555 		.word	1431655766
 558 01d0 24000000 		.word	.LC5
ARM GAS  C:\Users\tkam627\AppData\Local\Temp\ccPe4fWK.s 			page 15


 559 01d4 34000000 		.word	.LC6
 560 01d8 40000000 		.word	.LC7
 561 01dc 4C000000 		.word	.LC8
 562 01e0 1F85EB51 		.word	1374389535
 563              		.cfi_endproc
 564              	.LFE66:
 565              		.size	main, .-main
 566              		.global	button
 567              		.global	errorStatus
 568              		.section	.rodata
 569              		.align	2
 570              		.set	.LANCHOR1,. + 0
 571              	.LC0:
 572 0000 0100     		.short	1
 573 0002 F401     		.short	500
 574 0004 0100     		.short	1
 575              		.section	.rodata.str1.4,"aMS",%progbits,1
 576              		.align	2
 577              	.LC1:
 578 0000 1B5B324A 		.ascii	"\033[2J\000"
 578      00
 579 0005 000000   		.space	3
 580              	.LC2:
 581 0008 257300   		.ascii	"%s\000"
 582 000b 00       		.space	1
 583              	.LC3:
 584 000c 1B5B303B 		.ascii	"\033[0;0H\000"
 584      304800
 585 0013 00       		.space	1
 586              	.LC4:
 587 0014 52657472 		.ascii	"Retracting...\000"
 587      61637469 
 587      6E672E2E 
 587      2E00
 588 0022 0000     		.space	2
 589              	.LC5:
 590 0024 6F757470 		.ascii	"output %li \015\012\000"
 590      75742025 
 590      6C69200D 
 590      0A00
 591 0032 0000     		.space	2
 592              	.LC6:
 593 0034 4572726F 		.ascii	"Error %d \015\012\000"
 593      72202564 
 593      200D0A00 
 594              	.LC7:
 595 0040 50494420 		.ascii	"PID %d \015\012\000"
 595      2564200D 
 595      0A00
 596 004a 0000     		.space	2
 597              	.LC8:
 598 004c 73706565 		.ascii	"speed %d \015\012\000"
 598      64202564 
 598      200D0A00 
 599              		.bss
 600              		.set	.LANCHOR0,. + 0
 601              		.type	errorStatus, %object
ARM GAS  C:\Users\tkam627\AppData\Local\Temp\ccPe4fWK.s 			page 16


 602              		.size	errorStatus, 1
 603              	errorStatus:
 604 0000 00       		.space	1
 605              		.type	button, %object
 606              		.size	button, 1
 607              	button:
 608 0001 00       		.space	1
 609              		.text
 610              	.Letext0:
 611              		.file 2 "c:\\program files (x86)\\cypress\\psoc creator\\4.2\\psoc creator\\import\\gnu\\arm\\5.4.
 612              		.file 3 "c:\\program files (x86)\\cypress\\psoc creator\\4.2\\psoc creator\\import\\gnu\\arm\\5.4.
 613              		.file 4 "Generated_Source\\PSoC5/cytypes.h"
 614              		.file 5 "Generated_Source\\PSoC5/core_cm3.h"
 615              		.file 6 "Generated_Source\\PSoC5/InputPin.h"
 616              		.file 7 "Generated_Source\\PSoC5/LED.h"
 617              		.file 8 "Generated_Source\\PSoC5/M5_IN1.h"
 618              		.file 9 "Generated_Source\\PSoC5/M5_IN2.h"
 619              		.file 10 "Generated_Source\\PSoC5/ADC_DelSig_1.h"
 620              		.file 11 "Generated_Source\\PSoC5/CyLib.h"
 621              		.file 12 "Generated_Source\\PSoC5/UART.h"
 622              		.file 13 "Generated_Source\\PSoC5/AMux.h"
 623              		.file 14 "Generated_Source\\PSoC5/isr_rx.h"
 624              		.file 15 "Generated_Source\\PSoC5/InputInterrupt.h"
 625              		.file 16 "Generated_Source\\PSoC5/PWM3.h"
 626              		.file 17 "c:\\program files (x86)\\cypress\\psoc creator\\4.2\\psoc creator\\import\\gnu\\arm\\5.4
 627              		.file 18 "<built-in>"
 628              		.section	.debug_info,"",%progbits
 629              	.Ldebug_info0:
 630 0000 3B060000 		.4byte	0x63b
 631 0004 0400     		.2byte	0x4
 632 0006 00000000 		.4byte	.Ldebug_abbrev0
 633 000a 04       		.byte	0x4
 634 000b 01       		.uleb128 0x1
 635 000c DE020000 		.4byte	.LASF57
 636 0010 0C       		.byte	0xc
 637 0011 5C020000 		.4byte	.LASF58
 638 0015 0B020000 		.4byte	.LASF59
 639 0019 00000000 		.4byte	.Ldebug_ranges0+0
 640 001d 00000000 		.4byte	0
 641 0021 00000000 		.4byte	.Ldebug_line0
 642 0025 02       		.uleb128 0x2
 643 0026 01       		.byte	0x1
 644 0027 06       		.byte	0x6
 645 0028 2C010000 		.4byte	.LASF0
 646 002c 03       		.uleb128 0x3
 647 002d CB000000 		.4byte	.LASF2
 648 0031 02       		.byte	0x2
 649 0032 1D       		.byte	0x1d
 650 0033 37000000 		.4byte	0x37
 651 0037 02       		.uleb128 0x2
 652 0038 01       		.byte	0x1
 653 0039 08       		.byte	0x8
 654 003a 16010000 		.4byte	.LASF1
 655 003e 03       		.uleb128 0x3
 656 003f 00000000 		.4byte	.LASF3
 657 0043 02       		.byte	0x2
 658 0044 29       		.byte	0x29
ARM GAS  C:\Users\tkam627\AppData\Local\Temp\ccPe4fWK.s 			page 17


 659 0045 49000000 		.4byte	0x49
 660 0049 02       		.uleb128 0x2
 661 004a 02       		.byte	0x2
 662 004b 05       		.byte	0x5
 663 004c 23000000 		.4byte	.LASF4
 664 0050 02       		.uleb128 0x2
 665 0051 02       		.byte	0x2
 666 0052 07       		.byte	0x7
 667 0053 D8010000 		.4byte	.LASF5
 668 0057 03       		.uleb128 0x3
 669 0058 B2020000 		.4byte	.LASF6
 670 005c 02       		.byte	0x2
 671 005d 3F       		.byte	0x3f
 672 005e 62000000 		.4byte	0x62
 673 0062 02       		.uleb128 0x2
 674 0063 04       		.byte	0x4
 675 0064 05       		.byte	0x5
 676 0065 AB000000 		.4byte	.LASF7
 677 0069 02       		.uleb128 0x2
 678 006a 04       		.byte	0x4
 679 006b 07       		.byte	0x7
 680 006c 68020000 		.4byte	.LASF8
 681 0070 02       		.uleb128 0x2
 682 0071 08       		.byte	0x8
 683 0072 05       		.byte	0x5
 684 0073 9D000000 		.4byte	.LASF9
 685 0077 02       		.uleb128 0x2
 686 0078 08       		.byte	0x8
 687 0079 07       		.byte	0x7
 688 007a 38010000 		.4byte	.LASF10
 689 007e 04       		.uleb128 0x4
 690 007f 04       		.byte	0x4
 691 0080 05       		.byte	0x5
 692 0081 696E7400 		.ascii	"int\000"
 693 0085 02       		.uleb128 0x2
 694 0086 04       		.byte	0x4
 695 0087 07       		.byte	0x7
 696 0088 4F010000 		.4byte	.LASF11
 697 008c 03       		.uleb128 0x3
 698 008d 66000000 		.4byte	.LASF12
 699 0091 03       		.byte	0x3
 700 0092 18       		.byte	0x18
 701 0093 2C000000 		.4byte	0x2c
 702 0097 03       		.uleb128 0x3
 703 0098 EB010000 		.4byte	.LASF13
 704 009c 03       		.byte	0x3
 705 009d 20       		.byte	0x20
 706 009e 3E000000 		.4byte	0x3e
 707 00a2 03       		.uleb128 0x3
 708 00a3 D0010000 		.4byte	.LASF14
 709 00a7 03       		.byte	0x3
 710 00a8 2C       		.byte	0x2c
 711 00a9 57000000 		.4byte	0x57
 712 00ad 05       		.uleb128 0x5
 713 00ae 6E000000 		.4byte	.LASF15
 714 00b2 04       		.byte	0x4
 715 00b3 E701     		.2byte	0x1e7
ARM GAS  C:\Users\tkam627\AppData\Local\Temp\ccPe4fWK.s 			page 18


 716 00b5 37000000 		.4byte	0x37
 717 00b9 02       		.uleb128 0x2
 718 00ba 04       		.byte	0x4
 719 00bb 04       		.byte	0x4
 720 00bc 8B000000 		.4byte	.LASF16
 721 00c0 02       		.uleb128 0x2
 722 00c1 08       		.byte	0x8
 723 00c2 04       		.byte	0x4
 724 00c3 7A020000 		.4byte	.LASF17
 725 00c7 02       		.uleb128 0x2
 726 00c8 01       		.byte	0x1
 727 00c9 08       		.byte	0x8
 728 00ca B3010000 		.4byte	.LASF18
 729 00ce 05       		.uleb128 0x5
 730 00cf 63020000 		.4byte	.LASF19
 731 00d3 04       		.byte	0x4
 732 00d4 9102     		.2byte	0x291
 733 00d6 DA000000 		.4byte	0xda
 734 00da 06       		.uleb128 0x6
 735 00db AD000000 		.4byte	0xad
 736 00df 02       		.uleb128 0x2
 737 00e0 08       		.byte	0x8
 738 00e1 04       		.byte	0x4
 739 00e2 01010000 		.4byte	.LASF20
 740 00e6 02       		.uleb128 0x2
 741 00e7 04       		.byte	0x4
 742 00e8 07       		.byte	0x7
 743 00e9 3A000000 		.4byte	.LASF21
 744 00ed 07       		.uleb128 0x7
 745 00ee 62010000 		.4byte	.LASF22
 746 00f2 01       		.byte	0x1
 747 00f3 25       		.byte	0x25
 748 00f4 00000000 		.4byte	.LFB64
 749 00f8 38000000 		.4byte	.LFE64-.LFB64
 750 00fc 01       		.uleb128 0x1
 751 00fd 9C       		.byte	0x9c
 752 00fe 1D010000 		.4byte	0x11d
 753 0102 08       		.uleb128 0x8
 754 0103 0D010000 		.4byte	.LASF31
 755 0107 01       		.byte	0x1
 756 0108 27       		.byte	0x27
 757 0109 AD000000 		.4byte	0xad
 758 010d 00000000 		.4byte	.LLST0
 759 0111 09       		.uleb128 0x9
 760 0112 C3020000 		.4byte	.LASF60
 761 0116 01       		.byte	0x1
 762 0117 28       		.byte	0x28
 763 0118 AD000000 		.4byte	0xad
 764 011c 00       		.byte	0
 765 011d 07       		.uleb128 0x7
 766 011e D5000000 		.4byte	.LASF23
 767 0122 01       		.byte	0x1
 768 0123 47       		.byte	0x47
 769 0124 00000000 		.4byte	.LFB65
 770 0128 30000000 		.4byte	.LFE65-.LFB65
 771 012c 01       		.uleb128 0x1
 772 012d 9C       		.byte	0x9c
ARM GAS  C:\Users\tkam627\AppData\Local\Temp\ccPe4fWK.s 			page 19


 773 012e 61010000 		.4byte	0x161
 774 0132 0A       		.uleb128 0xa
 775 0133 06000000 		.4byte	.LVL3
 776 0137 74050000 		.4byte	0x574
 777 013b 0A       		.uleb128 0xa
 778 013c 14000000 		.4byte	.LVL4
 779 0140 7F050000 		.4byte	0x57f
 780 0144 0B       		.uleb128 0xb
 781 0145 1C000000 		.4byte	.LVL5
 782 0149 7F050000 		.4byte	0x57f
 783 014d 57010000 		.4byte	0x157
 784 0151 0C       		.uleb128 0xc
 785 0152 01       		.uleb128 0x1
 786 0153 50       		.byte	0x50
 787 0154 01       		.uleb128 0x1
 788 0155 30       		.byte	0x30
 789 0156 00       		.byte	0
 790 0157 0A       		.uleb128 0xa
 791 0158 2A000000 		.4byte	.LVL6
 792 015c 8A050000 		.4byte	0x58a
 793 0160 00       		.byte	0
 794 0161 0D       		.uleb128 0xd
 795 0162 BC020000 		.4byte	.LASF24
 796 0166 01       		.byte	0x1
 797 0167 AD       		.byte	0xad
 798 0168 00000000 		.4byte	.LFB67
 799 016c 10000000 		.4byte	.LFE67-.LFB67
 800 0170 01       		.uleb128 0x1
 801 0171 9C       		.byte	0x9c
 802 0172 99010000 		.4byte	0x199
 803 0176 0B       		.uleb128 0xb
 804 0177 08000000 		.4byte	.LVL7
 805 017b 95050000 		.4byte	0x595
 806 017f 89010000 		.4byte	0x189
 807 0183 0C       		.uleb128 0xc
 808 0184 01       		.uleb128 0x1
 809 0185 50       		.byte	0x50
 810 0186 01       		.uleb128 0x1
 811 0187 31       		.byte	0x31
 812 0188 00       		.byte	0
 813 0189 0E       		.uleb128 0xe
 814 018a 0E000000 		.4byte	.LVL8
 815 018e A0050000 		.4byte	0x5a0
 816 0192 0C       		.uleb128 0xc
 817 0193 01       		.uleb128 0x1
 818 0194 50       		.byte	0x50
 819 0195 01       		.uleb128 0x1
 820 0196 30       		.byte	0x30
 821 0197 00       		.byte	0
 822 0198 00       		.byte	0
 823 0199 0D       		.uleb128 0xd
 824 019a 0A000000 		.4byte	.LASF25
 825 019e 01       		.byte	0x1
 826 019f B2       		.byte	0xb2
 827 01a0 00000000 		.4byte	.LFB68
 828 01a4 10000000 		.4byte	.LFE68-.LFB68
 829 01a8 01       		.uleb128 0x1
ARM GAS  C:\Users\tkam627\AppData\Local\Temp\ccPe4fWK.s 			page 20


 830 01a9 9C       		.byte	0x9c
 831 01aa D1010000 		.4byte	0x1d1
 832 01ae 0B       		.uleb128 0xb
 833 01af 08000000 		.4byte	.LVL9
 834 01b3 95050000 		.4byte	0x595
 835 01b7 C1010000 		.4byte	0x1c1
 836 01bb 0C       		.uleb128 0xc
 837 01bc 01       		.uleb128 0x1
 838 01bd 50       		.byte	0x50
 839 01be 01       		.uleb128 0x1
 840 01bf 30       		.byte	0x30
 841 01c0 00       		.byte	0
 842 01c1 0E       		.uleb128 0xe
 843 01c2 0E000000 		.4byte	.LVL10
 844 01c6 A0050000 		.4byte	0x5a0
 845 01ca 0C       		.uleb128 0xc
 846 01cb 01       		.uleb128 0x1
 847 01cc 50       		.byte	0x50
 848 01cd 01       		.uleb128 0x1
 849 01ce 31       		.byte	0x31
 850 01cf 00       		.byte	0
 851 01d0 00       		.byte	0
 852 01d1 0D       		.uleb128 0xd
 853 01d2 AE010000 		.4byte	.LASF26
 854 01d6 01       		.byte	0x1
 855 01d7 B7       		.byte	0xb7
 856 01d8 00000000 		.4byte	.LFB69
 857 01dc 10000000 		.4byte	.LFE69-.LFB69
 858 01e0 01       		.uleb128 0x1
 859 01e1 9C       		.byte	0x9c
 860 01e2 09020000 		.4byte	0x209
 861 01e6 0B       		.uleb128 0xb
 862 01e7 08000000 		.4byte	.LVL11
 863 01eb 95050000 		.4byte	0x595
 864 01ef F9010000 		.4byte	0x1f9
 865 01f3 0C       		.uleb128 0xc
 866 01f4 01       		.uleb128 0x1
 867 01f5 50       		.byte	0x50
 868 01f6 01       		.uleb128 0x1
 869 01f7 30       		.byte	0x30
 870 01f8 00       		.byte	0
 871 01f9 0E       		.uleb128 0xe
 872 01fa 0E000000 		.4byte	.LVL12
 873 01fe A0050000 		.4byte	0x5a0
 874 0202 0C       		.uleb128 0xc
 875 0203 01       		.uleb128 0x1
 876 0204 50       		.byte	0x50
 877 0205 01       		.uleb128 0x1
 878 0206 30       		.byte	0x30
 879 0207 00       		.byte	0
 880 0208 00       		.byte	0
 881 0209 0F       		.uleb128 0xf
 882 020a 50494400 		.ascii	"PID\000"
 883 020e 01       		.byte	0x1
 884 020f BC       		.byte	0xbc
 885 0210 97000000 		.4byte	0x97
 886 0214 00000000 		.4byte	.LFB70
ARM GAS  C:\Users\tkam627\AppData\Local\Temp\ccPe4fWK.s 			page 21


 887 0218 48000000 		.4byte	.LFE70-.LFB70
 888 021c 01       		.uleb128 0x1
 889 021d 9C       		.byte	0x9c
 890 021e 5D020000 		.4byte	0x25d
 891 0222 10       		.uleb128 0x10
 892 0223 50000000 		.4byte	.LASF27
 893 0227 01       		.byte	0x1
 894 0228 BC       		.byte	0xbc
 895 0229 5D020000 		.4byte	0x25d
 896 022d 13000000 		.4byte	.LLST1
 897 0231 10       		.uleb128 0x10
 898 0232 C2000000 		.4byte	.LASF28
 899 0236 01       		.byte	0x1
 900 0237 BC       		.byte	0xbc
 901 0238 97000000 		.4byte	0x97
 902 023c 34000000 		.4byte	.LLST2
 903 0240 11       		.uleb128 0x11
 904 0241 E3000000 		.4byte	.LASF29
 905 0245 01       		.byte	0x1
 906 0246 BC       		.byte	0xbc
 907 0247 5D020000 		.4byte	0x25d
 908 024b 01       		.uleb128 0x1
 909 024c 52       		.byte	0x52
 910 024d 10       		.uleb128 0x10
 911 024e 24010000 		.4byte	.LASF30
 912 0252 01       		.byte	0x1
 913 0253 BC       		.byte	0xbc
 914 0254 8C000000 		.4byte	0x8c
 915 0258 55000000 		.4byte	.LLST3
 916 025c 00       		.byte	0
 917 025d 12       		.uleb128 0x12
 918 025e 04       		.byte	0x4
 919 025f 97000000 		.4byte	0x97
 920 0263 13       		.uleb128 0x13
 921 0264 4B000000 		.4byte	.LASF61
 922 0268 01       		.byte	0x1
 923 0269 57       		.byte	0x57
 924 026a 7E000000 		.4byte	0x7e
 925 026e 00000000 		.4byte	.LFB66
 926 0272 E4010000 		.4byte	.LFE66-.LFB66
 927 0276 01       		.uleb128 0x1
 928 0277 9C       		.byte	0x9c
 929 0278 2A050000 		.4byte	0x52a
 930 027c 14       		.uleb128 0x14
 931 027d 1C000000 		.4byte	.LASF32
 932 0281 01       		.byte	0x1
 933 0282 69       		.byte	0x69
 934 0283 A2000000 		.4byte	0xa2
 935 0287 4E70     		.2byte	0x704e
 936 0289 08       		.uleb128 0x8
 937 028a CA020000 		.4byte	.LASF33
 938 028e 01       		.byte	0x1
 939 028f 6A       		.byte	0x6a
 940 0290 A2000000 		.4byte	0xa2
 941 0294 76000000 		.4byte	.LLST4
 942 0298 08       		.uleb128 0x8
 943 0299 74030000 		.4byte	.LASF34
ARM GAS  C:\Users\tkam627\AppData\Local\Temp\ccPe4fWK.s 			page 22


 944 029d 01       		.byte	0x1
 945 029e 6C       		.byte	0x6c
 946 029f 97000000 		.4byte	0x97
 947 02a3 AB000000 		.4byte	.LLST5
 948 02a7 08       		.uleb128 0x8
 949 02a8 C2000000 		.4byte	.LASF28
 950 02ac 01       		.byte	0x1
 951 02ad 6D       		.byte	0x6d
 952 02ae 97000000 		.4byte	0x97
 953 02b2 D5000000 		.4byte	.LLST6
 954 02b6 15       		.uleb128 0x15
 955 02b7 50000000 		.4byte	.LASF27
 956 02bb 01       		.byte	0x1
 957 02bc 6E       		.byte	0x6e
 958 02bd 2A050000 		.4byte	0x52a
 959 02c1 02       		.uleb128 0x2
 960 02c2 91       		.byte	0x91
 961 02c3 50       		.sleb128 -48
 962 02c4 15       		.uleb128 0x15
 963 02c5 E3000000 		.4byte	.LASF29
 964 02c9 01       		.byte	0x1
 965 02ca 6F       		.byte	0x6f
 966 02cb 2A050000 		.4byte	0x52a
 967 02cf 02       		.uleb128 0x2
 968 02d0 91       		.byte	0x91
 969 02d1 48       		.sleb128 -56
 970 02d2 08       		.uleb128 0x8
 971 02d3 24010000 		.4byte	.LASF30
 972 02d7 01       		.byte	0x1
 973 02d8 71       		.byte	0x71
 974 02d9 8C000000 		.4byte	0x8c
 975 02dd FF000000 		.4byte	.LLST7
 976 02e1 08       		.uleb128 0x8
 977 02e2 5C010000 		.4byte	.LASF35
 978 02e6 01       		.byte	0x1
 979 02e7 72       		.byte	0x72
 980 02e8 8C000000 		.4byte	0x8c
 981 02ec 29010000 		.4byte	.LLST8
 982 02f0 16       		.uleb128 0x16
 983 02f1 78000000 		.4byte	.LBB2
 984 02f5 4A000000 		.4byte	.LBE2-.LBB2
 985 02f9 24030000 		.4byte	0x324
 986 02fd 17       		.uleb128 0x17
 987 02fe 6900     		.ascii	"i\000"
 988 0300 01       		.byte	0x1
 989 0301 7D       		.byte	0x7d
 990 0302 7E000000 		.4byte	0x7e
 991 0306 53010000 		.4byte	.LLST9
 992 030a 0A       		.uleb128 0xa
 993 030b 7C000000 		.4byte	.LVL33
 994 030f AB050000 		.4byte	0x5ab
 995 0313 0E       		.uleb128 0xe
 996 0314 B6000000 		.4byte	.LVL37
 997 0318 B6050000 		.4byte	0x5b6
 998 031c 0C       		.uleb128 0xc
 999 031d 01       		.uleb128 0x1
 1000 031e 50       		.byte	0x50
ARM GAS  C:\Users\tkam627\AppData\Local\Temp\ccPe4fWK.s 			page 23


 1001 031f 02       		.uleb128 0x2
 1002 0320 08       		.byte	0x8
 1003 0321 64       		.byte	0x64
 1004 0322 00       		.byte	0
 1005 0323 00       		.byte	0
 1006 0324 0A       		.uleb128 0xa
 1007 0325 0C000000 		.4byte	.LVL17
 1008 0329 C1050000 		.4byte	0x5c1
 1009 032d 0A       		.uleb128 0xa
 1010 032e 10000000 		.4byte	.LVL18
 1011 0332 CC050000 		.4byte	0x5cc
 1012 0336 0A       		.uleb128 0xa
 1013 0337 14000000 		.4byte	.LVL19
 1014 033b D7050000 		.4byte	0x5d7
 1015 033f 0B       		.uleb128 0xb
 1016 0340 1A000000 		.4byte	.LVL20
 1017 0344 E2050000 		.4byte	0x5e2
 1018 0348 56030000 		.4byte	0x356
 1019 034c 0C       		.uleb128 0xc
 1020 034d 01       		.uleb128 0x1
 1021 034e 50       		.byte	0x50
 1022 034f 05       		.uleb128 0x5
 1023 0350 03       		.byte	0x3
 1024 0351 00000000 		.4byte	RxIsr
 1025 0355 00       		.byte	0
 1026 0356 0B       		.uleb128 0xb
 1027 0357 20000000 		.4byte	.LVL21
 1028 035b ED050000 		.4byte	0x5ed
 1029 035f 6D030000 		.4byte	0x36d
 1030 0363 0C       		.uleb128 0xc
 1031 0364 01       		.uleb128 0x1
 1032 0365 50       		.byte	0x50
 1033 0366 05       		.uleb128 0x5
 1034 0367 03       		.byte	0x3
 1035 0368 00000000 		.4byte	SWPin_Control
 1036 036c 00       		.byte	0
 1037 036d 0A       		.uleb128 0xa
 1038 036e 24000000 		.4byte	.LVL22
 1039 0372 F8050000 		.4byte	0x5f8
 1040 0376 0B       		.uleb128 0xb
 1041 0377 2A000000 		.4byte	.LVL23
 1042 037b 03060000 		.4byte	0x603
 1043 037f 8A030000 		.4byte	0x38a
 1044 0383 0C       		.uleb128 0xc
 1045 0384 01       		.uleb128 0x1
 1046 0385 50       		.byte	0x50
 1047 0386 02       		.uleb128 0x2
 1048 0387 08       		.byte	0x8
 1049 0388 7F       		.byte	0x7f
 1050 0389 00       		.byte	0
 1051 038a 0B       		.uleb128 0xb
 1052 038b 30000000 		.4byte	.LVL24
 1053 038f 0E060000 		.4byte	0x60e
 1054 0393 9D030000 		.4byte	0x39d
 1055 0397 0C       		.uleb128 0xc
 1056 0398 01       		.uleb128 0x1
 1057 0399 50       		.byte	0x50
ARM GAS  C:\Users\tkam627\AppData\Local\Temp\ccPe4fWK.s 			page 24


 1058 039a 01       		.uleb128 0x1
 1059 039b 34       		.byte	0x34
 1060 039c 00       		.byte	0
 1061 039d 0A       		.uleb128 0xa
 1062 039e 34000000 		.4byte	.LVL25
 1063 03a2 19060000 		.4byte	0x619
 1064 03a6 0B       		.uleb128 0xb
 1065 03a7 52000000 		.4byte	.LVL27
 1066 03ab 24060000 		.4byte	0x624
 1067 03af C3030000 		.4byte	0x3c3
 1068 03b3 0C       		.uleb128 0xc
 1069 03b4 01       		.uleb128 0x1
 1070 03b5 50       		.byte	0x50
 1071 03b6 02       		.uleb128 0x2
 1072 03b7 74       		.byte	0x74
 1073 03b8 00       		.sleb128 0
 1074 03b9 0C       		.uleb128 0xc
 1075 03ba 01       		.uleb128 0x1
 1076 03bb 51       		.byte	0x51
 1077 03bc 05       		.uleb128 0x5
 1078 03bd 03       		.byte	0x3
 1079 03be 00000000 		.4byte	.LC1
 1080 03c2 00       		.byte	0
 1081 03c3 0B       		.uleb128 0xb
 1082 03c4 5A000000 		.4byte	.LVL28
 1083 03c8 24060000 		.4byte	0x624
 1084 03cc E0030000 		.4byte	0x3e0
 1085 03d0 0C       		.uleb128 0xc
 1086 03d1 01       		.uleb128 0x1
 1087 03d2 50       		.byte	0x50
 1088 03d3 02       		.uleb128 0x2
 1089 03d4 74       		.byte	0x74
 1090 03d5 00       		.sleb128 0
 1091 03d6 0C       		.uleb128 0xc
 1092 03d7 01       		.uleb128 0x1
 1093 03d8 51       		.byte	0x51
 1094 03d9 05       		.uleb128 0x5
 1095 03da 03       		.byte	0x3
 1096 03db 0C000000 		.4byte	.LC3
 1097 03df 00       		.byte	0
 1098 03e0 0B       		.uleb128 0xb
 1099 03e1 60000000 		.4byte	.LVL29
 1100 03e5 2F060000 		.4byte	0x62f
 1101 03e9 F3030000 		.4byte	0x3f3
 1102 03ed 0C       		.uleb128 0xc
 1103 03ee 01       		.uleb128 0x1
 1104 03ef 50       		.byte	0x50
 1105 03f0 01       		.uleb128 0x1
 1106 03f1 3D       		.byte	0x3d
 1107 03f2 00       		.byte	0
 1108 03f3 0B       		.uleb128 0xb
 1109 03f4 66000000 		.4byte	.LVL30
 1110 03f8 24060000 		.4byte	0x624
 1111 03fc 0A040000 		.4byte	0x40a
 1112 0400 0C       		.uleb128 0xc
 1113 0401 01       		.uleb128 0x1
 1114 0402 50       		.byte	0x50
ARM GAS  C:\Users\tkam627\AppData\Local\Temp\ccPe4fWK.s 			page 25


 1115 0403 05       		.uleb128 0x5
 1116 0404 03       		.byte	0x3
 1117 0405 14000000 		.4byte	.LC4
 1118 0409 00       		.byte	0
 1119 040a 0A       		.uleb128 0xa
 1120 040b 6A000000 		.4byte	.LVL31
 1121 040f 99010000 		.4byte	0x199
 1122 0413 0A       		.uleb128 0xa
 1123 0414 C6000000 		.4byte	.LVL41
 1124 0418 AB050000 		.4byte	0x5ab
 1125 041c 0B       		.uleb128 0xb
 1126 041d F8000000 		.4byte	.LVL44
 1127 0421 24060000 		.4byte	0x624
 1128 0425 39040000 		.4byte	0x439
 1129 0429 0C       		.uleb128 0xc
 1130 042a 01       		.uleb128 0x1
 1131 042b 50       		.byte	0x50
 1132 042c 02       		.uleb128 0x2
 1133 042d 7B       		.byte	0x7b
 1134 042e 00       		.sleb128 0
 1135 042f 0C       		.uleb128 0xc
 1136 0430 01       		.uleb128 0x1
 1137 0431 51       		.byte	0x51
 1138 0432 05       		.uleb128 0x5
 1139 0433 03       		.byte	0x3
 1140 0434 00000000 		.4byte	.LC1
 1141 0438 00       		.byte	0
 1142 0439 0B       		.uleb128 0xb
 1143 043a 00010000 		.4byte	.LVL45
 1144 043e 24060000 		.4byte	0x624
 1145 0442 56040000 		.4byte	0x456
 1146 0446 0C       		.uleb128 0xc
 1147 0447 01       		.uleb128 0x1
 1148 0448 50       		.byte	0x50
 1149 0449 02       		.uleb128 0x2
 1150 044a 7B       		.byte	0x7b
 1151 044b 00       		.sleb128 0
 1152 044c 0C       		.uleb128 0xc
 1153 044d 01       		.uleb128 0x1
 1154 044e 51       		.byte	0x51
 1155 044f 05       		.uleb128 0x5
 1156 0450 03       		.byte	0x3
 1157 0451 0C000000 		.4byte	.LC3
 1158 0455 00       		.byte	0
 1159 0456 0B       		.uleb128 0xb
 1160 0457 08010000 		.4byte	.LVL46
 1161 045b 24060000 		.4byte	0x624
 1162 045f 73040000 		.4byte	0x473
 1163 0463 0C       		.uleb128 0xc
 1164 0464 01       		.uleb128 0x1
 1165 0465 50       		.byte	0x50
 1166 0466 05       		.uleb128 0x5
 1167 0467 03       		.byte	0x3
 1168 0468 24000000 		.4byte	.LC5
 1169 046c 0C       		.uleb128 0xc
 1170 046d 01       		.uleb128 0x1
 1171 046e 51       		.byte	0x51
ARM GAS  C:\Users\tkam627\AppData\Local\Temp\ccPe4fWK.s 			page 26


 1172 046f 02       		.uleb128 0x2
 1173 0470 79       		.byte	0x79
 1174 0471 00       		.sleb128 0
 1175 0472 00       		.byte	0
 1176 0473 0B       		.uleb128 0xb
 1177 0474 12010000 		.4byte	.LVL47
 1178 0478 24060000 		.4byte	0x624
 1179 047c 8A040000 		.4byte	0x48a
 1180 0480 0C       		.uleb128 0xc
 1181 0481 01       		.uleb128 0x1
 1182 0482 50       		.byte	0x50
 1183 0483 05       		.uleb128 0x5
 1184 0484 03       		.byte	0x3
 1185 0485 34000000 		.4byte	.LC6
 1186 0489 00       		.byte	0
 1187 048a 0B       		.uleb128 0xb
 1188 048b 1A010000 		.4byte	.LVL48
 1189 048f 24060000 		.4byte	0x624
 1190 0493 A7040000 		.4byte	0x4a7
 1191 0497 0C       		.uleb128 0xc
 1192 0498 01       		.uleb128 0x1
 1193 0499 50       		.byte	0x50
 1194 049a 05       		.uleb128 0x5
 1195 049b 03       		.byte	0x3
 1196 049c 40000000 		.4byte	.LC7
 1197 04a0 0C       		.uleb128 0xc
 1198 04a1 01       		.uleb128 0x1
 1199 04a2 51       		.byte	0x51
 1200 04a3 02       		.uleb128 0x2
 1201 04a4 76       		.byte	0x76
 1202 04a5 00       		.sleb128 0
 1203 04a6 00       		.byte	0
 1204 04a7 0B       		.uleb128 0xb
 1205 04a8 22010000 		.4byte	.LVL49
 1206 04ac 24060000 		.4byte	0x624
 1207 04b0 C4040000 		.4byte	0x4c4
 1208 04b4 0C       		.uleb128 0xc
 1209 04b5 01       		.uleb128 0x1
 1210 04b6 50       		.byte	0x50
 1211 04b7 05       		.uleb128 0x5
 1212 04b8 03       		.byte	0x3
 1213 04b9 4C000000 		.4byte	.LC8
 1214 04bd 0C       		.uleb128 0xc
 1215 04be 01       		.uleb128 0x1
 1216 04bf 51       		.byte	0x51
 1217 04c0 02       		.uleb128 0x2
 1218 04c1 75       		.byte	0x75
 1219 04c2 00       		.sleb128 0
 1220 04c3 00       		.byte	0
 1221 04c4 0B       		.uleb128 0xb
 1222 04c5 36010000 		.4byte	.LVL52
 1223 04c9 09020000 		.4byte	0x209
 1224 04cd EA040000 		.4byte	0x4ea
 1225 04d1 0C       		.uleb128 0xc
 1226 04d2 01       		.uleb128 0x1
 1227 04d3 50       		.byte	0x50
 1228 04d4 02       		.uleb128 0x2
ARM GAS  C:\Users\tkam627\AppData\Local\Temp\ccPe4fWK.s 			page 27


 1229 04d5 91       		.byte	0x91
 1230 04d6 50       		.sleb128 -48
 1231 04d7 0C       		.uleb128 0xc
 1232 04d8 01       		.uleb128 0x1
 1233 04d9 51       		.byte	0x51
 1234 04da 02       		.uleb128 0x2
 1235 04db 77       		.byte	0x77
 1236 04dc 00       		.sleb128 0
 1237 04dd 0C       		.uleb128 0xc
 1238 04de 01       		.uleb128 0x1
 1239 04df 52       		.byte	0x52
 1240 04e0 02       		.uleb128 0x2
 1241 04e1 7D       		.byte	0x7d
 1242 04e2 00       		.sleb128 0
 1243 04e3 0C       		.uleb128 0xc
 1244 04e4 01       		.uleb128 0x1
 1245 04e5 53       		.byte	0x53
 1246 04e6 02       		.uleb128 0x2
 1247 04e7 74       		.byte	0x74
 1248 04e8 00       		.sleb128 0
 1249 04e9 00       		.byte	0
 1250 04ea 0B       		.uleb128 0xb
 1251 04eb 64010000 		.4byte	.LVL58
 1252 04ef 03060000 		.4byte	0x603
 1253 04f3 FE040000 		.4byte	0x4fe
 1254 04f7 0C       		.uleb128 0xc
 1255 04f8 01       		.uleb128 0x1
 1256 04f9 50       		.byte	0x50
 1257 04fa 02       		.uleb128 0x2
 1258 04fb 75       		.byte	0x75
 1259 04fc 00       		.sleb128 0
 1260 04fd 00       		.byte	0
 1261 04fe 0A       		.uleb128 0xa
 1262 04ff 76010000 		.4byte	.LVL59
 1263 0503 61010000 		.4byte	0x161
 1264 0507 0A       		.uleb128 0xa
 1265 0508 80010000 		.4byte	.LVL60
 1266 050c 99010000 		.4byte	0x199
 1267 0510 0A       		.uleb128 0xa
 1268 0511 86010000 		.4byte	.LVL61
 1269 0515 D1010000 		.4byte	0x1d1
 1270 0519 0E       		.uleb128 0xe
 1271 051a A4010000 		.4byte	.LVL63
 1272 051e B6050000 		.4byte	0x5b6
 1273 0522 0C       		.uleb128 0xc
 1274 0523 01       		.uleb128 0x1
 1275 0524 50       		.byte	0x50
 1276 0525 02       		.uleb128 0x2
 1277 0526 08       		.byte	0x8
 1278 0527 C8       		.byte	0xc8
 1279 0528 00       		.byte	0
 1280 0529 00       		.byte	0
 1281 052a 18       		.uleb128 0x18
 1282 052b 97000000 		.4byte	0x97
 1283 052f 3A050000 		.4byte	0x53a
 1284 0533 19       		.uleb128 0x19
 1285 0534 E6000000 		.4byte	0xe6
ARM GAS  C:\Users\tkam627\AppData\Local\Temp\ccPe4fWK.s 			page 28


 1286 0538 02       		.byte	0x2
 1287 0539 00       		.byte	0
 1288 053a 1A       		.uleb128 0x1a
 1289 053b D1020000 		.4byte	.LASF36
 1290 053f 05       		.byte	0x5
 1291 0540 1207     		.2byte	0x712
 1292 0542 46050000 		.4byte	0x546
 1293 0546 06       		.uleb128 0x6
 1294 0547 A2000000 		.4byte	0xa2
 1295 054b 1B       		.uleb128 0x1b
 1296 054c 74000000 		.4byte	.LASF37
 1297 0550 01       		.byte	0x1
 1298 0551 24       		.byte	0x24
 1299 0552 AD000000 		.4byte	0xad
 1300 0556 05       		.uleb128 0x5
 1301 0557 03       		.byte	0x3
 1302 0558 00000000 		.4byte	errorStatus
 1303 055c 1B       		.uleb128 0x1b
 1304 055d BB000000 		.4byte	.LASF38
 1305 0561 01       		.byte	0x1
 1306 0562 46       		.byte	0x46
 1307 0563 6D050000 		.4byte	0x56d
 1308 0567 05       		.uleb128 0x5
 1309 0568 03       		.byte	0x3
 1310 0569 00000000 		.4byte	button
 1311 056d 02       		.uleb128 0x2
 1312 056e 01       		.byte	0x1
 1313 056f 02       		.byte	0x2
 1314 0570 F3010000 		.4byte	.LASF39
 1315 0574 1C       		.uleb128 0x1c
 1316 0575 68010000 		.4byte	.LASF40
 1317 0579 68010000 		.4byte	.LASF40
 1318 057d 06       		.byte	0x6
 1319 057e 29       		.byte	0x29
 1320 057f 1C       		.uleb128 0x1c
 1321 0580 12000000 		.4byte	.LASF41
 1322 0584 12000000 		.4byte	.LASF41
 1323 0588 07       		.byte	0x7
 1324 0589 26       		.byte	0x26
 1325 058a 1C       		.uleb128 0x1c
 1326 058b 9A020000 		.4byte	.LASF42
 1327 058f 9A020000 		.4byte	.LASF42
 1328 0593 06       		.byte	0x6
 1329 0594 2B       		.byte	0x2b
 1330 0595 1C       		.uleb128 0x1c
 1331 0596 2D000000 		.4byte	.LASF43
 1332 059a 2D000000 		.4byte	.LASF43
 1333 059e 08       		.byte	0x8
 1334 059f 26       		.byte	0x26
 1335 05a0 1C       		.uleb128 0x1c
 1336 05a1 B8010000 		.4byte	.LASF44
 1337 05a5 B8010000 		.4byte	.LASF44
 1338 05a9 09       		.byte	0x9
 1339 05aa 26       		.byte	0x26
 1340 05ab 1C       		.uleb128 0x1c
 1341 05ac 81020000 		.4byte	.LASF45
 1342 05b0 81020000 		.4byte	.LASF45
ARM GAS  C:\Users\tkam627\AppData\Local\Temp\ccPe4fWK.s 			page 29


 1343 05b4 0A       		.byte	0xa
 1344 05b5 42       		.byte	0x42
 1345 05b6 1C       		.uleb128 0x1c
 1346 05b7 6C030000 		.4byte	.LASF46
 1347 05bb 6C030000 		.4byte	.LASF46
 1348 05bf 0B       		.byte	0xb
 1349 05c0 76       		.byte	0x76
 1350 05c1 1C       		.uleb128 0x1c
 1351 05c2 C5010000 		.4byte	.LASF47
 1352 05c6 C5010000 		.4byte	.LASF47
 1353 05ca 0C       		.byte	0xc
 1354 05cb 54       		.byte	0x54
 1355 05cc 1C       		.uleb128 0x1c
 1356 05cd 90010000 		.4byte	.LASF48
 1357 05d1 90010000 		.4byte	.LASF48
 1358 05d5 0D       		.byte	0xd
 1359 05d6 25       		.byte	0x25
 1360 05d7 1C       		.uleb128 0x1c
 1361 05d8 9B010000 		.4byte	.LASF49
 1362 05dc 9B010000 		.4byte	.LASF49
 1363 05e0 0A       		.byte	0xa
 1364 05e1 3A       		.byte	0x3a
 1365 05e2 1C       		.uleb128 0x1c
 1366 05e3 57000000 		.4byte	.LASF50
 1367 05e7 57000000 		.4byte	.LASF50
 1368 05eb 0E       		.byte	0xe
 1369 05ec 18       		.byte	0x18
 1370 05ed 1C       		.uleb128 0x1c
 1371 05ee EA000000 		.4byte	.LASF51
 1372 05f2 EA000000 		.4byte	.LASF51
 1373 05f6 0F       		.byte	0xf
 1374 05f7 18       		.byte	0x18
 1375 05f8 1C       		.uleb128 0x1c
 1376 05f9 80000000 		.4byte	.LASF52
 1377 05fd 80000000 		.4byte	.LASF52
 1378 0601 10       		.byte	0x10
 1379 0602 92       		.byte	0x92
 1380 0603 1C       		.uleb128 0x1c
 1381 0604 7F030000 		.4byte	.LASF53
 1382 0608 7F030000 		.4byte	.LASF53
 1383 060c 10       		.byte	0x10
 1384 060d C7       		.byte	0xc7
 1385 060e 1C       		.uleb128 0x1c
 1386 060f 91000000 		.4byte	.LASF54
 1387 0613 91000000 		.4byte	.LASF54
 1388 0617 0D       		.byte	0xd
 1389 0618 57       		.byte	0x57
 1390 0619 1C       		.uleb128 0x1c
 1391 061a 76010000 		.4byte	.LASF55
 1392 061e 76010000 		.4byte	.LASF55
 1393 0622 0A       		.byte	0xa
 1394 0623 3D       		.byte	0x3d
 1395 0624 1C       		.uleb128 0x1c
 1396 0625 B4000000 		.4byte	.LASF56
 1397 0629 B4000000 		.4byte	.LASF56
 1398 062d 11       		.byte	0x11
 1399 062e BB       		.byte	0xbb
ARM GAS  C:\Users\tkam627\AppData\Local\Temp\ccPe4fWK.s 			page 30


 1400 062f 1D       		.uleb128 0x1d
 1401 0630 43000000 		.4byte	.LASF62
 1402 0634 F9010000 		.4byte	.LASF63
 1403 0638 12       		.byte	0x12
 1404 0639 00       		.byte	0
 1405 063a 43000000 		.4byte	.LASF62
 1406 063e 00       		.byte	0
 1407              		.section	.debug_abbrev,"",%progbits
 1408              	.Ldebug_abbrev0:
 1409 0000 01       		.uleb128 0x1
 1410 0001 11       		.uleb128 0x11
 1411 0002 01       		.byte	0x1
 1412 0003 25       		.uleb128 0x25
 1413 0004 0E       		.uleb128 0xe
 1414 0005 13       		.uleb128 0x13
 1415 0006 0B       		.uleb128 0xb
 1416 0007 03       		.uleb128 0x3
 1417 0008 0E       		.uleb128 0xe
 1418 0009 1B       		.uleb128 0x1b
 1419 000a 0E       		.uleb128 0xe
 1420 000b 55       		.uleb128 0x55
 1421 000c 17       		.uleb128 0x17
 1422 000d 11       		.uleb128 0x11
 1423 000e 01       		.uleb128 0x1
 1424 000f 10       		.uleb128 0x10
 1425 0010 17       		.uleb128 0x17
 1426 0011 00       		.byte	0
 1427 0012 00       		.byte	0
 1428 0013 02       		.uleb128 0x2
 1429 0014 24       		.uleb128 0x24
 1430 0015 00       		.byte	0
 1431 0016 0B       		.uleb128 0xb
 1432 0017 0B       		.uleb128 0xb
 1433 0018 3E       		.uleb128 0x3e
 1434 0019 0B       		.uleb128 0xb
 1435 001a 03       		.uleb128 0x3
 1436 001b 0E       		.uleb128 0xe
 1437 001c 00       		.byte	0
 1438 001d 00       		.byte	0
 1439 001e 03       		.uleb128 0x3
 1440 001f 16       		.uleb128 0x16
 1441 0020 00       		.byte	0
 1442 0021 03       		.uleb128 0x3
 1443 0022 0E       		.uleb128 0xe
 1444 0023 3A       		.uleb128 0x3a
 1445 0024 0B       		.uleb128 0xb
 1446 0025 3B       		.uleb128 0x3b
 1447 0026 0B       		.uleb128 0xb
 1448 0027 49       		.uleb128 0x49
 1449 0028 13       		.uleb128 0x13
 1450 0029 00       		.byte	0
 1451 002a 00       		.byte	0
 1452 002b 04       		.uleb128 0x4
 1453 002c 24       		.uleb128 0x24
 1454 002d 00       		.byte	0
 1455 002e 0B       		.uleb128 0xb
 1456 002f 0B       		.uleb128 0xb
ARM GAS  C:\Users\tkam627\AppData\Local\Temp\ccPe4fWK.s 			page 31


 1457 0030 3E       		.uleb128 0x3e
 1458 0031 0B       		.uleb128 0xb
 1459 0032 03       		.uleb128 0x3
 1460 0033 08       		.uleb128 0x8
 1461 0034 00       		.byte	0
 1462 0035 00       		.byte	0
 1463 0036 05       		.uleb128 0x5
 1464 0037 16       		.uleb128 0x16
 1465 0038 00       		.byte	0
 1466 0039 03       		.uleb128 0x3
 1467 003a 0E       		.uleb128 0xe
 1468 003b 3A       		.uleb128 0x3a
 1469 003c 0B       		.uleb128 0xb
 1470 003d 3B       		.uleb128 0x3b
 1471 003e 05       		.uleb128 0x5
 1472 003f 49       		.uleb128 0x49
 1473 0040 13       		.uleb128 0x13
 1474 0041 00       		.byte	0
 1475 0042 00       		.byte	0
 1476 0043 06       		.uleb128 0x6
 1477 0044 35       		.uleb128 0x35
 1478 0045 00       		.byte	0
 1479 0046 49       		.uleb128 0x49
 1480 0047 13       		.uleb128 0x13
 1481 0048 00       		.byte	0
 1482 0049 00       		.byte	0
 1483 004a 07       		.uleb128 0x7
 1484 004b 2E       		.uleb128 0x2e
 1485 004c 01       		.byte	0x1
 1486 004d 3F       		.uleb128 0x3f
 1487 004e 19       		.uleb128 0x19
 1488 004f 03       		.uleb128 0x3
 1489 0050 0E       		.uleb128 0xe
 1490 0051 3A       		.uleb128 0x3a
 1491 0052 0B       		.uleb128 0xb
 1492 0053 3B       		.uleb128 0x3b
 1493 0054 0B       		.uleb128 0xb
 1494 0055 27       		.uleb128 0x27
 1495 0056 19       		.uleb128 0x19
 1496 0057 11       		.uleb128 0x11
 1497 0058 01       		.uleb128 0x1
 1498 0059 12       		.uleb128 0x12
 1499 005a 06       		.uleb128 0x6
 1500 005b 40       		.uleb128 0x40
 1501 005c 18       		.uleb128 0x18
 1502 005d 9742     		.uleb128 0x2117
 1503 005f 19       		.uleb128 0x19
 1504 0060 01       		.uleb128 0x1
 1505 0061 13       		.uleb128 0x13
 1506 0062 00       		.byte	0
 1507 0063 00       		.byte	0
 1508 0064 08       		.uleb128 0x8
 1509 0065 34       		.uleb128 0x34
 1510 0066 00       		.byte	0
 1511 0067 03       		.uleb128 0x3
 1512 0068 0E       		.uleb128 0xe
 1513 0069 3A       		.uleb128 0x3a
ARM GAS  C:\Users\tkam627\AppData\Local\Temp\ccPe4fWK.s 			page 32


 1514 006a 0B       		.uleb128 0xb
 1515 006b 3B       		.uleb128 0x3b
 1516 006c 0B       		.uleb128 0xb
 1517 006d 49       		.uleb128 0x49
 1518 006e 13       		.uleb128 0x13
 1519 006f 02       		.uleb128 0x2
 1520 0070 17       		.uleb128 0x17
 1521 0071 00       		.byte	0
 1522 0072 00       		.byte	0
 1523 0073 09       		.uleb128 0x9
 1524 0074 34       		.uleb128 0x34
 1525 0075 00       		.byte	0
 1526 0076 03       		.uleb128 0x3
 1527 0077 0E       		.uleb128 0xe
 1528 0078 3A       		.uleb128 0x3a
 1529 0079 0B       		.uleb128 0xb
 1530 007a 3B       		.uleb128 0x3b
 1531 007b 0B       		.uleb128 0xb
 1532 007c 49       		.uleb128 0x49
 1533 007d 13       		.uleb128 0x13
 1534 007e 00       		.byte	0
 1535 007f 00       		.byte	0
 1536 0080 0A       		.uleb128 0xa
 1537 0081 898201   		.uleb128 0x4109
 1538 0084 00       		.byte	0
 1539 0085 11       		.uleb128 0x11
 1540 0086 01       		.uleb128 0x1
 1541 0087 31       		.uleb128 0x31
 1542 0088 13       		.uleb128 0x13
 1543 0089 00       		.byte	0
 1544 008a 00       		.byte	0
 1545 008b 0B       		.uleb128 0xb
 1546 008c 898201   		.uleb128 0x4109
 1547 008f 01       		.byte	0x1
 1548 0090 11       		.uleb128 0x11
 1549 0091 01       		.uleb128 0x1
 1550 0092 31       		.uleb128 0x31
 1551 0093 13       		.uleb128 0x13
 1552 0094 01       		.uleb128 0x1
 1553 0095 13       		.uleb128 0x13
 1554 0096 00       		.byte	0
 1555 0097 00       		.byte	0
 1556 0098 0C       		.uleb128 0xc
 1557 0099 8A8201   		.uleb128 0x410a
 1558 009c 00       		.byte	0
 1559 009d 02       		.uleb128 0x2
 1560 009e 18       		.uleb128 0x18
 1561 009f 9142     		.uleb128 0x2111
 1562 00a1 18       		.uleb128 0x18
 1563 00a2 00       		.byte	0
 1564 00a3 00       		.byte	0
 1565 00a4 0D       		.uleb128 0xd
 1566 00a5 2E       		.uleb128 0x2e
 1567 00a6 01       		.byte	0x1
 1568 00a7 3F       		.uleb128 0x3f
 1569 00a8 19       		.uleb128 0x19
 1570 00a9 03       		.uleb128 0x3
ARM GAS  C:\Users\tkam627\AppData\Local\Temp\ccPe4fWK.s 			page 33


 1571 00aa 0E       		.uleb128 0xe
 1572 00ab 3A       		.uleb128 0x3a
 1573 00ac 0B       		.uleb128 0xb
 1574 00ad 3B       		.uleb128 0x3b
 1575 00ae 0B       		.uleb128 0xb
 1576 00af 11       		.uleb128 0x11
 1577 00b0 01       		.uleb128 0x1
 1578 00b1 12       		.uleb128 0x12
 1579 00b2 06       		.uleb128 0x6
 1580 00b3 40       		.uleb128 0x40
 1581 00b4 18       		.uleb128 0x18
 1582 00b5 9742     		.uleb128 0x2117
 1583 00b7 19       		.uleb128 0x19
 1584 00b8 01       		.uleb128 0x1
 1585 00b9 13       		.uleb128 0x13
 1586 00ba 00       		.byte	0
 1587 00bb 00       		.byte	0
 1588 00bc 0E       		.uleb128 0xe
 1589 00bd 898201   		.uleb128 0x4109
 1590 00c0 01       		.byte	0x1
 1591 00c1 11       		.uleb128 0x11
 1592 00c2 01       		.uleb128 0x1
 1593 00c3 31       		.uleb128 0x31
 1594 00c4 13       		.uleb128 0x13
 1595 00c5 00       		.byte	0
 1596 00c6 00       		.byte	0
 1597 00c7 0F       		.uleb128 0xf
 1598 00c8 2E       		.uleb128 0x2e
 1599 00c9 01       		.byte	0x1
 1600 00ca 3F       		.uleb128 0x3f
 1601 00cb 19       		.uleb128 0x19
 1602 00cc 03       		.uleb128 0x3
 1603 00cd 08       		.uleb128 0x8
 1604 00ce 3A       		.uleb128 0x3a
 1605 00cf 0B       		.uleb128 0xb
 1606 00d0 3B       		.uleb128 0x3b
 1607 00d1 0B       		.uleb128 0xb
 1608 00d2 27       		.uleb128 0x27
 1609 00d3 19       		.uleb128 0x19
 1610 00d4 49       		.uleb128 0x49
 1611 00d5 13       		.uleb128 0x13
 1612 00d6 11       		.uleb128 0x11
 1613 00d7 01       		.uleb128 0x1
 1614 00d8 12       		.uleb128 0x12
 1615 00d9 06       		.uleb128 0x6
 1616 00da 40       		.uleb128 0x40
 1617 00db 18       		.uleb128 0x18
 1618 00dc 9742     		.uleb128 0x2117
 1619 00de 19       		.uleb128 0x19
 1620 00df 01       		.uleb128 0x1
 1621 00e0 13       		.uleb128 0x13
 1622 00e1 00       		.byte	0
 1623 00e2 00       		.byte	0
 1624 00e3 10       		.uleb128 0x10
 1625 00e4 05       		.uleb128 0x5
 1626 00e5 00       		.byte	0
 1627 00e6 03       		.uleb128 0x3
ARM GAS  C:\Users\tkam627\AppData\Local\Temp\ccPe4fWK.s 			page 34


 1628 00e7 0E       		.uleb128 0xe
 1629 00e8 3A       		.uleb128 0x3a
 1630 00e9 0B       		.uleb128 0xb
 1631 00ea 3B       		.uleb128 0x3b
 1632 00eb 0B       		.uleb128 0xb
 1633 00ec 49       		.uleb128 0x49
 1634 00ed 13       		.uleb128 0x13
 1635 00ee 02       		.uleb128 0x2
 1636 00ef 17       		.uleb128 0x17
 1637 00f0 00       		.byte	0
 1638 00f1 00       		.byte	0
 1639 00f2 11       		.uleb128 0x11
 1640 00f3 05       		.uleb128 0x5
 1641 00f4 00       		.byte	0
 1642 00f5 03       		.uleb128 0x3
 1643 00f6 0E       		.uleb128 0xe
 1644 00f7 3A       		.uleb128 0x3a
 1645 00f8 0B       		.uleb128 0xb
 1646 00f9 3B       		.uleb128 0x3b
 1647 00fa 0B       		.uleb128 0xb
 1648 00fb 49       		.uleb128 0x49
 1649 00fc 13       		.uleb128 0x13
 1650 00fd 02       		.uleb128 0x2
 1651 00fe 18       		.uleb128 0x18
 1652 00ff 00       		.byte	0
 1653 0100 00       		.byte	0
 1654 0101 12       		.uleb128 0x12
 1655 0102 0F       		.uleb128 0xf
 1656 0103 00       		.byte	0
 1657 0104 0B       		.uleb128 0xb
 1658 0105 0B       		.uleb128 0xb
 1659 0106 49       		.uleb128 0x49
 1660 0107 13       		.uleb128 0x13
 1661 0108 00       		.byte	0
 1662 0109 00       		.byte	0
 1663 010a 13       		.uleb128 0x13
 1664 010b 2E       		.uleb128 0x2e
 1665 010c 01       		.byte	0x1
 1666 010d 3F       		.uleb128 0x3f
 1667 010e 19       		.uleb128 0x19
 1668 010f 03       		.uleb128 0x3
 1669 0110 0E       		.uleb128 0xe
 1670 0111 3A       		.uleb128 0x3a
 1671 0112 0B       		.uleb128 0xb
 1672 0113 3B       		.uleb128 0x3b
 1673 0114 0B       		.uleb128 0xb
 1674 0115 27       		.uleb128 0x27
 1675 0116 19       		.uleb128 0x19
 1676 0117 49       		.uleb128 0x49
 1677 0118 13       		.uleb128 0x13
 1678 0119 8701     		.uleb128 0x87
 1679 011b 19       		.uleb128 0x19
 1680 011c 11       		.uleb128 0x11
 1681 011d 01       		.uleb128 0x1
 1682 011e 12       		.uleb128 0x12
 1683 011f 06       		.uleb128 0x6
 1684 0120 40       		.uleb128 0x40
ARM GAS  C:\Users\tkam627\AppData\Local\Temp\ccPe4fWK.s 			page 35


 1685 0121 18       		.uleb128 0x18
 1686 0122 9742     		.uleb128 0x2117
 1687 0124 19       		.uleb128 0x19
 1688 0125 01       		.uleb128 0x1
 1689 0126 13       		.uleb128 0x13
 1690 0127 00       		.byte	0
 1691 0128 00       		.byte	0
 1692 0129 14       		.uleb128 0x14
 1693 012a 34       		.uleb128 0x34
 1694 012b 00       		.byte	0
 1695 012c 03       		.uleb128 0x3
 1696 012d 0E       		.uleb128 0xe
 1697 012e 3A       		.uleb128 0x3a
 1698 012f 0B       		.uleb128 0xb
 1699 0130 3B       		.uleb128 0x3b
 1700 0131 0B       		.uleb128 0xb
 1701 0132 49       		.uleb128 0x49
 1702 0133 13       		.uleb128 0x13
 1703 0134 1C       		.uleb128 0x1c
 1704 0135 05       		.uleb128 0x5
 1705 0136 00       		.byte	0
 1706 0137 00       		.byte	0
 1707 0138 15       		.uleb128 0x15
 1708 0139 34       		.uleb128 0x34
 1709 013a 00       		.byte	0
 1710 013b 03       		.uleb128 0x3
 1711 013c 0E       		.uleb128 0xe
 1712 013d 3A       		.uleb128 0x3a
 1713 013e 0B       		.uleb128 0xb
 1714 013f 3B       		.uleb128 0x3b
 1715 0140 0B       		.uleb128 0xb
 1716 0141 49       		.uleb128 0x49
 1717 0142 13       		.uleb128 0x13
 1718 0143 02       		.uleb128 0x2
 1719 0144 18       		.uleb128 0x18
 1720 0145 00       		.byte	0
 1721 0146 00       		.byte	0
 1722 0147 16       		.uleb128 0x16
 1723 0148 0B       		.uleb128 0xb
 1724 0149 01       		.byte	0x1
 1725 014a 11       		.uleb128 0x11
 1726 014b 01       		.uleb128 0x1
 1727 014c 12       		.uleb128 0x12
 1728 014d 06       		.uleb128 0x6
 1729 014e 01       		.uleb128 0x1
 1730 014f 13       		.uleb128 0x13
 1731 0150 00       		.byte	0
 1732 0151 00       		.byte	0
 1733 0152 17       		.uleb128 0x17
 1734 0153 34       		.uleb128 0x34
 1735 0154 00       		.byte	0
 1736 0155 03       		.uleb128 0x3
 1737 0156 08       		.uleb128 0x8
 1738 0157 3A       		.uleb128 0x3a
 1739 0158 0B       		.uleb128 0xb
 1740 0159 3B       		.uleb128 0x3b
 1741 015a 0B       		.uleb128 0xb
ARM GAS  C:\Users\tkam627\AppData\Local\Temp\ccPe4fWK.s 			page 36


 1742 015b 49       		.uleb128 0x49
 1743 015c 13       		.uleb128 0x13
 1744 015d 02       		.uleb128 0x2
 1745 015e 17       		.uleb128 0x17
 1746 015f 00       		.byte	0
 1747 0160 00       		.byte	0
 1748 0161 18       		.uleb128 0x18
 1749 0162 01       		.uleb128 0x1
 1750 0163 01       		.byte	0x1
 1751 0164 49       		.uleb128 0x49
 1752 0165 13       		.uleb128 0x13
 1753 0166 01       		.uleb128 0x1
 1754 0167 13       		.uleb128 0x13
 1755 0168 00       		.byte	0
 1756 0169 00       		.byte	0
 1757 016a 19       		.uleb128 0x19
 1758 016b 21       		.uleb128 0x21
 1759 016c 00       		.byte	0
 1760 016d 49       		.uleb128 0x49
 1761 016e 13       		.uleb128 0x13
 1762 016f 2F       		.uleb128 0x2f
 1763 0170 0B       		.uleb128 0xb
 1764 0171 00       		.byte	0
 1765 0172 00       		.byte	0
 1766 0173 1A       		.uleb128 0x1a
 1767 0174 34       		.uleb128 0x34
 1768 0175 00       		.byte	0
 1769 0176 03       		.uleb128 0x3
 1770 0177 0E       		.uleb128 0xe
 1771 0178 3A       		.uleb128 0x3a
 1772 0179 0B       		.uleb128 0xb
 1773 017a 3B       		.uleb128 0x3b
 1774 017b 05       		.uleb128 0x5
 1775 017c 49       		.uleb128 0x49
 1776 017d 13       		.uleb128 0x13
 1777 017e 3F       		.uleb128 0x3f
 1778 017f 19       		.uleb128 0x19
 1779 0180 3C       		.uleb128 0x3c
 1780 0181 19       		.uleb128 0x19
 1781 0182 00       		.byte	0
 1782 0183 00       		.byte	0
 1783 0184 1B       		.uleb128 0x1b
 1784 0185 34       		.uleb128 0x34
 1785 0186 00       		.byte	0
 1786 0187 03       		.uleb128 0x3
 1787 0188 0E       		.uleb128 0xe
 1788 0189 3A       		.uleb128 0x3a
 1789 018a 0B       		.uleb128 0xb
 1790 018b 3B       		.uleb128 0x3b
 1791 018c 0B       		.uleb128 0xb
 1792 018d 49       		.uleb128 0x49
 1793 018e 13       		.uleb128 0x13
 1794 018f 3F       		.uleb128 0x3f
 1795 0190 19       		.uleb128 0x19
 1796 0191 02       		.uleb128 0x2
 1797 0192 18       		.uleb128 0x18
 1798 0193 00       		.byte	0
ARM GAS  C:\Users\tkam627\AppData\Local\Temp\ccPe4fWK.s 			page 37


 1799 0194 00       		.byte	0
 1800 0195 1C       		.uleb128 0x1c
 1801 0196 2E       		.uleb128 0x2e
 1802 0197 00       		.byte	0
 1803 0198 3F       		.uleb128 0x3f
 1804 0199 19       		.uleb128 0x19
 1805 019a 3C       		.uleb128 0x3c
 1806 019b 19       		.uleb128 0x19
 1807 019c 6E       		.uleb128 0x6e
 1808 019d 0E       		.uleb128 0xe
 1809 019e 03       		.uleb128 0x3
 1810 019f 0E       		.uleb128 0xe
 1811 01a0 3A       		.uleb128 0x3a
 1812 01a1 0B       		.uleb128 0xb
 1813 01a2 3B       		.uleb128 0x3b
 1814 01a3 0B       		.uleb128 0xb
 1815 01a4 00       		.byte	0
 1816 01a5 00       		.byte	0
 1817 01a6 1D       		.uleb128 0x1d
 1818 01a7 2E       		.uleb128 0x2e
 1819 01a8 00       		.byte	0
 1820 01a9 3F       		.uleb128 0x3f
 1821 01aa 19       		.uleb128 0x19
 1822 01ab 3C       		.uleb128 0x3c
 1823 01ac 19       		.uleb128 0x19
 1824 01ad 6E       		.uleb128 0x6e
 1825 01ae 0E       		.uleb128 0xe
 1826 01af 03       		.uleb128 0x3
 1827 01b0 0E       		.uleb128 0xe
 1828 01b1 3A       		.uleb128 0x3a
 1829 01b2 0B       		.uleb128 0xb
 1830 01b3 3B       		.uleb128 0x3b
 1831 01b4 0B       		.uleb128 0xb
 1832 01b5 6E       		.uleb128 0x6e
 1833 01b6 0E       		.uleb128 0xe
 1834 01b7 00       		.byte	0
 1835 01b8 00       		.byte	0
 1836 01b9 00       		.byte	0
 1837              		.section	.debug_loc,"",%progbits
 1838              	.Ldebug_loc0:
 1839              	.LLST0:
 1840 0000 06000000 		.4byte	.LVL0
 1841 0004 1C000000 		.4byte	.LVL1
 1842 0008 0100     		.2byte	0x1
 1843 000a 53       		.byte	0x53
 1844 000b 00000000 		.4byte	0
 1845 000f 00000000 		.4byte	0
 1846              	.LLST1:
 1847 0013 00000000 		.4byte	.LVL13
 1848 0017 38000000 		.4byte	.LVL16
 1849 001b 0100     		.2byte	0x1
 1850 001d 50       		.byte	0x50
 1851 001e 38000000 		.4byte	.LVL16
 1852 0022 48000000 		.4byte	.LFE70
 1853 0026 0400     		.2byte	0x4
 1854 0028 F3       		.byte	0xf3
 1855 0029 01       		.uleb128 0x1
ARM GAS  C:\Users\tkam627\AppData\Local\Temp\ccPe4fWK.s 			page 38


 1856 002a 50       		.byte	0x50
 1857 002b 9F       		.byte	0x9f
 1858 002c 00000000 		.4byte	0
 1859 0030 00000000 		.4byte	0
 1860              	.LLST2:
 1861 0034 00000000 		.4byte	.LVL13
 1862 0038 16000000 		.4byte	.LVL14
 1863 003c 0100     		.2byte	0x1
 1864 003e 51       		.byte	0x51
 1865 003f 16000000 		.4byte	.LVL14
 1866 0043 48000000 		.4byte	.LFE70
 1867 0047 0400     		.2byte	0x4
 1868 0049 F3       		.byte	0xf3
 1869 004a 01       		.uleb128 0x1
 1870 004b 51       		.byte	0x51
 1871 004c 9F       		.byte	0x9f
 1872 004d 00000000 		.4byte	0
 1873 0051 00000000 		.4byte	0
 1874              	.LLST3:
 1875 0055 00000000 		.4byte	.LVL13
 1876 0059 18000000 		.4byte	.LVL15
 1877 005d 0100     		.2byte	0x1
 1878 005f 53       		.byte	0x53
 1879 0060 18000000 		.4byte	.LVL15
 1880 0064 48000000 		.4byte	.LFE70
 1881 0068 0400     		.2byte	0x4
 1882 006a F3       		.byte	0xf3
 1883 006b 01       		.uleb128 0x1
 1884 006c 53       		.byte	0x53
 1885 006d 9F       		.byte	0x9f
 1886 006e 00000000 		.4byte	0
 1887 0072 00000000 		.4byte	0
 1888              	.LLST4:
 1889 0076 34000000 		.4byte	.LVL25
 1890 007a 78000000 		.4byte	.LVL32
 1891 007e 0200     		.2byte	0x2
 1892 0080 30       		.byte	0x30
 1893 0081 9F       		.byte	0x9f
 1894 0082 7C000000 		.4byte	.LVL33
 1895 0086 84000000 		.4byte	.LVL34
 1896 008a 0100     		.2byte	0x1
 1897 008c 50       		.byte	0x50
 1898 008d C8000000 		.4byte	.LVL42
 1899 0091 F4000000 		.4byte	.LVL43
 1900 0095 0100     		.2byte	0x1
 1901 0097 50       		.byte	0x50
 1902 0098 F4000000 		.4byte	.LVL43
 1903 009c E4010000 		.4byte	.LFE66
 1904 00a0 0100     		.2byte	0x1
 1905 00a2 59       		.byte	0x59
 1906 00a3 00000000 		.4byte	0
 1907 00a7 00000000 		.4byte	0
 1908              	.LLST5:
 1909 00ab 34000000 		.4byte	.LVL25
 1910 00af C2000000 		.4byte	.LVL40
 1911 00b3 0200     		.2byte	0x2
 1912 00b5 30       		.byte	0x30
ARM GAS  C:\Users\tkam627\AppData\Local\Temp\ccPe4fWK.s 			page 39


 1913 00b6 9F       		.byte	0x9f
 1914 00b7 C2000000 		.4byte	.LVL40
 1915 00bb 38010000 		.4byte	.LVL53
 1916 00bf 0100     		.2byte	0x1
 1917 00c1 56       		.byte	0x56
 1918 00c2 38010000 		.4byte	.LVL53
 1919 00c6 60010000 		.4byte	.LVL57
 1920 00ca 0100     		.2byte	0x1
 1921 00cc 50       		.byte	0x50
 1922 00cd 00000000 		.4byte	0
 1923 00d1 00000000 		.4byte	0
 1924              	.LLST6:
 1925 00d5 34000000 		.4byte	.LVL25
 1926 00d9 C2000000 		.4byte	.LVL40
 1927 00dd 0200     		.2byte	0x2
 1928 00df 30       		.byte	0x30
 1929 00e0 9F       		.byte	0x9f
 1930 00e1 C2000000 		.4byte	.LVL40
 1931 00e5 28010000 		.4byte	.LVL50
 1932 00e9 0100     		.2byte	0x1
 1933 00eb 57       		.byte	0x57
 1934 00ec 2A010000 		.4byte	.LVL51
 1935 00f0 E4010000 		.4byte	.LFE66
 1936 00f4 0100     		.2byte	0x1
 1937 00f6 57       		.byte	0x57
 1938 00f7 00000000 		.4byte	0
 1939 00fb 00000000 		.4byte	0
 1940              	.LLST7:
 1941 00ff 48000000 		.4byte	.LVL26
 1942 0103 78000000 		.4byte	.LVL32
 1943 0107 0200     		.2byte	0x2
 1944 0109 30       		.byte	0x30
 1945 010a 9F       		.byte	0x9f
 1946 010b 78000000 		.4byte	.LVL32
 1947 010f A0000000 		.4byte	.LVL35
 1948 0113 0100     		.2byte	0x1
 1949 0115 54       		.byte	0x54
 1950 0116 B2000000 		.4byte	.LVL36
 1951 011a E4010000 		.4byte	.LFE66
 1952 011e 0100     		.2byte	0x1
 1953 0120 54       		.byte	0x54
 1954 0121 00000000 		.4byte	0
 1955 0125 00000000 		.4byte	0
 1956              	.LLST8:
 1957 0129 48000000 		.4byte	.LVL26
 1958 012d C2000000 		.4byte	.LVL40
 1959 0131 0200     		.2byte	0x2
 1960 0133 30       		.byte	0x30
 1961 0134 9F       		.byte	0x9f
 1962 0135 C2000000 		.4byte	.LVL40
 1963 0139 4E010000 		.4byte	.LVL54
 1964 013d 0100     		.2byte	0x1
 1965 013f 55       		.byte	0x55
 1966 0140 5A010000 		.4byte	.LVL55
 1967 0144 E4010000 		.4byte	.LFE66
 1968 0148 0100     		.2byte	0x1
 1969 014a 55       		.byte	0x55
ARM GAS  C:\Users\tkam627\AppData\Local\Temp\ccPe4fWK.s 			page 40


 1970 014b 00000000 		.4byte	0
 1971 014f 00000000 		.4byte	0
 1972              	.LLST9:
 1973 0153 78000000 		.4byte	.LVL32
 1974 0157 BE000000 		.4byte	.LVL39
 1975 015b 0100     		.2byte	0x1
 1976 015d 55       		.byte	0x55
 1977 015e 00000000 		.4byte	0
 1978 0162 00000000 		.4byte	0
 1979              		.section	.debug_aranges,"",%progbits
 1980 0000 4C000000 		.4byte	0x4c
 1981 0004 0200     		.2byte	0x2
 1982 0006 00000000 		.4byte	.Ldebug_info0
 1983 000a 04       		.byte	0x4
 1984 000b 00       		.byte	0
 1985 000c 0000     		.2byte	0
 1986 000e 0000     		.2byte	0
 1987 0010 00000000 		.4byte	.LFB64
 1988 0014 38000000 		.4byte	.LFE64-.LFB64
 1989 0018 00000000 		.4byte	.LFB65
 1990 001c 30000000 		.4byte	.LFE65-.LFB65
 1991 0020 00000000 		.4byte	.LFB67
 1992 0024 10000000 		.4byte	.LFE67-.LFB67
 1993 0028 00000000 		.4byte	.LFB68
 1994 002c 10000000 		.4byte	.LFE68-.LFB68
 1995 0030 00000000 		.4byte	.LFB69
 1996 0034 10000000 		.4byte	.LFE69-.LFB69
 1997 0038 00000000 		.4byte	.LFB70
 1998 003c 48000000 		.4byte	.LFE70-.LFB70
 1999 0040 00000000 		.4byte	.LFB66
 2000 0044 E4010000 		.4byte	.LFE66-.LFB66
 2001 0048 00000000 		.4byte	0
 2002 004c 00000000 		.4byte	0
 2003              		.section	.debug_ranges,"",%progbits
 2004              	.Ldebug_ranges0:
 2005 0000 00000000 		.4byte	.LFB64
 2006 0004 38000000 		.4byte	.LFE64
 2007 0008 00000000 		.4byte	.LFB65
 2008 000c 30000000 		.4byte	.LFE65
 2009 0010 00000000 		.4byte	.LFB67
 2010 0014 10000000 		.4byte	.LFE67
 2011 0018 00000000 		.4byte	.LFB68
 2012 001c 10000000 		.4byte	.LFE68
 2013 0020 00000000 		.4byte	.LFB69
 2014 0024 10000000 		.4byte	.LFE69
 2015 0028 00000000 		.4byte	.LFB70
 2016 002c 48000000 		.4byte	.LFE70
 2017 0030 00000000 		.4byte	.LFB66
 2018 0034 E4010000 		.4byte	.LFE66
 2019 0038 00000000 		.4byte	0
 2020 003c 00000000 		.4byte	0
 2021              		.section	.debug_line,"",%progbits
 2022              	.Ldebug_line0:
 2023 0000 36030000 		.section	.debug_str,"MS",%progbits,1
 2023      02005702 
 2023      00000201 
 2023      FB0E0D00 
ARM GAS  C:\Users\tkam627\AppData\Local\Temp\ccPe4fWK.s 			page 41


 2023      01010101 
 2024              	.LASF3:
 2025 0000 5F5F696E 		.ascii	"__int16_t\000"
 2025      7431365F 
 2025      7400
 2026              	.LASF25:
 2027 000a 72657472 		.ascii	"retract\000"
 2027      61637400 
 2028              	.LASF41:
 2029 0012 4C45445F 		.ascii	"LED_Write\000"
 2029      57726974 
 2029      6500
 2030              	.LASF32:
 2031 001c 74617267 		.ascii	"target\000"
 2031      657400
 2032              	.LASF4:
 2033 0023 73686F72 		.ascii	"short int\000"
 2033      7420696E 
 2033      7400
 2034              	.LASF43:
 2035 002d 4D355F49 		.ascii	"M5_IN1_Write\000"
 2035      4E315F57 
 2035      72697465 
 2035      00
 2036              	.LASF21:
 2037 003a 73697A65 		.ascii	"sizetype\000"
 2037      74797065 
 2037      00
 2038              	.LASF62:
 2039 0043 70757463 		.ascii	"putchar\000"
 2039      68617200 
 2040              	.LASF61:
 2041 004b 6D61696E 		.ascii	"main\000"
 2041      00
 2042              	.LASF27:
 2043 0050 6572726F 		.ascii	"errors\000"
 2043      727300
 2044              	.LASF50:
 2045 0057 6973725F 		.ascii	"isr_rx_StartEx\000"
 2045      72785F53 
 2045      74617274 
 2045      457800
 2046              	.LASF12:
 2047 0066 75696E74 		.ascii	"uint8_t\000"
 2047      385F7400 
 2048              	.LASF15:
 2049 006e 75696E74 		.ascii	"uint8\000"
 2049      3800
 2050              	.LASF37:
 2051 0074 6572726F 		.ascii	"errorStatus\000"
 2051      72537461 
 2051      74757300 
 2052              	.LASF52:
 2053 0080 50574D33 		.ascii	"PWM3_Start\000"
 2053      5F537461 
 2053      727400
 2054              	.LASF16:
ARM GAS  C:\Users\tkam627\AppData\Local\Temp\ccPe4fWK.s 			page 42


 2055 008b 666C6F61 		.ascii	"float\000"
 2055      7400
 2056              	.LASF54:
 2057 0091 414D7578 		.ascii	"AMux_Select\000"
 2057      5F53656C 
 2057      65637400 
 2058              	.LASF9:
 2059 009d 6C6F6E67 		.ascii	"long long int\000"
 2059      206C6F6E 
 2059      6720696E 
 2059      7400
 2060              	.LASF7:
 2061 00ab 6C6F6E67 		.ascii	"long int\000"
 2061      20696E74 
 2061      00
 2062              	.LASF56:
 2063 00b4 7072696E 		.ascii	"printf\000"
 2063      746600
 2064              	.LASF38:
 2065 00bb 62757474 		.ascii	"button\000"
 2065      6F6E00
 2066              	.LASF28:
 2067 00c2 696E7465 		.ascii	"integral\000"
 2067      6772616C 
 2067      00
 2068              	.LASF2:
 2069 00cb 5F5F7569 		.ascii	"__uint8_t\000"
 2069      6E74385F 
 2069      7400
 2070              	.LASF23:
 2071 00d5 53575069 		.ascii	"SWPin_Control\000"
 2071      6E5F436F 
 2071      6E74726F 
 2071      6C00
 2072              	.LASF29:
 2073 00e3 70617261 		.ascii	"params\000"
 2073      6D7300
 2074              	.LASF51:
 2075 00ea 496E7075 		.ascii	"InputInterrupt_StartEx\000"
 2075      74496E74 
 2075      65727275 
 2075      70745F53 
 2075      74617274 
 2076              	.LASF20:
 2077 0101 6C6F6E67 		.ascii	"long double\000"
 2077      20646F75 
 2077      626C6500 
 2078              	.LASF31:
 2079 010d 72785374 		.ascii	"rxStatus\000"
 2079      61747573 
 2079      00
 2080              	.LASF1:
 2081 0116 756E7369 		.ascii	"unsigned char\000"
 2081      676E6564 
 2081      20636861 
 2081      7200
 2082              	.LASF30:
ARM GAS  C:\Users\tkam627\AppData\Local\Temp\ccPe4fWK.s 			page 43


 2083 0124 636F756E 		.ascii	"counter\000"
 2083      74657200 
 2084              	.LASF0:
 2085 012c 7369676E 		.ascii	"signed char\000"
 2085      65642063 
 2085      68617200 
 2086              	.LASF10:
 2087 0138 6C6F6E67 		.ascii	"long long unsigned int\000"
 2087      206C6F6E 
 2087      6720756E 
 2087      7369676E 
 2087      65642069 
 2088              	.LASF11:
 2089 014f 756E7369 		.ascii	"unsigned int\000"
 2089      676E6564 
 2089      20696E74 
 2089      00
 2090              	.LASF35:
 2091 015c 73706565 		.ascii	"speed\000"
 2091      6400
 2092              	.LASF22:
 2093 0162 52784973 		.ascii	"RxIsr\000"
 2093      7200
 2094              	.LASF40:
 2095 0168 496E7075 		.ascii	"InputPin_Read\000"
 2095      7450696E 
 2095      5F526561 
 2095      6400
 2096              	.LASF55:
 2097 0176 4144435F 		.ascii	"ADC_DelSig_1_StartConvert\000"
 2097      44656C53 
 2097      69675F31 
 2097      5F537461 
 2097      7274436F 
 2098              	.LASF48:
 2099 0190 414D7578 		.ascii	"AMux_Start\000"
 2099      5F537461 
 2099      727400
 2100              	.LASF49:
 2101 019b 4144435F 		.ascii	"ADC_DelSig_1_Start\000"
 2101      44656C53 
 2101      69675F31 
 2101      5F537461 
 2101      727400
 2102              	.LASF26:
 2103 01ae 73746F70 		.ascii	"stop\000"
 2103      00
 2104              	.LASF18:
 2105 01b3 63686172 		.ascii	"char\000"
 2105      00
 2106              	.LASF44:
 2107 01b8 4D355F49 		.ascii	"M5_IN2_Write\000"
 2107      4E325F57 
 2107      72697465 
 2107      00
 2108              	.LASF47:
 2109 01c5 55415254 		.ascii	"UART_Start\000"
ARM GAS  C:\Users\tkam627\AppData\Local\Temp\ccPe4fWK.s 			page 44


 2109      5F537461 
 2109      727400
 2110              	.LASF14:
 2111 01d0 696E7433 		.ascii	"int32_t\000"
 2111      325F7400 
 2112              	.LASF5:
 2113 01d8 73686F72 		.ascii	"short unsigned int\000"
 2113      7420756E 
 2113      7369676E 
 2113      65642069 
 2113      6E7400
 2114              	.LASF13:
 2115 01eb 696E7431 		.ascii	"int16_t\000"
 2115      365F7400 
 2116              	.LASF39:
 2117 01f3 5F426F6F 		.ascii	"_Bool\000"
 2117      6C00
 2118              	.LASF63:
 2119 01f9 5F5F6275 		.ascii	"__builtin_putchar\000"
 2119      696C7469 
 2119      6E5F7075 
 2119      74636861 
 2119      7200
 2120              	.LASF59:
 2121 020b 5C5C6669 		.ascii	"\\\\files.auckland.ac.nz\\myhome\\Documents\\PSoC C"
 2121      6C65732E 
 2121      6175636B 
 2121      6C616E64 
 2121      2E61632E 
 2122 0239 72656174 		.ascii	"reator\\Digital_Pins01\\mother.cydsn\000"
 2122      6F725C44 
 2122      69676974 
 2122      616C5F50 
 2122      696E7330 
 2123              	.LASF58:
 2124 025c 6D61696E 		.ascii	"main.c\000"
 2124      2E6300
 2125              	.LASF19:
 2126 0263 72656738 		.ascii	"reg8\000"
 2126      00
 2127              	.LASF8:
 2128 0268 6C6F6E67 		.ascii	"long unsigned int\000"
 2128      20756E73 
 2128      69676E65 
 2128      6420696E 
 2128      7400
 2129              	.LASF17:
 2130 027a 646F7562 		.ascii	"double\000"
 2130      6C6500
 2131              	.LASF45:
 2132 0281 4144435F 		.ascii	"ADC_DelSig_1_GetResult32\000"
 2132      44656C53 
 2132      69675F31 
 2132      5F476574 
 2132      52657375 
 2133              	.LASF42:
 2134 029a 496E7075 		.ascii	"InputPin_ClearInterrupt\000"
ARM GAS  C:\Users\tkam627\AppData\Local\Temp\ccPe4fWK.s 			page 45


 2134      7450696E 
 2134      5F436C65 
 2134      6172496E 
 2134      74657272 
 2135              	.LASF6:
 2136 02b2 5F5F696E 		.ascii	"__int32_t\000"
 2136      7433325F 
 2136      7400
 2137              	.LASF24:
 2138 02bc 65787465 		.ascii	"extend\000"
 2138      6E6400
 2139              	.LASF60:
 2140 02c3 72784461 		.ascii	"rxData\000"
 2140      746100
 2141              	.LASF33:
 2142 02ca 6F757470 		.ascii	"output\000"
 2142      757400
 2143              	.LASF36:
 2144 02d1 49544D5F 		.ascii	"ITM_RxBuffer\000"
 2144      52784275 
 2144      66666572 
 2144      00
 2145              	.LASF57:
 2146 02de 474E5520 		.ascii	"GNU C11 5.4.1 20160609 (release) [ARM/embedded-5-br"
 2146      43313120 
 2146      352E342E 
 2146      31203230 
 2146      31363036 
 2147 0311 616E6368 		.ascii	"anch revision 237715] -mcpu=cortex-m3 -mthumb -g -O"
 2147      20726576 
 2147      6973696F 
 2147      6E203233 
 2147      37373135 
 2148 0344 67202D66 		.ascii	"g -ffunction-sections -ffat-lto-objects\000"
 2148      66756E63 
 2148      74696F6E 
 2148      2D736563 
 2148      74696F6E 
 2149              	.LASF46:
 2150 036c 43794465 		.ascii	"CyDelay\000"
 2150      6C617900 
 2151              	.LASF34:
 2152 0374 5049445F 		.ascii	"PID_output\000"
 2152      6F757470 
 2152      757400
 2153              	.LASF53:
 2154 037f 50574D33 		.ascii	"PWM3_WriteCompare1\000"
 2154      5F577269 
 2154      7465436F 
 2154      6D706172 
 2154      653100
 2155              		.ident	"GCC: (GNU Tools for ARM Embedded Processors) 5.4.1 20160609 (release) [ARM/embedded-5-bran
